
     ------------------------------------------------------------------
                           Program EXCHANGES                           
      for calculation of exchange parameters of the Heisenberg model.  

     Please cite "D. M. Korotin et al., Phys. Rev. B 91, 224405 (2015)"
         in publications or presentations arising from this work.      
     ------------------------------------------------------------------

        We are using the model with the exchange term defined as:      

                        H = \sum_ij J_{ij} e_i e_j,                    

      where e_i,j are unit vectors and sum runs once over ions pairs   

     ------------------------------------------------------------------


     Running in   1 threads

     Parameters of integration contour:
     emin = -30.000  emax =  0.000  height = 0.010 (eV)
     nz1 =  150  nz2 = 3000  nz3 =  150

     Cell constant (alat) 10.051688002 Bohr
     Cell vectors (rows):
         1.00000  0.00000  0.00000
         0.00000  1.05616  0.00000
         0.00000  0.00000  1.44172
     Atoms of the initial cell:
       Y     0.01839  0.98610  0.36043
       Y     0.51839  0.59814  1.08129
       Y     0.48118  0.45776  0.36043
       Y     0.98118  0.07032  1.08129
       Cr1   0.00075  0.52780  0.00044
       Cr2   0.50076  0.00028  1.44128
       Cr1   0.50076  0.00028  0.72130
       Cr2   0.00075  0.52780  0.72042
       O     0.69307  0.31992  1.36016
       O     0.19307  0.20816  0.08156
       O     0.80544  0.84584  0.80491
       O     0.30545  0.73840  0.63682
       O     0.30545  0.73840  0.08404
       O     0.80545  0.84584  1.35768
       O     0.19307  0.20816  0.63930
       O     0.69307  0.31992  0.80242
       O     0.11187  0.48355  1.08129
       O     0.61188  0.04453  0.36043
       O     0.38856  1.01270  1.08129
       O     0.88855  0.57154  0.36043

     We have the following basis for the hamiltonian and the green function:
      56 orbitals grouped in 16 blocks:
     Cr1 (atom  5):   5 d-orbitals (3z^2-1     xz         yz         x^2-y^2    xy         )
     Cr2 (atom  6):   5 d-orbitals (3z^2-1     xz         yz         x^2-y^2    xy         )
     Cr1 (atom  7):   5 d-orbitals (3z^2-1     xz         yz         x^2-y^2    xy         )
     Cr2 (atom  8):   5 d-orbitals (3z^2-1     xz         yz         x^2-y^2    xy         )
       O (atom  9):   3 p-orbitals (z          x          y          )
       O (atom 10):   3 p-orbitals (z          x          y          )
       O (atom 11):   3 p-orbitals (z          x          y          )
       O (atom 12):   3 p-orbitals (z          x          y          )
       O (atom 13):   3 p-orbitals (z          x          y          )
       O (atom 14):   3 p-orbitals (z          x          y          )
       O (atom 15):   3 p-orbitals (z          x          y          )
       O (atom 16):   3 p-orbitals (z          x          y          )
       O (atom 17):   3 p-orbitals (z          x          y          )
       O (atom 18):   3 p-orbitals (z          x          y          )
       O (atom 19):   3 p-orbitals (z          x          y          )
       O (atom 20):   3 p-orbitals (z          x          y          )

     We will consider   11 atoms: 
      1: Cr1   0.00075  0.52780  0.00044   ( distance =  0.00000 alat )
      2: Cr2   0.00075  0.52780  0.72042   ( distance =  0.71998 alat )
      3: Cr2   0.00075  0.52780 -0.72130   ( distance =  0.72174 alat )
      4: Cr2  -0.49924  0.00028 -0.00044   ( distance =  0.72682 alat )
      5: Cr2   0.50076  0.00028 -0.00044   ( distance =  0.72683 alat )
      6: Cr2  -0.49924  1.05644 -0.00044   ( distance =  0.72763 alat )
      7: Cr2   0.50076  1.05644 -0.00044   ( distance =  0.72765 alat )
      8: Cr1  -0.99925  0.52780  0.00044   ( distance =  1.00000 alat )
      9: Cr1   1.00075  0.52780  0.00044   ( distance =  1.00000 alat )
     10: Cr2   0.50076  0.00028  1.44128   ( distance =  1.61379 alat )
     11: Cr1   0.50076  0.00028  0.72130   ( distance =  1.02368 alat )

     Exchange interaction between atoms   1 and  2:  -1.739 meV =   -20 K (distance: 0.720)

       Orbital exchange interaction matrix J_{i,j,m,n} (in K and meV)
          27   27   -6   10   -2          2.40685  2.35320 -0.53753  0.89046 -0.21846
         -35  -10  -21   -2  -10         -3.02418 -0.91580 -1.85234 -0.20389 -0.87901
          34   -6  -26  -11  -10          2.97644 -0.56773 -2.30566 -0.98668 -0.88476
         -22   -9   -8   -7   -1         -1.92564 -0.83744 -0.70409 -0.68713 -0.09272
          19    2   -4    0   -2          1.68987  0.20444 -0.40767  0.01605 -0.23715

     Exchange interaction between atoms   1 and  3:  -2.050 meV =   -23 K (distance: 0.722)

       Orbital exchange interaction matrix J_{i,j,m,n} (in K and meV)
          26   27   -5   10   -2          2.25259  2.35552 -0.45806  0.92510 -0.20954
         -34  -12  -21   -4  -10         -2.98823 -1.08670 -1.87094 -0.35815 -0.91740
          33   -7  -26  -12  -10          2.86456 -0.65670 -2.26878 -1.04270 -0.89064
         -21  -10   -9   -8   -1         -1.85886 -0.90962 -0.78271 -0.72175 -0.12389
          18    2   -4    0   -2          1.59220  0.19925 -0.37256  0.00472 -0.22560

     Exchange interaction between atoms   1 and  4:  -2.689 meV =   -31 K (distance: 0.727)

       Orbital exchange interaction matrix J_{i,j,m,n} (in K and meV)
           6   22   14   -5  -22          0.60161  1.92963  1.21094 -0.51694 -1.94905
         -17  -22  -24   -8   56         -1.54976 -1.93705 -2.12735 -0.74681  4.86372
          -1  -11  -14  -11   24         -0.12633 -0.96372 -1.27113 -0.99467  2.08997
          35  -12  -11  -24  -31          3.04974 -1.10619 -1.02380 -2.07316 -2.73819
         -13  -21   -7   23   23         -1.16902 -1.81061 -0.67706  2.00090  1.99086

     Exchange interaction between atoms   1 and  5:  -2.687 meV =   -31 K (distance: 0.727)

       Orbital exchange interaction matrix J_{i,j,m,n} (in K and meV)
           9   15  -25    7   25          0.79907  1.33388 -2.16986  0.66358  2.15477
           0  -14   13   16  -23         -0.06099 -1.25474  1.14479  1.40754 -2.01731
          24   20  -26    5   57          2.08087  1.78442 -2.24295  0.43089  4.98942
         -32   11  -11  -29  -25         -2.79017  0.95293 -0.96264 -2.54025 -2.22044
          21   10  -27   32   29          1.88918  0.92250 -2.39158  2.78302  2.55163

     Exchange interaction between atoms   1 and  6:  -2.713 meV =   -31 K (distance: 0.728)

       Orbital exchange interaction matrix J_{i,j,m,n} (in K and meV)
          10   15  -24    8   26          0.86248  1.34525 -2.11193  0.71508  2.25415
          -1  -14   11   16  -25         -0.15509 -1.25733  1.00093  1.39161 -2.15809
          26   19  -23    9   59          2.31224  1.66488 -2.01197  0.80199  5.10161
         -31   12   -9  -32  -21         -2.70346  1.04815 -0.83085 -2.77385 -1.89514
          21   10  -28   33   28          1.88762  0.89901 -2.44693  2.91229  2.46783

     Exchange interaction between atoms   1 and  7:  -2.711 meV =   -31 K (distance: 0.728)

       Orbital exchange interaction matrix J_{i,j,m,n} (in K and meV)
           8   21   13   -6  -23          0.69217  1.86783  1.17042 -0.56366 -2.02172
         -21  -19  -22   -5   58         -1.87446 -1.71521 -1.93620 -0.48530  5.04882
          -3   -9  -14  -11   26         -0.31509 -0.85064 -1.23870 -0.97710  2.30983
          33  -12  -13  -27  -27          2.91584 -1.08864 -1.19354 -2.40666 -2.37490
         -13  -21   -7   23   22         -1.12203 -1.83082 -0.67600  2.05194  1.95763

     Exchange interaction between atoms   1 and  8:  -0.035 meV =     0 K (distance: 1.000)

       Orbital exchange interaction matrix J_{i,j,m,n} (in K and meV)
           0    0    0    0    0         -0.06991 -0.05780  0.00346  0.01666  0.06146
           0    0    0    0    0          0.04229  0.06261 -0.02861  0.00758 -0.05453
           0    0    0    0    0          0.02711 -0.04850 -0.03621 -0.05448 -0.00211
           0    0    0    0    0         -0.02433 -0.01431 -0.05647  0.02257  0.02607
           0    0    0    0    0          0.01429  0.01179 -0.01373  0.04259 -0.01413

     Exchange interaction between atoms   1 and  9:  -0.035 meV =     0 K (distance: 1.000)

       Orbital exchange interaction matrix J_{i,j,m,n} (in K and meV)
           0    0    0    0    0         -0.06413 -0.06034 -0.00101  0.02016  0.06536
           0    0    0    0    0          0.02812  0.07689 -0.02894  0.00880 -0.05556
           0    0    0    0    0          0.01784 -0.05358 -0.04714 -0.03821  0.00874
           0    0    0    0    0         -0.03347 -0.01280 -0.05176  0.02132  0.03914
           0    0    0    0    0          0.01794  0.01263 -0.01736  0.04147 -0.02201

     Exchange interaction between atoms   1 and 10:  -0.004 meV =     0 K (distance: 1.614)

       Orbital exchange interaction matrix J_{i,j,m,n} (in K and meV)
           0    0    0    0    0         -0.00228 -0.00238 -0.01265 -0.00774  0.00054
           0    0    0    0    0          0.00758  0.00454  0.01889  0.01131 -0.00483
           0    0    0    0    0          0.01288  0.00727  0.00909 -0.00361  0.00816
           0    0    0    0    0          0.02764 -0.02555  0.03075 -0.01180  0.01325
           0    0    0    0    0          0.00075  0.01681  0.00635 -0.00173 -0.00382

     Exchange interaction between atoms   1 and 11:  -0.031 meV =     0 K (distance: 1.024)

       Orbital exchange interaction matrix J_{i,j,m,n} (in K and meV)
          -1    0    1    0    0         -0.08845 -0.07092  0.10407 -0.02188 -0.08415
           0    0   -1    0    1          0.05199  0.07196 -0.15158  0.02564  0.08919
           0    0    0    0    0         -0.04379 -0.06038  0.07561 -0.00844 -0.03966
          -1    0    0    0   -1         -0.10070 -0.05495  0.07588 -0.03915 -0.09342
           0    0    0    0    0         -0.03706 -0.04669  0.04651  0.00396 -0.05133

     Exchange interaction between atoms   2 and  3:  -0.188 meV =    -2 K (distance: 1.442)

       Orbital exchange interaction matrix J_{i,j,m,n} (in K and meV)
          -1    0    0    0    0         -0.15702  0.07203 -0.03052 -0.03291  0.01481
           0    0    0    0    0         -0.06191 -0.02916  0.01689 -0.02072  0.00998
           0    0    0    0    0          0.04734 -0.02257  0.00432  0.02752  0.03798
           0    0    0    0    0          0.00994  0.00127  0.02444  0.00721  0.01073
           0    0    0    0    0         -0.01567  0.00224 -0.00196 -0.00741 -0.01340

     Exchange interaction between atoms   2 and  4:  -0.075 meV =     0 K (distance: 1.024)

       Orbital exchange interaction matrix J_{i,j,m,n} (in K and meV)
           0    0    0    0    0         -0.06038  0.01095 -0.05214 -0.00300 -0.03912
           1    0    0    0    0          0.10504 -0.01672  0.07424 -0.08466  0.04063
           0    0    0    0    1          0.06132  0.04715  0.02691 -0.02400  0.10633
           0    0    0    0    0         -0.05251 -0.01336 -0.00407  0.01019 -0.03284
           0    0    0    0    0         -0.00917 -0.02025 -0.02004  0.01480 -0.03548

     Exchange interaction between atoms   2 and  5:  -0.031 meV =     0 K (distance: 1.024)

       Orbital exchange interaction matrix J_{i,j,m,n} (in K and meV)
           0    0    0    0    0         -0.04996  0.02620 -0.01587 -0.03848 -0.02460
           0    0    0    0    0          0.04177  0.04068 -0.01981  0.04144  0.07862
           0   -1    0    0   -1         -0.07092 -0.11866  0.03723 -0.06981 -0.09096
           0    0    0    0    0          0.01536  0.00754  0.00277  0.00990  0.05092
           0    0    0    0    0         -0.04394  0.00017 -0.01431 -0.04830 -0.06926

     Exchange interaction between atoms   2 and  6:  -0.038 meV =     0 K (distance: 1.024)

       Orbital exchange interaction matrix J_{i,j,m,n} (in K and meV)
           0    0    0    0    0         -0.02546  0.01845  0.03037 -0.00264  0.00298
           0    0    0    0    0         -0.02377 -0.02930  0.00993  0.02436  0.00130
           0    0    0    0    0          0.06246 -0.00387  0.04075 -0.04102  0.04003
           0    0    0    0    0         -0.01014 -0.01272 -0.02554 -0.00786  0.01257
           0    0    0    0    0         -0.01191  0.00567 -0.00167  0.01513 -0.01582

     Exchange interaction between atoms   2 and  7:  -0.035 meV =     0 K (distance: 1.024)

       Orbital exchange interaction matrix J_{i,j,m,n} (in K and meV)
           0    0    0    0    0         -0.02104  0.06235 -0.03711  0.03897  0.02496
           0    2   -1    0    0         -0.04028  0.22254 -0.10764  0.06372  0.06773
           0    1   -1    1    0         -0.01653  0.10197 -0.12284  0.10576  0.02381
           0    0    0   -1    0          0.01529 -0.02542  0.08456 -0.11501 -0.00943
           0    0    0    0    0         -0.00466  0.04648 -0.00997 -0.00326  0.00102

     Exchange interaction between atoms   2 and  8:   0.066 meV =     0 K (distance: 1.232)

       Orbital exchange interaction matrix J_{i,j,m,n} (in K and meV)
           0    0    0    0    0          0.02179  0.00438  0.01537  0.00896 -0.00013
           0    0    0    0    0          0.03789  0.02877  0.00973 -0.00250 -0.02686
           0    0    0    0    0         -0.00205  0.01990 -0.01208  0.01508 -0.00088
           0    0    0    0    0         -0.00493  0.01552 -0.02701  0.00732 -0.02589
           0    0    0    0    0          0.00205 -0.01047  0.01393 -0.00681  0.02018

     Exchange interaction between atoms   2 and  9:   0.066 meV =     0 K (distance: 1.232)

       Orbital exchange interaction matrix J_{i,j,m,n} (in K and meV)
           0    0    0    0    0          0.01433  0.01467  0.00158  0.00181  0.00821
           0    0    0    0    0         -0.01870  0.01083  0.01903 -0.00365  0.03618
           0    0    0    0    0         -0.02097  0.01370  0.02153  0.00278 -0.01024
           0    0    0    0    0         -0.03235 -0.03094  0.00499  0.01312  0.03088
           0    0    0    0    0          0.01235  0.00861  0.00324 -0.00282  0.00609

     Exchange interaction between atoms   2 and 10:  -0.075 meV =     0 K (distance: 1.024)

       Orbital exchange interaction matrix J_{i,j,m,n} (in K and meV)
           0    0    0    0    0         -0.02425  0.01309  0.03213 -0.00859  0.01168
           0    0    0    0    0         -0.01866 -0.04415  0.01515  0.01870  0.01662
           0    0    0    0    0          0.04798  0.01961  0.03078 -0.03908  0.03891
           0    0    0    0    0         -0.00096 -0.01362 -0.01570 -0.02149  0.00298
           0    0    0    0    0         -0.01422  0.00383 -0.00458  0.02197 -0.01564

     Exchange interaction between atoms   2 and 11:  -2.688 meV =   -31 K (distance: 0.727)

       Orbital exchange interaction matrix J_{i,j,m,n} (in K and meV)
          -6   -1   -8  -23   -5         -0.54532 -0.14322 -0.69688 -1.98948 -0.50322
         -15  -10    7  -23  -15         -1.35430 -0.88905  0.61559 -2.03057 -1.29311
          38   -1    5   38   56          3.29408 -0.09373  0.47822  3.30613  4.84087
          16  -29   24   -7   45          1.45971 -2.56824  2.07906 -0.62142  3.93824
          -3   16  -27  -13  -12         -0.32537  1.45608 -2.37274 -1.15847 -1.10999

     Exchange interaction between atoms   3 and  4:  -0.031 meV =     0 K (distance: 1.024)

       Orbital exchange interaction matrix J_{i,j,m,n} (in K and meV)
           0    0    0    0    0         -0.01945  0.04864 -0.03074  0.03467  0.02764
           0    2   -1    0    0         -0.03936  0.19965 -0.09833  0.05733  0.08142
           0    1   -1    1    0         -0.01613  0.10577 -0.12221  0.09683  0.03385
           0    0    0   -1    0          0.01959 -0.02760  0.08616 -0.09632 -0.01115
           0    0    0    0    0         -0.00604  0.04003 -0.01397 -0.00502  0.00710

     Exchange interaction between atoms   3 and  5:  -0.075 meV =     0 K (distance: 1.024)

       Orbital exchange interaction matrix J_{i,j,m,n} (in K and meV)
           0    0    0    0    0         -0.02425  0.01309  0.03213 -0.00859  0.01168
           0    0    0    0    0         -0.01866 -0.04415  0.01515  0.01870  0.01662
           0    0    0    0    0          0.04798  0.01961  0.03078 -0.03908  0.03891
           0    0    0    0    0         -0.00096 -0.01362 -0.01570 -0.02149  0.00298
           0    0    0    0    0         -0.01422  0.00383 -0.00458  0.02197 -0.01564

     Exchange interaction between atoms   3 and  6:  -0.036 meV =     0 K (distance: 1.024)

       Orbital exchange interaction matrix J_{i,j,m,n} (in K and meV)
           0    0    0    0    0         -0.04479  0.03493 -0.02823 -0.03732 -0.03894
           0    0    0    0    0          0.06914  0.04638 -0.03445  0.04897  0.07721
           0   -1    0    0    0         -0.06736 -0.13547  0.04491 -0.07342 -0.08228
           0    0    0    0    0          0.00377  0.01358 -0.00886 -0.00460  0.02890
           0    0    0    0    0         -0.05380  0.00155 -0.01117 -0.04228 -0.07768

     Exchange interaction between atoms   3 and  7:  -0.037 meV =     0 K (distance: 1.024)

       Orbital exchange interaction matrix J_{i,j,m,n} (in K and meV)
           0    0    0    0    0         -0.04786  0.00771 -0.04344 -0.00206 -0.03451
           1    0    0   -1    0          0.09024 -0.00113  0.07807 -0.09185  0.04554
           0    0    0    0    1          0.03570  0.05430  0.02460 -0.03416  0.11103
           0    0    0    0    0         -0.06220 -0.00248 -0.01266  0.02281 -0.04148
           0    0    0    0    0          0.00554 -0.03568 -0.01699  0.01645 -0.03576

     Exchange interaction between atoms   3 and  8:   0.080 meV =     0 K (distance: 1.233)

       Orbital exchange interaction matrix J_{i,j,m,n} (in K and meV)
           0    0    0    0    0          0.01149  0.02250  0.00233 -0.00066  0.00314
           0    0    0    0    0         -0.01767  0.02350  0.01993 -0.01098  0.02711
           0    0    0    0    0         -0.00385  0.01343  0.02560  0.00589 -0.00675
           0    0    0    0    0         -0.02826 -0.03628 -0.00771  0.00846  0.00977
           0    0    0    0    0          0.00596  0.00808  0.00699 -0.00192  0.01132

     Exchange interaction between atoms   3 and  9:   0.080 meV =     0 K (distance: 1.233)

       Orbital exchange interaction matrix J_{i,j,m,n} (in K and meV)
           0    0    0    0    0          0.03516 -0.00419  0.01447  0.01000  0.00139
           0    0    0    0    0          0.05192  0.01560  0.00866 -0.00580 -0.02676
           0    0    0    0    0         -0.01484  0.02817 -0.00217  0.00682 -0.00883
           0    0    0    0    0          0.00513  0.00616 -0.01579  0.00964 -0.03037
           0    0    0    0    0          0.00475 -0.01015  0.00763 -0.00589  0.02208

     Exchange interaction between atoms   3 and 10:  -0.021 meV =     0 K (distance: 2.281)

       Orbital exchange interaction matrix J_{i,j,m,n} (in K and meV)
           0    0    0    0    0         -0.00524 -0.00386  0.00437 -0.00073 -0.00019
           0    0    0    0    0         -0.00615 -0.00926  0.00497  0.00352 -0.00564
           0    0    0    0    0         -0.01848  0.00266 -0.01606  0.00435 -0.00947
           0    0    0    0    0          0.02620 -0.00049  0.01157  0.00466  0.00639
           0    0    0    0    0         -0.00450 -0.00085  0.00299 -0.00004  0.00459

     Exchange interaction between atoms   3 and 11:   0.047 meV =     0 K (distance: 1.615)

       Orbital exchange interaction matrix J_{i,j,m,n} (in K and meV)
           0    0    0    0    0          0.00653  0.01048 -0.00800  0.00545  0.00296
           0    0    0    0    0         -0.00729  0.02265  0.01152  0.00371 -0.00090
           0    0    0    0    0         -0.02378  0.01759  0.00068 -0.01164 -0.03658
           0    0    0    0    0         -0.00412  0.00875  0.00588  0.00969  0.00758
           0    0    0    0    0          0.00288 -0.00224 -0.00438 -0.00295  0.00703

     Exchange interaction between atoms   4 and  5:  -0.035 meV =     0 K (distance: 1.000)

       Orbital exchange interaction matrix J_{i,j,m,n} (in K and meV)
           0    0    0    0    0         -0.05368  0.03538  0.03520 -0.02857  0.02142
           0    0    0    0    0          0.02017  0.05847  0.06384 -0.01081  0.03725
           0    0    0    0    0         -0.01013  0.03643 -0.03240 -0.06082  0.05104
           0    0    0    0   -1          0.04267 -0.03372 -0.07971  0.05533 -0.14648
           0    0    0    0    0         -0.03027 -0.02152 -0.01453  0.01444 -0.06289

     Exchange interaction between atoms   4 and  6:   0.066 meV =     0 K (distance: 1.056)

       Orbital exchange interaction matrix J_{i,j,m,n} (in K and meV)
           0    0    0    0    0          0.00505  0.06085  0.01775  0.06757  0.05154
           0    0    0    0    0          0.03140  0.06499 -0.00213  0.07597  0.01537
           0    0    0    0    0         -0.04351  0.02099 -0.05303 -0.05601 -0.04683
           0    2    0    0    4         -0.05870  0.22065 -0.03238  0.06824  0.38648
           0    0    0    0    0          0.00841 -0.01178 -0.05118 -0.03801 -0.01964

     Exchange interaction between atoms   4 and  7:  -0.056 meV =     0 K (distance: 1.454)

       Orbital exchange interaction matrix J_{i,j,m,n} (in K and meV)
           0    0    0    0    0         -0.03432  0.01444  0.02609 -0.01750  0.03467
           0    0    0    0    0         -0.00374  0.00451  0.00886  0.01217  0.00004
           0    0    0    0    0         -0.02093  0.00286  0.04335 -0.02652  0.01877
           0    0    0    0    0          0.02829 -0.00173  0.01334  0.00015 -0.04046
           0    0    0    0    0          0.04765 -0.02542 -0.03033  0.02337 -0.07001

     Exchange interaction between atoms   4 and  8:  -2.687 meV =   -31 K (distance: 0.727)

       Orbital exchange interaction matrix J_{i,j,m,n} (in K and meV)
          -6    4    0   23  -10         -0.57154  0.39603  0.01364  2.02108 -0.91224
         -36   -1    0   37  -52         -3.11537 -0.08711  0.03395  3.19144 -4.52921
          15   12   -7  -20   16          1.30340  1.08573 -0.67041 -1.76904  1.44355
         -19   32  -23   -5  -45         -1.64193  2.82703 -2.00777 -0.49540 -3.92203
          -1   25  -12   14  -10         -0.14072  2.20380 -1.09735  1.22085 -0.86278

     Exchange interaction between atoms   4 and  9:   0.011 meV =     0 K (distance: 1.590)

       Orbital exchange interaction matrix J_{i,j,m,n} (in K and meV)
           0    0    0    0    0         -0.00178 -0.00974 -0.00004  0.00168  0.01160
           0    0    0    0    0         -0.02368 -0.00654 -0.00907  0.00636  0.01865
           0    0    0    0    0          0.01138 -0.00455  0.01617 -0.00046 -0.00382
           0    0    0    0    0         -0.02766  0.01184 -0.01037  0.00262  0.00205
           0    0    0    0    0         -0.01340  0.00703 -0.01346  0.00623  0.00083

     Exchange interaction between atoms   4 and 10:  -0.045 meV =     0 K (distance: 1.755)

       Orbital exchange interaction matrix J_{i,j,m,n} (in K and meV)
           0    0    0    0    0         -0.01297 -0.00865 -0.00366 -0.00626 -0.00320
           0    0    0    0    0         -0.00755 -0.02207 -0.00267 -0.00462 -0.02071
           0    0    0    0    0         -0.03859  0.02281 -0.02162 -0.00837  0.00778
           0    0    0    0    0          0.02656  0.01461 -0.01150  0.00582  0.01265
           0    0    0    0    0          0.01524  0.00641  0.00657  0.00164  0.00621

     Exchange interaction between atoms   4 and 11:   0.082 meV =     0 K (distance: 1.233)

       Orbital exchange interaction matrix J_{i,j,m,n} (in K and meV)
           0    0    0    0    0          0.03559 -0.00370 -0.01427  0.00997 -0.00131
           0    0    0    0    0          0.05262  0.01663 -0.00826 -0.00591  0.02685
           0    0    0    0    0          0.01519 -0.02810 -0.00207 -0.00665 -0.00860
           0    0    0    0    0          0.00517  0.00598  0.01583  0.00945  0.03037
           0    0    0    0    0         -0.00487  0.01016  0.00763  0.00549  0.02211

     Exchange interaction between atoms   5 and  6:  -0.104 meV =    -1 K (distance: 1.454)

       Orbital exchange interaction matrix J_{i,j,m,n} (in K and meV)
           0    0    0    0    0         -0.02634  0.02409 -0.01773  0.03572 -0.06009
           0    0    0    0    0         -0.01727  0.02103 -0.03271  0.03826 -0.06481
           0    0    0    0    0          0.00260 -0.00272  0.01171  0.00690 -0.01507
           0    0    0    0    0         -0.00137  0.00816 -0.04575 -0.01924 -0.04001
           0    0    0    0   -1         -0.01400  0.03495 -0.06195  0.02150 -0.09081

     Exchange interaction between atoms   5 and  7:   0.066 meV =     0 K (distance: 1.056)

       Orbital exchange interaction matrix J_{i,j,m,n} (in K and meV)
           0    0    0    0    0          0.00505  0.06085  0.01775  0.06757  0.05154
           0    0    0    0    0          0.03140  0.06499 -0.00213  0.07597  0.01537
           0    0    0    0    0         -0.04351  0.02099 -0.05303 -0.05601 -0.04683
           0    2    0    0    4         -0.05870  0.22065 -0.03238  0.06824  0.38648
           0    0    0    0    0          0.00841 -0.01178 -0.05118 -0.03801 -0.01964

     Exchange interaction between atoms   5 and  8:   0.011 meV =     0 K (distance: 1.590)

       Orbital exchange interaction matrix J_{i,j,m,n} (in K and meV)
           0    0    0    0    0          0.01166 -0.00645  0.00386 -0.00356  0.00228
           0    0    0    0    0          0.00775 -0.00368  0.01228 -0.01405  0.00528
           0    0    0    0    0          0.00595  0.00520  0.00133  0.01452 -0.00330
           0    0    0    0    0         -0.01119 -0.00212  0.02243 -0.00481  0.02682
           0    0    0    0    0         -0.01177 -0.00561  0.00301 -0.00275  0.00635

     Exchange interaction between atoms   5 and  9:  -2.689 meV =   -31 K (distance: 0.727)

       Orbital exchange interaction matrix J_{i,j,m,n} (in K and meV)
          -6   -1    8  -23    5         -0.54569 -0.14369  0.69631 -1.98974  0.50333
         -15  -10   -7  -23   15         -1.35516 -0.88953 -0.61540 -2.03121  1.29307
         -38    1    5  -38   56         -3.29431  0.09376  0.47813 -3.30508  4.84080
          16  -29  -24   -7  -45          1.45949 -2.56882 -2.07829 -0.62177 -3.93824
           3  -16  -27   13  -12          0.32544 -1.45622 -2.37180  1.15780 -1.11001

     Exchange interaction between atoms   5 and 10:  -0.188 meV =    -2 K (distance: 1.442)

       Orbital exchange interaction matrix J_{i,j,m,n} (in K and meV)
          -1    0    0    0    0         -0.15611  0.07302  0.03270 -0.03031 -0.02308
           0    0    0    0    0         -0.04489 -0.03502 -0.01684 -0.00664 -0.02618
           0    0    0    0    0         -0.05769  0.02360 -0.00087 -0.03081  0.03762
           0    0    0    0    0          0.01538 -0.00353 -0.02533  0.01594 -0.00894
           0    0    0    0    0          0.02744 -0.01206 -0.00457  0.01427 -0.01217

     Exchange interaction between atoms   5 and 11:  -2.044 meV =   -23 K (distance: 0.722)

       Orbital exchange interaction matrix J_{i,j,m,n} (in K and meV)
         -11   22   17   -7   -7         -0.98192  1.91336  1.50416 -0.68274 -0.68146
         -46   14   22    0   -3         -4.03786  1.26108  1.96992  0.06591 -0.34386
         -23   37  -21  -12    0         -2.00352  3.23846 -1.87156 -1.09612 -0.05771
          26   -8  -14   -5    0          2.27422 -0.74745 -1.26044 -0.45677  0.04884
          15  -16    3    2    0          1.31541 -1.38134  0.32248  0.18959  0.00474

     Exchange interaction between atoms   6 and  7:  -0.035 meV =     0 K (distance: 1.000)

       Orbital exchange interaction matrix J_{i,j,m,n} (in K and meV)
           0    0    0    0    0         -0.05368  0.03538  0.03520 -0.02857  0.02142
           0    0    0    0    0          0.02017  0.05847  0.06384 -0.01081  0.03725
           0    0    0    0    0         -0.01013  0.03643 -0.03240 -0.06082  0.05104
           0    0    0    0   -1          0.04267 -0.03372 -0.07971  0.05533 -0.14648
           0    0    0    0    0         -0.03027 -0.02152 -0.01453  0.01444 -0.06289

     Exchange interaction between atoms   6 and  8:  -2.711 meV =   -31 K (distance: 0.728)

       Orbital exchange interaction matrix J_{i,j,m,n} (in K and meV)
          -6    0   10  -22    6         -0.54894 -0.06485  0.87358 -1.96733  0.57342
         -16   -9   -4  -24   15         -1.41896 -0.84278 -0.41808 -2.14830  1.37035
         -38    3    9  -36   58         -3.27982  0.29660  0.80587 -3.17502  5.02449
          16  -29  -19  -11  -45          1.39350 -2.54478 -1.71348 -0.97127 -3.90880
           2  -17  -27   10  -13          0.24493 -1.53062 -2.37162  0.90950 -1.15366

     Exchange interaction between atoms   6 and  9:   0.009 meV =     0 K (distance: 1.590)

       Orbital exchange interaction matrix J_{i,j,m,n} (in K and meV)
           0    0    0    0    0          0.01196 -0.00796  0.00665 -0.00485  0.00235
           0    0    0    0    0          0.00772 -0.00576  0.01044 -0.01431  0.00629
           0    0    0    0    0          0.00813 -0.00529  0.00339  0.01026 -0.01129
           0    0    0    0    0         -0.00284 -0.00544  0.02891 -0.01175  0.03080
           0    0    0    0    0         -0.00938 -0.00527  0.00523 -0.00233  0.01098

     Exchange interaction between atoms   6 and 10:   0.003 meV =     0 K (distance: 2.048)

       Orbital exchange interaction matrix J_{i,j,m,n} (in K and meV)
           0    0    0    0    0         -0.00006 -0.00066 -0.00765 -0.00888  0.00679
           0    0    0    0    0          0.00765 -0.01156 -0.01160 -0.01253  0.00640
           0    0    0    0    0          0.00602  0.00838  0.00211  0.01405 -0.00081
           0    0    0    0    0          0.01571  0.00537 -0.00580  0.01872 -0.02388
           0    0    0    0    0          0.00790  0.00291 -0.00007 -0.00156 -0.00629

     Exchange interaction between atoms   6 and 11:   0.007 meV =     0 K (distance: 1.624)

       Orbital exchange interaction matrix J_{i,j,m,n} (in K and meV)
           0    0    0    0    0          0.00937 -0.00403 -0.00292  0.00389 -0.00635
           0    0    0    0    0          0.00130 -0.00256  0.00419  0.00182 -0.00785
           0    0    0    0    0          0.01624 -0.00433 -0.00742  0.01324 -0.00230
           0    0    0    0    0         -0.00261 -0.00940  0.00175  0.00315  0.00567
           0    0    0    0    0         -0.00402 -0.00670  0.00462 -0.00219  0.00405

     Exchange interaction between atoms   7 and  8:   0.009 meV =     0 K (distance: 1.590)

       Orbital exchange interaction matrix J_{i,j,m,n} (in K and meV)
           0    0    0    0    0          0.00262 -0.01336 -0.00277 -0.00596  0.01185
           0    0    0    0    0         -0.01324 -0.01281 -0.01173 -0.00832  0.01923
           0    0    0    0    0         -0.00416 -0.00329  0.01241  0.00715 -0.00903
           0    0    0    0    0         -0.02328  0.00929 -0.00683  0.00520  0.00196
           0    0    0    0    0         -0.00608  0.00504 -0.01236  0.00730  0.00154

     Exchange interaction between atoms   7 and  9:  -2.713 meV =   -31 K (distance: 0.728)

       Orbital exchange interaction matrix J_{i,j,m,n} (in K and meV)
          -6    7   -1   23  -11         -0.58812  0.63654 -0.11147  1.99540 -1.02340
         -36    3   -1   36  -54         -3.13267  0.26180 -0.14929  3.17570 -4.69476
          15    9   -6  -22   18          1.33405  0.83088 -0.58229 -1.94727  1.59600
         -18   29  -23  -11  -43         -1.57161  2.54524 -1.99521 -0.97018 -3.75314
          -1   26  -13   11   -9         -0.11552  2.25056 -1.18239  0.98760 -0.83405

     Exchange interaction between atoms   7 and 10:  -0.050 meV =     0 K (distance: 1.787)

       Orbital exchange interaction matrix J_{i,j,m,n} (in K and meV)
           0    0    0    0    0         -0.01127 -0.00108  0.00130 -0.00752  0.00172
           0    0    0    0    0         -0.01411 -0.00511  0.01173 -0.00914 -0.00470
           0    0    0    0    0         -0.00329 -0.00932 -0.02146 -0.01425  0.00953
           0    0    0    0    0          0.00097  0.00789  0.01046 -0.00493 -0.00737
           0    0    0    0    0         -0.00076  0.00899  0.01497  0.00399 -0.00754

     Exchange interaction between atoms   7 and 11:   0.012 meV =     0 K (distance: 1.279)

       Orbital exchange interaction matrix J_{i,j,m,n} (in K and meV)
           0    0    0    0    0          0.00809  0.00185  0.00143  0.00840 -0.01837
           0    0    0    0    0         -0.01428  0.02036  0.00093  0.01215 -0.00746
           0    0    0    0    0          0.00735  0.01127  0.00283  0.02473  0.03120
           0    0    0    0    0          0.00505 -0.02276  0.04492 -0.04208 -0.02576
           0    0    0    0    0         -0.02891  0.00688  0.01069 -0.02057  0.02276

     Exchange interaction between atoms   8 and  9:  -0.081 meV =     0 K (distance: 2.000)

       Orbital exchange interaction matrix J_{i,j,m,n} (in K and meV)
           0    0    0    0    0         -0.00354  0.02130 -0.00653  0.00943 -0.00376
           0    0    0    0    0         -0.00130 -0.03582  0.01014 -0.00310  0.00221
           0    0    0    0    0         -0.00676  0.02201 -0.01333  0.01466  0.00030
           0    0    0    0    0         -0.00008 -0.00161  0.00541 -0.02182  0.01322
           0    0    0    0    0          0.00309  0.00167  0.00152  0.01411 -0.00607

     Exchange interaction between atoms   8 and 10:   0.023 meV =     0 K (distance: 2.146)

       Orbital exchange interaction matrix J_{i,j,m,n} (in K and meV)
           0    0    0    0    0          0.00032 -0.00144 -0.00409  0.00693 -0.00292
           0    0    0    0    0         -0.00710  0.00924  0.01517 -0.00042  0.00464
           0    0    0    0    0         -0.00513  0.00262  0.00752  0.00194  0.00717
           0    0    0    0    0          0.00703 -0.00615  0.00146  0.00446 -0.00456
           0    0    0    0    0          0.00057  0.00119  0.00266 -0.00374  0.00175

     Exchange interaction between atoms   8 and 11:  -0.050 meV =     0 K (distance: 1.746)

       Orbital exchange interaction matrix J_{i,j,m,n} (in K and meV)
           0    0    0    0    0         -0.00963  0.01294  0.00518  0.00400 -0.00092
           0    0    0    0    0          0.00963 -0.02583  0.00288  0.00362  0.00196
           0    0    0    0    0          0.00363  0.01196  0.00605  0.00499 -0.00702
           0    0    0    0    0          0.00147  0.01043 -0.00551 -0.01519  0.00855
           0    0    0    0    0         -0.00586  0.00377 -0.00165  0.00508 -0.00562

     Exchange interaction between atoms   9 and 10:  -0.005 meV =     0 K (distance: 1.614)

       Orbital exchange interaction matrix J_{i,j,m,n} (in K and meV)
           0    0    0    0    0          0.00008 -0.00171  0.00376  0.00090  0.00191
           0    0    0    0    0          0.02000 -0.00437  0.00901  0.00255 -0.00594
           0    0    0    0    0         -0.00511 -0.00460  0.01116 -0.00331 -0.00084
           0    0    0    0    0          0.00006 -0.00387 -0.00025 -0.01124 -0.00339
           0    0    0    0    0          0.00828  0.00375  0.00360  0.00871 -0.00034

     Exchange interaction between atoms   9 and 11:  -0.075 meV =     0 K (distance: 1.024)

       Orbital exchange interaction matrix J_{i,j,m,n} (in K and meV)
          -1    0    0    0    0         -0.09190 -0.07901 -0.02898 -0.04095 -0.01917
           0    0    0    0    0          0.02623  0.02517  0.04475  0.03757  0.04073
           1    1    0    0    0          0.15323  0.11843 -0.02042  0.00870  0.02076
           1    1    0    0    0          0.11238  0.14686  0.02750  0.03703  0.03978
           0    0    0    0    0         -0.04269 -0.04597 -0.03994 -0.02640 -0.02524

     Exchange interaction between atoms  10 and 11:  -1.743 meV =   -20 K (distance: 0.720)

       Orbital exchange interaction matrix J_{i,j,m,n} (in K and meV)
         -10   22   17   -8   -8         -0.88436  1.96744  1.50742 -0.70932 -0.75048
         -47   16   22    0   -4         -4.05746  1.44880  1.92842 -0.01357 -0.38874
         -24   37  -21  -11    0         -2.13490  3.23725 -1.88331 -1.01283 -0.05861
          26  -10  -14   -4    0          2.27916 -0.90206 -1.22366 -0.42176  0.04240
          15  -16    3    1    0          1.33489 -1.40025  0.33215  0.16931 -0.00243

     Computed orbitals occupations should coincide with your DFT results
     If they differ significantly - check your integration contour.

     For atom  1 spin 1
        Orbital 1 occupation:  0.442
        Orbital 2 occupation:  0.834
        Orbital 3 occupation:  0.920
        Orbital 4 occupation:  0.889
        Orbital 5 occupation:  0.425

     For atom  1 spin 2
        Orbital 1 occupation:  0.152
        Orbital 2 occupation:  0.099
        Orbital 3 occupation:  0.085
        Orbital 4 occupation:  0.090
        Orbital 5 occupation:  0.152

     For atom  2 spin 1
        Orbital 1 occupation:  0.152
        Orbital 2 occupation:  0.099
        Orbital 3 occupation:  0.085
        Orbital 4 occupation:  0.090
        Orbital 5 occupation:  0.152

     For atom  2 spin 2
        Orbital 1 occupation:  0.442
        Orbital 2 occupation:  0.834
        Orbital 3 occupation:  0.920
        Orbital 4 occupation:  0.889
        Orbital 5 occupation:  0.425

     For atom  3 spin 1
        Orbital 1 occupation:  0.152
        Orbital 2 occupation:  0.099
        Orbital 3 occupation:  0.085
        Orbital 4 occupation:  0.090
        Orbital 5 occupation:  0.152

     For atom  3 spin 2
        Orbital 1 occupation:  0.442
        Orbital 2 occupation:  0.834
        Orbital 3 occupation:  0.920
        Orbital 4 occupation:  0.889
        Orbital 5 occupation:  0.425

     For atom  4 spin 1
        Orbital 1 occupation:  0.152
        Orbital 2 occupation:  0.099
        Orbital 3 occupation:  0.085
        Orbital 4 occupation:  0.090
        Orbital 5 occupation:  0.152

     For atom  4 spin 2
        Orbital 1 occupation:  0.442
        Orbital 2 occupation:  0.834
        Orbital 3 occupation:  0.920
        Orbital 4 occupation:  0.889
        Orbital 5 occupation:  0.425

     For atom  5 spin 1
        Orbital 1 occupation:  0.152
        Orbital 2 occupation:  0.099
        Orbital 3 occupation:  0.085
        Orbital 4 occupation:  0.090
        Orbital 5 occupation:  0.152

     For atom  5 spin 2
        Orbital 1 occupation:  0.442
        Orbital 2 occupation:  0.834
        Orbital 3 occupation:  0.920
        Orbital 4 occupation:  0.889
        Orbital 5 occupation:  0.425

     For atom  6 spin 1
        Orbital 1 occupation:  0.152
        Orbital 2 occupation:  0.099
        Orbital 3 occupation:  0.085
        Orbital 4 occupation:  0.090
        Orbital 5 occupation:  0.152

     For atom  6 spin 2
        Orbital 1 occupation:  0.442
        Orbital 2 occupation:  0.834
        Orbital 3 occupation:  0.920
        Orbital 4 occupation:  0.889
        Orbital 5 occupation:  0.425

     For atom  7 spin 1
        Orbital 1 occupation:  0.152
        Orbital 2 occupation:  0.099
        Orbital 3 occupation:  0.085
        Orbital 4 occupation:  0.090
        Orbital 5 occupation:  0.152

     For atom  7 spin 2
        Orbital 1 occupation:  0.442
        Orbital 2 occupation:  0.834
        Orbital 3 occupation:  0.920
        Orbital 4 occupation:  0.889
        Orbital 5 occupation:  0.425

     For atom  8 spin 1
        Orbital 1 occupation:  0.442
        Orbital 2 occupation:  0.834
        Orbital 3 occupation:  0.920
        Orbital 4 occupation:  0.889
        Orbital 5 occupation:  0.425

     For atom  8 spin 2
        Orbital 1 occupation:  0.152
        Orbital 2 occupation:  0.099
        Orbital 3 occupation:  0.085
        Orbital 4 occupation:  0.090
        Orbital 5 occupation:  0.152

     For atom  9 spin 1
        Orbital 1 occupation:  0.442
        Orbital 2 occupation:  0.834
        Orbital 3 occupation:  0.920
        Orbital 4 occupation:  0.889
        Orbital 5 occupation:  0.425

     For atom  9 spin 2
        Orbital 1 occupation:  0.152
        Orbital 2 occupation:  0.099
        Orbital 3 occupation:  0.085
        Orbital 4 occupation:  0.090
        Orbital 5 occupation:  0.152

     For atom 10 spin 1
        Orbital 1 occupation:  0.152
        Orbital 2 occupation:  0.099
        Orbital 3 occupation:  0.085
        Orbital 4 occupation:  0.090
        Orbital 5 occupation:  0.152

     For atom 10 spin 2
        Orbital 1 occupation:  0.442
        Orbital 2 occupation:  0.834
        Orbital 3 occupation:  0.920
        Orbital 4 occupation:  0.889
        Orbital 5 occupation:  0.425

     For atom 11 spin 1
        Orbital 1 occupation:  0.442
        Orbital 2 occupation:  0.834
        Orbital 3 occupation:  0.920
        Orbital 4 occupation:  0.889
        Orbital 5 occupation:  0.425

     For atom 11 spin 2
        Orbital 1 occupation:  0.152
        Orbital 2 occupation:  0.099
        Orbital 3 occupation:  0.085
        Orbital 4 occupation:  0.090
        Orbital 5 occupation:  0.152

     Execution time:  430 seconds
