
     ------------------------------------------------------------------
                           Program EXCHANGES                           
      for calculation of exchange parameters of the Heisenberg model.  

     Please cite "D. M. Korotin et al., Phys. Rev. B 91, 224405 (2015)"
         in publications or presentations arising from this work.      
     ------------------------------------------------------------------

        We are using the model with the exchange term defined as:      

                        H = \sum_ij J_{ij} e_i e_j,                    

      where e_i,j are unit vectors and sum runs once over ions pairs   

     ------------------------------------------------------------------


     Running in   1 threads

     Parameters of integration contour:
     emin = -30.000  emax =  0.000  height = 0.010 (eV)
     nz1 =  150  nz2 = 3000  nz3 =  150

     Cell constant (alat) 10.051688002 Bohr
     Cell vectors (rows):
         1.00000  0.00000  0.00000
         0.00000  1.05616  0.00000
         0.00000  0.00000  1.44172
     Atoms of the initial cell:
       Y     0.01862  0.98599  0.36043
       Y     0.51858  0.59829  1.08129
       Y     0.48138  0.45791  0.36043
       Y     0.98142  0.07021  1.08129
       Cr1   0.00015  0.52750  1.44165
       Cr2   0.49985  1.05558  1.44165
       Cr1   0.49985  1.05558  0.72093
       Cr2   0.00015  0.52750  0.72093
       O     0.69557  0.32017  1.35875
       O     0.19205  0.21057  0.08263
       O     0.80443  0.84825  0.80384
       O     0.30795  0.73865  0.63823
       O     0.30795  0.73866  0.08263
       O     0.80443  0.84825  1.35875
       O     0.19205  0.21057  0.63823
       O     0.69557  0.32017  0.80384
       O     0.11036  0.48317  1.08129
       O     0.61296  0.04307  0.36043
       O     0.38964  1.01125  1.08129
       O     0.88704  0.57115  0.36043

     We have the following basis for the hamiltonian and the green function:
      56 orbitals grouped in 16 blocks:
     Cr1 (atom  5):   5 d-orbitals (3z^2-1     xz         yz         x^2-y^2    xy         )
     Cr2 (atom  6):   5 d-orbitals (3z^2-1     xz         yz         x^2-y^2    xy         )
     Cr1 (atom  7):   5 d-orbitals (3z^2-1     xz         yz         x^2-y^2    xy         )
     Cr2 (atom  8):   5 d-orbitals (3z^2-1     xz         yz         x^2-y^2    xy         )
       O (atom  9):   3 p-orbitals (z          x          y          )
       O (atom 10):   3 p-orbitals (z          x          y          )
       O (atom 11):   3 p-orbitals (z          x          y          )
       O (atom 12):   3 p-orbitals (z          x          y          )
       O (atom 13):   3 p-orbitals (z          x          y          )
       O (atom 14):   3 p-orbitals (z          x          y          )
       O (atom 15):   3 p-orbitals (z          x          y          )
       O (atom 16):   3 p-orbitals (z          x          y          )
       O (atom 17):   3 p-orbitals (z          x          y          )
       O (atom 18):   3 p-orbitals (z          x          y          )
       O (atom 19):   3 p-orbitals (z          x          y          )
       O (atom 20):   3 p-orbitals (z          x          y          )

     We will consider   10 atoms: 
      1: Cr1   0.00015  0.52750  1.44165   ( distance =  0.00000 alat )
      2: Cr2   0.00015  0.52750  0.72093   ( distance =  0.72072 alat )
      3: Cr2   0.00015  0.52750  2.16265   ( distance =  0.72100 alat )
      4: Cr2   0.49985 -0.00058  1.44165   ( distance =  0.72703 alat )
      5: Cr2   0.49985  1.05558  1.44165   ( distance =  0.72703 alat )
      6: Cr2  -0.50015 -0.00058  1.44165   ( distance =  0.72744 alat )
      7: Cr2  -0.50015  1.05558  1.44165   ( distance =  0.72744 alat )
      8: Cr1  -0.99985  0.52750  1.44165   ( distance =  1.00000 alat )
      9: Cr1   1.00015  0.52750  1.44165   ( distance =  1.00000 alat )
     10: Cr1   0.49985  1.05558  0.72093   ( distance =  1.02372 alat )

     Exchange interaction between atoms   1 and  2:  -2.253 meV =   -26 K (distance: 0.721)

       Orbital exchange interaction matrix J_{i,j,m,n} (in K and meV)
          25   27   -6   10   -3          2.20706  2.38717 -0.51940  0.93232 -0.26961
         -35  -12  -21   -3   -9         -3.05120 -1.10928 -1.84352 -0.33608 -0.81835
          34   -6  -27  -11  -10          2.96287 -0.53667 -2.39540 -1.00005 -0.88254
         -21  -10   -8   -8   -1         -1.83613 -0.89546 -0.75159 -0.69601 -0.11293
          18    2   -5    0   -3          1.61047  0.21577 -0.44444  0.01232 -0.25911

     Exchange interaction between atoms   1 and  3:  -1.816 meV =   -21 K (distance: 0.721)

       Orbital exchange interaction matrix J_{i,j,m,n} (in K and meV)
          27   26   -5   10   -2          2.37635  2.31407 -0.50039  0.91325 -0.17422
         -34  -10  -21   -2  -10         -2.97750 -0.93306 -1.87837 -0.23970 -0.93775
          32   -7  -26  -12   -9          2.83703 -0.68518 -2.29340 -1.10136 -0.85345
         -22   -9   -9   -8   -1         -1.94485 -0.79583 -0.78128 -0.72105 -0.09732
          19    2   -4    0   -2          1.64598  0.17967 -0.38785  0.01163 -0.24468

     Exchange interaction between atoms   1 and  4:  -3.082 meV =   -35 K (distance: 0.727)

       Orbital exchange interaction matrix J_{i,j,m,n} (in K and meV)
           9   15  -25    7   25          0.85284  1.34452 -2.21278  0.66944  2.21862
          -2  -14   13   16  -25         -0.17757 -1.28591  1.12564  1.43566 -2.21718
          25   20  -26    6   58          2.23909  1.74673 -2.28280  0.52641  5.07467
         -32   12  -10  -32  -22         -2.80120  1.05386 -0.93685 -2.77546 -1.94957
          21   10  -28   33   27          1.88534  0.90056 -2.47623  2.84626  2.40935

     Exchange interaction between atoms   1 and  5:  -3.083 meV =   -35 K (distance: 0.727)

       Orbital exchange interaction matrix J_{i,j,m,n} (in K and meV)
           7   22   14   -6  -23          0.66950  1.93680  1.21664 -0.54254 -2.04347
         -19  -22  -24   -7   58         -1.67818 -1.90257 -2.09089 -0.60804  5.00108
          -2  -11  -16  -11   26         -0.20549 -1.02490 -1.38475 -1.01883  2.26307
          34  -12  -14  -27  -27          2.96949 -1.07462 -1.23064 -2.40098 -2.37402
         -13  -22   -8   24   22         -1.17611 -1.91619 -0.71601  2.09690  1.93616

     Exchange interaction between atoms   1 and  6:  -2.640 meV =   -30 K (distance: 0.727)

       Orbital exchange interaction matrix J_{i,j,m,n} (in K and meV)
           6   21   13   -6  -22          0.59071  1.82441  1.15166 -0.52260 -1.94701
         -19  -20  -22   -7   57         -1.67723 -1.73210 -1.97730 -0.62456  4.94358
          -2  -10  -14  -11   24         -0.19025 -0.89981 -1.24558 -1.00105  2.10342
          34  -12  -12  -25  -29          2.97981 -1.07676 -1.07214 -2.19136 -2.57366
         -12  -20   -8   23   22         -1.11535 -1.80366 -0.69821  2.04951  1.93871

     Exchange interaction between atoms   1 and  7:  -2.643 meV =   -30 K (distance: 0.727)

       Orbital exchange interaction matrix J_{i,j,m,n} (in K and meV)
           9   14  -24    8   25          0.84131  1.25008 -2.15308  0.70894  2.16065
          -1  -13   11   15  -22         -0.12957 -1.14112  1.03057  1.35295 -1.96808
          25   19  -25    6   57          2.16618  1.68937 -2.22797  0.52981  4.98301
         -31   10  -10  -30  -23         -2.69971  0.92016 -0.89351 -2.65239 -2.03781
          22   10  -28   33   29          1.90419  0.89600 -2.48348  2.86268  2.53760

     Exchange interaction between atoms   1 and  8:  -0.048 meV =     0 K (distance: 1.000)

       Orbital exchange interaction matrix J_{i,j,m,n} (in K and meV)
           0    0    0    0    0         -0.08377 -0.02320  0.00019 -0.01483  0.07510
           1    0    0    0    0          0.09985  0.00385  0.01166  0.02539 -0.07710
           0    0    0    0    0          0.01397 -0.00149 -0.00217 -0.02006  0.00708
           0    0    0    0    0         -0.01456 -0.01679 -0.00997  0.04489 -0.00364
           0    0    0    0    0          0.02563  0.03923  0.01060  0.03836 -0.01041

     Exchange interaction between atoms   1 and  9:  -0.048 meV =     0 K (distance: 1.000)

       Orbital exchange interaction matrix J_{i,j,m,n} (in K and meV)
           0    0    0    0    0         -0.08084 -0.02270 -0.00316 -0.01642  0.06910
           1    0    0    0    0          0.10384  0.00356  0.00423  0.02517 -0.08041
           0    0    0    0    0          0.00315 -0.00488 -0.02179 -0.00457  0.01097
           0    0    0    0    0         -0.02992 -0.02592 -0.01160  0.05913  0.00293
           0    0    0    0    0          0.01784  0.03256  0.00233  0.03344 -0.00767

     Exchange interaction between atoms   1 and 10:   0.052 meV =     0 K (distance: 1.024)

       Orbital exchange interaction matrix J_{i,j,m,n} (in K and meV)
           0    0    0    0    0         -0.07051 -0.08003 -0.03820 -0.03476 -0.03007
           0    0    0    0    0          0.00061  0.05791  0.08549  0.02941  0.03914
           1    1    0    0    0          0.12394  0.15383  0.01570  0.03423  0.02903
           1    1    0    0    0          0.12381  0.14383  0.05967  0.07173  0.05051
           0    0    0    0    0         -0.04674 -0.03345 -0.01944 -0.02939 -0.02298

     Exchange interaction between atoms   2 and  3:  -0.159 meV =    -1 K (distance: 1.442)

       Orbital exchange interaction matrix J_{i,j,m,n} (in K and meV)
          -1    0    0    0    0         -0.13360  0.06842 -0.03919 -0.01035  0.00443
           0    0    0    0    0         -0.03965 -0.03855  0.01140  0.00940 -0.01214
           0    0    0    0    0         -0.01407 -0.00471  0.00328 -0.01942 -0.01483
           0    0    0    0    0          0.06299 -0.03347  0.00650  0.00838  0.01389
           0    0    0    0    0         -0.02673  0.02162  0.00376 -0.00037  0.00133

     Exchange interaction between atoms   2 and  4:   0.052 meV =     0 K (distance: 1.024)

       Orbital exchange interaction matrix J_{i,j,m,n} (in K and meV)
           0    0    0    0    0         -0.02185 -0.00469  0.00478 -0.02023  0.00563
           0    0    0    0    0         -0.03423 -0.04254  0.00833  0.00756 -0.01890
           0    0    1    0    0          0.04852  0.03276  0.11231 -0.01965 -0.01520
           0    0    0    0    0         -0.01279  0.00293 -0.01450 -0.00463 -0.00499
           0    0    0    0    0         -0.00413 -0.02613 -0.03682  0.01145  0.00903

     Exchange interaction between atoms   2 and  5:   0.052 meV =     0 K (distance: 1.024)

       Orbital exchange interaction matrix J_{i,j,m,n} (in K and meV)
           0    0    0    0    0         -0.04454  0.02506 -0.02562  0.01066 -0.02881
           1    0    1    0    0          0.10544  0.02426  0.11465 -0.07924  0.03479
           0    1    0    0    0          0.05769  0.08799  0.04803 -0.07760  0.04638
           0    0    0    0    0         -0.04009 -0.01208 -0.02617  0.04373 -0.02925
           0    0    0    0    0         -0.02290 -0.02537 -0.02241  0.02112 -0.01962

     Exchange interaction between atoms   2 and  6:   0.094 meV =     1 K (distance: 1.024)

       Orbital exchange interaction matrix J_{i,j,m,n} (in K and meV)
           0    0    0    0    0         -0.01198  0.08413 -0.05495  0.04553  0.01652
           0    3   -1    0    0         -0.02091  0.26091 -0.12436  0.07235  0.03842
           0    1    0    1    0          0.00931  0.11535 -0.07949  0.08771  0.00963
           0    0    1    0    0         -0.00590 -0.04251  0.09894 -0.07205  0.03249
           0    0    0    0    0         -0.00253  0.04537 -0.03015 -0.02709 -0.00306

     Exchange interaction between atoms   2 and  7:   0.094 meV =     1 K (distance: 1.024)

       Orbital exchange interaction matrix J_{i,j,m,n} (in K and meV)
           0    0    0    0    0         -0.04544  0.05785 -0.03076 -0.01335 -0.04431
           0    1    0    1    0          0.03161  0.09463 -0.03185  0.08931  0.04859
          -1   -1    0   -1    0         -0.09561 -0.12309  0.08185 -0.10435 -0.07873
           0    0    0    0    0         -0.00506  0.00426  0.00134  0.00291 -0.01797
           0    0    0    0    0         -0.04478  0.01452 -0.02495 -0.03344 -0.04014

     Exchange interaction between atoms   2 and  8:  -0.053 meV =     0 K (distance: 1.233)

       Orbital exchange interaction matrix J_{i,j,m,n} (in K and meV)
           0    0    0    0    0          0.00157 -0.00099  0.00253  0.00122 -0.00142
           0    0    0    0    0         -0.00702 -0.01665  0.02414 -0.00765  0.03555
           0    0    0    0    0          0.01710 -0.00699 -0.03915 -0.00706  0.01152
           0    0    0    0    0          0.02920 -0.00938  0.02425 -0.02042 -0.02243
           0    0    0    0    0         -0.02681  0.00278  0.01346  0.01033  0.02205

     Exchange interaction between atoms   2 and  9:  -0.052 meV =     0 K (distance: 1.233)

       Orbital exchange interaction matrix J_{i,j,m,n} (in K and meV)
           0    0    0    0    0          0.00164  0.01171 -0.00896  0.00858  0.00568
           0    0    0    0    0          0.02168 -0.00172 -0.03581  0.00245  0.01741
           0    0    0    0    0          0.01230 -0.01439 -0.01839  0.00900  0.02780
           0    0    0    0    0         -0.00429 -0.00984  0.01575 -0.00921  0.02882
           0    0    0    0    0         -0.00143  0.00775 -0.00254 -0.00114 -0.02475

     Exchange interaction between atoms   2 and 10:  -3.083 meV =   -35 K (distance: 0.727)

       Orbital exchange interaction matrix J_{i,j,m,n} (in K and meV)
          -6    5    0   23   11         -0.55895  0.47030  0.01477  1.99283  0.95277
         -36    0    0   36   55         -3.16526  0.02172 -0.02999  3.18489  4.74499
         -15  -11   -8   23   19         -1.34733 -0.99309 -0.71573  1.98806  1.65369
         -18   31   23  -10   45         -1.59849  2.69538  2.06498 -0.92072  3.92265
           1  -25  -13  -11  -10          0.09680 -2.22550 -1.16014 -1.01420 -0.90897

     Exchange interaction between atoms   3 and  4:   0.098 meV =     1 K (distance: 1.024)

       Orbital exchange interaction matrix J_{i,j,m,n} (in K and meV)
           0    0    0    0    0         -0.04171  0.06461 -0.03522 -0.01249 -0.04266
           0    1    0    0    0          0.02596  0.10111 -0.03880  0.07409  0.04533
           0   -1    0   -1   -1         -0.08290 -0.11956  0.08582 -0.10546 -0.10592
           0    0    0    0    0         -0.01822 -0.00103 -0.01081 -0.00461 -0.01778
           0    0    0    0    0         -0.04306  0.02264 -0.02548 -0.03201 -0.04303

     Exchange interaction between atoms   3 and  5:   0.097 meV =     1 K (distance: 1.024)

       Orbital exchange interaction matrix J_{i,j,m,n} (in K and meV)
           0    0    0    0    0         -0.01185  0.08317 -0.04336  0.05563  0.01912
           0    2   -1    1    0         -0.01550  0.25370 -0.09831  0.10830  0.04192
           0    1    0    1    0          0.01503  0.10887 -0.07111  0.10491 -0.00422
           0    0    0    0    0         -0.00317 -0.03823  0.08525 -0.07940  0.02631
           0    0    0    0    0         -0.00912  0.04298 -0.02260 -0.01790  0.00563

     Exchange interaction between atoms   3 and  6:   0.066 meV =     0 K (distance: 1.024)

       Orbital exchange interaction matrix J_{i,j,m,n} (in K and meV)
           0    0    0    0    0         -0.04572  0.02704 -0.03141  0.00600 -0.02151
           1    0    1    0    0          0.09921  0.04135  0.11001 -0.07438  0.04656
           0    1    0    0    0          0.04995  0.08914  0.04730 -0.06865  0.05449
           0    0    0    0    0         -0.04850 -0.02872 -0.03409  0.04540 -0.03228
           0    0    0    0    0         -0.02341 -0.01717 -0.02451  0.01323 -0.02278

     Exchange interaction between atoms   3 and  7:   0.065 meV =     0 K (distance: 1.024)

       Orbital exchange interaction matrix J_{i,j,m,n} (in K and meV)
           0    0    0    0    0         -0.02704  0.00385  0.01424 -0.02328  0.00486
           0    0    0    0    0         -0.04175 -0.03215  0.01395  0.00496 -0.01128
           0    0    1    0    0          0.03516  0.03317  0.10866 -0.03650 -0.01702
           0    0    0    0    0         -0.01562 -0.00643 -0.01652  0.01242 -0.00297
           0    0    0    0    0          0.00027 -0.01998 -0.03795  0.00739  0.00346

     Exchange interaction between atoms   3 and  8:  -0.072 meV =     0 K (distance: 1.233)

       Orbital exchange interaction matrix J_{i,j,m,n} (in K and meV)
           0    0    0    0    0          0.00636  0.00615 -0.00576  0.00341  0.00046
           0    0    0    0    0          0.03070 -0.00721 -0.03382  0.00017  0.01110
           0    0    0    0    0          0.03014 -0.02763 -0.03918  0.02127  0.03687
           0    0    0    0    0          0.00047 -0.00922  0.01909 -0.01038  0.01558
           0    0    0    0    0         -0.00906  0.01029  0.00172 -0.00611 -0.02137

     Exchange interaction between atoms   3 and  9:  -0.072 meV =     0 K (distance: 1.233)

       Orbital exchange interaction matrix J_{i,j,m,n} (in K and meV)
           0    0    0    0    0          0.00223 -0.00214  0.00213 -0.00234 -0.00173
           0    0    0    0    0         -0.00802 -0.01819  0.01749 -0.01702  0.03689
           0    0    0    0    0          0.01723 -0.00170 -0.04186  0.00473  0.02615
           0    0    0    0    0          0.01889 -0.01253  0.02364 -0.02645 -0.01324
           0    0    0    0    0         -0.01909  0.00176  0.01460  0.01100  0.01241

     Exchange interaction between atoms   3 and 10:  -0.059 meV =     0 K (distance: 1.615)

       Orbital exchange interaction matrix J_{i,j,m,n} (in K and meV)
           0    0    0    0    0         -0.01110 -0.01211 -0.00622  0.00053  0.00828
           0    0    0    0    0         -0.00457 -0.02166 -0.01620  0.00438  0.00636
           0    0    0    0    0          0.01206 -0.00517 -0.01826  0.01336 -0.00284
           0    0    0    0    0          0.01876  0.02052  0.01112 -0.00409  0.00760
           0    0    0    0    0         -0.01593 -0.00825 -0.00117 -0.00004 -0.00367

     Exchange interaction between atoms   4 and  5:   0.067 meV =     0 K (distance: 1.056)

       Orbital exchange interaction matrix J_{i,j,m,n} (in K and meV)
           0    0    0    0    0          0.01272  0.01743  0.00909  0.06496  0.05926
           0    0    0    0    0          0.01427  0.01080 -0.01526  0.08070  0.03893
           0    0    0    0    0         -0.00833 -0.00784 -0.03678 -0.06002 -0.05263
           0    2    0    1    4         -0.07245  0.21356  0.00610  0.09438  0.37391
           0    0    0    0    0         -0.01547 -0.00322 -0.03181 -0.03301 -0.01447

     Exchange interaction between atoms   4 and  6:  -0.048 meV =     0 K (distance: 1.000)

       Orbital exchange interaction matrix J_{i,j,m,n} (in K and meV)
           0    0    0    0    0         -0.03857 -0.03903  0.00834 -0.01848  0.01981
           0    0    0    0    0          0.01399 -0.04193  0.01415 -0.00011  0.06081
           0    0    0    0    0          0.00506 -0.00243 -0.02358 -0.00565 -0.01776
           0    0    0    1   -1         -0.03597 -0.02840 -0.03867  0.09613 -0.13721
           0    0    0    0    0         -0.04867 -0.02665 -0.00813  0.02766 -0.04054

     Exchange interaction between atoms   4 and  7:  -0.001 meV =     0 K (distance: 1.454)

       Orbital exchange interaction matrix J_{i,j,m,n} (in K and meV)
           0    0    0    0    0          0.00189  0.02342 -0.02392  0.02661 -0.05045
           0    0    0    0    0         -0.00013  0.04689 -0.03842  0.04057 -0.06986
           0    0    0    0    0          0.01820 -0.01799  0.02966 -0.01526  0.04432
           0    0    0    0    0         -0.01045  0.00823 -0.00784  0.01940 -0.02707
           0    0    0    0   -1         -0.02672  0.04372 -0.05564  0.03917 -0.09913

     Exchange interaction between atoms   4 and  8:  -0.024 meV =     0 K (distance: 1.590)

       Orbital exchange interaction matrix J_{i,j,m,n} (in K and meV)
           0    0    0    0    0         -0.00442  0.00161 -0.00239  0.00335 -0.00576
           0    0    0    0    0          0.00013  0.00196 -0.00371  0.01294 -0.01637
           0    0    0    0    0         -0.01330 -0.00200 -0.01126 -0.01728  0.02089
           0    0    0    0    0          0.00840  0.00040 -0.01547  0.00475 -0.00632
           0    0    0    0    0          0.00288  0.00414  0.00079  0.00847 -0.01471

     Exchange interaction between atoms   4 and  9:  -2.640 meV =   -30 K (distance: 0.727)

       Orbital exchange interaction matrix J_{i,j,m,n} (in K and meV)
          -5    0    8  -22    5         -0.50247 -0.07088  0.75571 -1.90980  0.47844
         -14   -9   -6  -22   14         -1.26096 -0.77797 -0.52048 -1.96856  1.22622
         -38    2    6  -37   58         -3.32064  0.22208  0.54569 -3.25082  5.00664
          16  -28  -22   -9  -46          1.45145 -2.48193 -1.98094 -0.77707 -3.97511
           3  -16  -27   11  -13          0.30232 -1.42521 -2.33871  1.02468 -1.12780

     Exchange interaction between atoms   4 and 10:  -0.075 meV =     0 K (distance: 1.279)

       Orbital exchange interaction matrix J_{i,j,m,n} (in K and meV)
           0    0    0    0    0         -0.01344 -0.00938  0.01098 -0.00776 -0.01430
           0    0    0    0    0         -0.01012 -0.00882  0.01131 -0.00324  0.00025
           0    0    0    0    0         -0.04112 -0.01496 -0.00503  0.00302  0.02180
           0    0    0    0    0          0.01587 -0.01322  0.01580 -0.06308 -0.04803
           0    0    0    0    0         -0.00782  0.01660 -0.00107 -0.01859  0.01530

     Exchange interaction between atoms   5 and  6:  -0.048 meV =     0 K (distance: 1.454)

       Orbital exchange interaction matrix J_{i,j,m,n} (in K and meV)
           0    0    0    0    0         -0.02830  0.00208  0.02378 -0.03802  0.04386
           0    0    0    0    0         -0.01034 -0.01206  0.00275 -0.02910  0.00441
           0    0    0    0    0         -0.03656  0.01130  0.02741 -0.04415  0.04564
           0    0    0    0    0         -0.00173  0.00420 -0.01783  0.02373 -0.00312
           0    0    0    0    0          0.03330 -0.01844 -0.03687  0.02748 -0.05857

     Exchange interaction between atoms   5 and  7:  -0.048 meV =     0 K (distance: 1.000)

       Orbital exchange interaction matrix J_{i,j,m,n} (in K and meV)
           0    0    0    0    0         -0.03857 -0.03903  0.00834 -0.01848  0.01981
           0    0    0    0    0          0.01399 -0.04193  0.01415 -0.00011  0.06081
           0    0    0    0    0          0.00506 -0.00243 -0.02358 -0.00565 -0.01776
           0    0    0    1   -1         -0.03597 -0.02840 -0.03867  0.09613 -0.13721
           0    0    0    0    0         -0.04867 -0.02665 -0.00813  0.02766 -0.04054

     Exchange interaction between atoms   5 and  8:  -0.024 meV =     0 K (distance: 1.590)

       Orbital exchange interaction matrix J_{i,j,m,n} (in K and meV)
           0    0    0    0    0         -0.00114  0.01277  0.00244 -0.00036 -0.00788
           0    0    0    0    0          0.01053  0.01088  0.00474  0.01042 -0.02918
           0    0    0    0    0         -0.00819  0.00410 -0.01466 -0.01813  0.01293
           0    0    0    0    0          0.00951 -0.01239  0.01081 -0.01425  0.01027
           0    0    0    0    0          0.00584 -0.00587  0.00937 -0.00310 -0.00486

     Exchange interaction between atoms   5 and  9:  -2.643 meV =   -30 K (distance: 0.727)

       Orbital exchange interaction matrix J_{i,j,m,n} (in K and meV)
          -7    6    0   23  -11         -0.61306  0.53603 -0.03544  1.99955 -0.97450
         -35    1    0   36  -53         -3.06514  0.15108 -0.05112  3.16107 -4.59200
          14   10   -7  -21   18          1.27557  0.90689 -0.62523 -1.83205  1.55400
         -18   31  -23   -7  -45         -1.58932  2.69138 -2.02287 -0.64427 -3.95135
          -1   26  -12   13  -10         -0.15718  2.25641 -1.11121  1.13127 -0.91108

     Exchange interaction between atoms   5 and 10:  -2.251 meV =   -26 K (distance: 0.721)

       Orbital exchange interaction matrix J_{i,j,m,n} (in K and meV)
         -12   22   17   -7   -7         -1.10901  1.97607  1.51775 -0.68210 -0.67895
         -47   14   22    0   -4         -4.12550  1.29009  1.90133  0.06336 -0.36780
         -24   37  -22  -12    0         -2.12546  3.22825 -1.94705 -1.08859  0.05464
          26   -8  -14   -4    0          2.32358 -0.76247 -1.24653 -0.42331  0.01912
          16  -15    3    2    0          1.38306 -1.35314  0.32786  0.20342 -0.06212

     Exchange interaction between atoms   6 and  7:   0.067 meV =     0 K (distance: 1.056)

       Orbital exchange interaction matrix J_{i,j,m,n} (in K and meV)
           0    0    0    0    0          0.01272  0.01743  0.00909  0.06496  0.05926
           0    0    0    0    0          0.01427  0.01080 -0.01526  0.08070  0.03893
           0    0    0    0    0         -0.00833 -0.00784 -0.03678 -0.06002 -0.05263
           0    2    0    1    4         -0.07245  0.21356  0.00610  0.09438  0.37391
           0    0    0    0    0         -0.01547 -0.00322 -0.03181 -0.03301 -0.01447

     Exchange interaction between atoms   6 and  8:  -3.082 meV =   -35 K (distance: 0.727)

       Orbital exchange interaction matrix J_{i,j,m,n} (in K and meV)
          -6    5    0   23  -11         -0.55978  0.47053 -0.01452  1.99256 -0.95253
         -36    0    0   36  -55         -3.16597  0.02205  0.02984  3.18499 -4.74509
          15   11   -8  -23   19          1.34803  0.99518 -0.71595 -1.98844  1.65393
         -18   31  -23  -10  -45         -1.59923  2.69615 -2.06503 -0.92077 -3.92217
          -1   25  -13   11  -10         -0.09685  2.22703 -1.16000  1.01319 -0.90754

     Exchange interaction between atoms   6 and  9:  -0.025 meV =     0 K (distance: 1.591)

       Orbital exchange interaction matrix J_{i,j,m,n} (in K and meV)
           0    0    0    0    0          0.00004  0.00973  0.00214  0.00495 -0.01436
           0    0    0    0    0          0.00841  0.01178  0.00721  0.01259 -0.03450
           0    0    0    0    0         -0.00395  0.00457 -0.01377 -0.00234  0.00658
           0    0    0    0    0          0.00985 -0.00838  0.01128 -0.01925  0.01671
           0    0    0    0    0          0.00186 -0.00094  0.00892 -0.00579 -0.00364

     Exchange interaction between atoms   6 and 10:  -0.023 meV =     0 K (distance: 1.623)

       Orbital exchange interaction matrix J_{i,j,m,n} (in K and meV)
           0    0    0    0    0          0.00073 -0.00443  0.00232 -0.00320  0.01177
           0    0    0    0    0         -0.00117 -0.01886  0.00199 -0.01237  0.00539
           0    0    0    0    0         -0.01088  0.00995  0.01069 -0.00326 -0.00181
           0    0    0    0    0          0.00952  0.00207 -0.00370 -0.00600 -0.02304
           0    0    0    0    0          0.00537 -0.00522 -0.00196 -0.00085 -0.00980

     Exchange interaction between atoms   7 and  8:  -3.083 meV =   -35 K (distance: 0.727)

       Orbital exchange interaction matrix J_{i,j,m,n} (in K and meV)
          -6    0    9  -23    6         -0.56758 -0.06824  0.80776 -2.03434  0.58937
         -15  -10   -5  -25   15         -1.37785 -0.87850 -0.51233 -2.16500  1.34503
         -39    2    6  -38   58         -3.39835  0.19724  0.53930 -3.31108  5.07670
          16  -30  -23  -10  -45          1.42579 -2.64116 -1.99979 -0.93409 -3.92753
           3  -18  -27   11  -14          0.33571 -1.57762 -2.40890  0.99259 -1.24178

     Exchange interaction between atoms   7 and  9:  -0.024 meV =     0 K (distance: 1.591)

       Orbital exchange interaction matrix J_{i,j,m,n} (in K and meV)
           0    0    0    0    0         -0.00595 -0.00010 -0.00656  0.00890 -0.00843
           0    0    0    0    0         -0.00437  0.00055 -0.01196  0.02450 -0.01889
           0    0    0    0    0         -0.00532 -0.00985 -0.00649 -0.01156  0.01648
           0    0    0    0    0          0.00218 -0.00331 -0.02300  0.00232 -0.01119
           0    0    0    0    0         -0.00051  0.00210 -0.00469  0.00619 -0.01474

     Exchange interaction between atoms   7 and 10:  -0.052 meV =     0 K (distance: 1.233)

       Orbital exchange interaction matrix J_{i,j,m,n} (in K and meV)
           0    0    0    0    0          0.00139 -0.00091 -0.00255  0.00128  0.00135
           0    0    0    0    0         -0.00722 -0.01637 -0.02406 -0.00754 -0.03541
           0    0    0    0    0         -0.01688  0.00691 -0.03887  0.00670  0.01184
           0    0    0    0    0          0.02890 -0.00915 -0.02425 -0.02036  0.02245
           0    0    0    0    0          0.02689 -0.00288  0.01348 -0.01028  0.02228

     Exchange interaction between atoms   8 and  9:   0.005 meV =     0 K (distance: 2.000)

       Orbital exchange interaction matrix J_{i,j,m,n} (in K and meV)
           0    0    0    0    0          0.00577 -0.01773  0.01117 -0.00872  0.00465
           0    0    0    0    0          0.00264  0.00664 -0.01951  0.01247 -0.01218
           0    0    0    0    0          0.01450 -0.03306  0.00320 -0.00590 -0.01036
           0    0    0    0    0          0.00081  0.01790 -0.00008 -0.00546  0.00127
           0    0    0    0    0         -0.00191 -0.00929 -0.01456  0.00854 -0.00523

     Exchange interaction between atoms   8 and 10:   0.015 meV =     0 K (distance: 1.746)

       Orbital exchange interaction matrix J_{i,j,m,n} (in K and meV)
           0    0    0    0    0          0.00782 -0.00687 -0.00264 -0.00962  0.00271
           0    0    0    0    0         -0.00075  0.00467  0.00866  0.02197 -0.00823
           0    0    0    0    0         -0.00293 -0.00491  0.00807  0.00083  0.00050
           0    0    0    0    0         -0.00954  0.00126  0.00556 -0.00389  0.01264
           0    0    0    0    0          0.00405 -0.00817 -0.00291 -0.00208 -0.00156

     Exchange interaction between atoms   9 and 10:   0.094 meV =     1 K (distance: 1.024)

       Orbital exchange interaction matrix J_{i,j,m,n} (in K and meV)
           0    0    1    0   -1         -0.07322 -0.07660  0.12037 -0.03703 -0.08842
           0    1   -1    0    0          0.01882  0.11347 -0.15629  0.02553  0.06694
           0    0    1    0    0         -0.03480 -0.06633  0.12085 -0.02351 -0.03205
           0   -1    1    0    0         -0.08093 -0.11143  0.11127 -0.02514 -0.08132
           0    0    0    0    0         -0.05367 -0.02316  0.04185 -0.02687 -0.04208

     Computed orbitals occupations should coincide with your DFT results
     If they differ significantly - check your integration contour.

     For atom  1 spin 1
        Orbital 1 occupation:  0.442
        Orbital 2 occupation:  0.834
        Orbital 3 occupation:  0.920
        Orbital 4 occupation:  0.889
        Orbital 5 occupation:  0.426

     For atom  1 spin 2
        Orbital 1 occupation:  0.152
        Orbital 2 occupation:  0.099
        Orbital 3 occupation:  0.085
        Orbital 4 occupation:  0.090
        Orbital 5 occupation:  0.152

     For atom  2 spin 1
        Orbital 1 occupation:  0.152
        Orbital 2 occupation:  0.099
        Orbital 3 occupation:  0.085
        Orbital 4 occupation:  0.090
        Orbital 5 occupation:  0.152

     For atom  2 spin 2
        Orbital 1 occupation:  0.442
        Orbital 2 occupation:  0.834
        Orbital 3 occupation:  0.920
        Orbital 4 occupation:  0.889
        Orbital 5 occupation:  0.426

     For atom  3 spin 1
        Orbital 1 occupation:  0.152
        Orbital 2 occupation:  0.099
        Orbital 3 occupation:  0.085
        Orbital 4 occupation:  0.090
        Orbital 5 occupation:  0.152

     For atom  3 spin 2
        Orbital 1 occupation:  0.442
        Orbital 2 occupation:  0.834
        Orbital 3 occupation:  0.920
        Orbital 4 occupation:  0.889
        Orbital 5 occupation:  0.426

     For atom  4 spin 1
        Orbital 1 occupation:  0.152
        Orbital 2 occupation:  0.099
        Orbital 3 occupation:  0.085
        Orbital 4 occupation:  0.090
        Orbital 5 occupation:  0.152

     For atom  4 spin 2
        Orbital 1 occupation:  0.442
        Orbital 2 occupation:  0.834
        Orbital 3 occupation:  0.920
        Orbital 4 occupation:  0.889
        Orbital 5 occupation:  0.426

     For atom  5 spin 1
        Orbital 1 occupation:  0.152
        Orbital 2 occupation:  0.099
        Orbital 3 occupation:  0.085
        Orbital 4 occupation:  0.090
        Orbital 5 occupation:  0.152

     For atom  5 spin 2
        Orbital 1 occupation:  0.442
        Orbital 2 occupation:  0.834
        Orbital 3 occupation:  0.920
        Orbital 4 occupation:  0.889
        Orbital 5 occupation:  0.426

     For atom  6 spin 1
        Orbital 1 occupation:  0.152
        Orbital 2 occupation:  0.099
        Orbital 3 occupation:  0.085
        Orbital 4 occupation:  0.090
        Orbital 5 occupation:  0.152

     For atom  6 spin 2
        Orbital 1 occupation:  0.442
        Orbital 2 occupation:  0.834
        Orbital 3 occupation:  0.920
        Orbital 4 occupation:  0.889
        Orbital 5 occupation:  0.426

     For atom  7 spin 1
        Orbital 1 occupation:  0.152
        Orbital 2 occupation:  0.099
        Orbital 3 occupation:  0.085
        Orbital 4 occupation:  0.090
        Orbital 5 occupation:  0.152

     For atom  7 spin 2
        Orbital 1 occupation:  0.442
        Orbital 2 occupation:  0.834
        Orbital 3 occupation:  0.920
        Orbital 4 occupation:  0.889
        Orbital 5 occupation:  0.426

     For atom  8 spin 1
        Orbital 1 occupation:  0.442
        Orbital 2 occupation:  0.834
        Orbital 3 occupation:  0.920
        Orbital 4 occupation:  0.889
        Orbital 5 occupation:  0.426

     For atom  8 spin 2
        Orbital 1 occupation:  0.152
        Orbital 2 occupation:  0.099
        Orbital 3 occupation:  0.085
        Orbital 4 occupation:  0.090
        Orbital 5 occupation:  0.152

     For atom  9 spin 1
        Orbital 1 occupation:  0.442
        Orbital 2 occupation:  0.834
        Orbital 3 occupation:  0.920
        Orbital 4 occupation:  0.889
        Orbital 5 occupation:  0.426

     For atom  9 spin 2
        Orbital 1 occupation:  0.152
        Orbital 2 occupation:  0.099
        Orbital 3 occupation:  0.085
        Orbital 4 occupation:  0.090
        Orbital 5 occupation:  0.152

     For atom 10 spin 1
        Orbital 1 occupation:  0.442
        Orbital 2 occupation:  0.834
        Orbital 3 occupation:  0.920
        Orbital 4 occupation:  0.889
        Orbital 5 occupation:  0.426

     For atom 10 spin 2
        Orbital 1 occupation:  0.152
        Orbital 2 occupation:  0.099
        Orbital 3 occupation:  0.085
        Orbital 4 occupation:  0.090
        Orbital 5 occupation:  0.152

     Execution time:  439 seconds
