
     ------------------------------------------------------------------
                           Program EXCHANGES                           
      for calculation of exchange parameters of the Heisenberg model.  

     Please cite "D. M. Korotin et al., Phys. Rev. B 91, 224405 (2015)"
         in publications or presentations arising from this work.      
     ------------------------------------------------------------------

        We are using the model with the exchange term defined as:      

                        H = \sum_ij J_{ij} e_i e_j,                    

      where e_i,j are unit vectors and sum runs once over ions pairs   

     ------------------------------------------------------------------


     Running in   1 threads

     Parameters of integration contour:
     emin = -30.000  emax =  0.000  height = 0.010 (eV)
     nz1 =  150  nz2 = 3000  nz3 =  150

     Cell constant (alat) 10.051688002 Bohr
     Cell vectors (rows):
         1.00000  0.00000  0.00000
         0.00000  1.05616  0.00000
         0.00000  0.00000  1.44172
     Atoms of the initial cell:
       Y     0.01860  0.98597  0.36051
       Y     0.51860  0.59827  1.08137
       Y     0.48140  0.45789  0.36035
       Y     0.98140  0.07019  1.08121
       Cr1   0.00000  0.52808  0.00000
       Cr2   0.50000  0.00000  0.00000
       Cr1   0.50000  0.00000  0.72086
       Cr2   1.00000  0.52808  0.72086
       O     0.69206  0.32042  1.35787
       O     0.19557  0.21082  0.08175
       O     0.80794  0.84850  0.80471
       O     0.30443  0.73890  0.63911
       O     0.30794  0.73574  0.08385
       O     0.80443  0.84534  1.35997
       O     0.19206  0.20766  0.63701
       O     0.69557  0.31726  0.80261
       O     0.11166  0.48409  1.08092
       O     0.61166  0.04399  0.36006
       O     0.38834  1.01217  1.08166
       O     0.88834  0.57207  0.36080

     We have the following basis for the hamiltonian and the green function:
      56 orbitals grouped in 16 blocks:
     Cr1 (atom  5):   5 d-orbitals (3z^2-1     xz         yz         x^2-y^2    xy         )
     Cr2 (atom  6):   5 d-orbitals (3z^2-1     xz         yz         x^2-y^2    xy         )
     Cr1 (atom  7):   5 d-orbitals (3z^2-1     xz         yz         x^2-y^2    xy         )
     Cr2 (atom  8):   5 d-orbitals (3z^2-1     xz         yz         x^2-y^2    xy         )
       O (atom  9):   3 p-orbitals (z          x          y          )
       O (atom 10):   3 p-orbitals (z          x          y          )
       O (atom 11):   3 p-orbitals (z          x          y          )
       O (atom 12):   3 p-orbitals (z          x          y          )
       O (atom 13):   3 p-orbitals (z          x          y          )
       O (atom 14):   3 p-orbitals (z          x          y          )
       O (atom 15):   3 p-orbitals (z          x          y          )
       O (atom 16):   3 p-orbitals (z          x          y          )
       O (atom 17):   3 p-orbitals (z          x          y          )
       O (atom 18):   3 p-orbitals (z          x          y          )
       O (atom 19):   3 p-orbitals (z          x          y          )
       O (atom 20):   3 p-orbitals (z          x          y          )

     We will consider   11 atoms: 
      1: Cr1   0.00000  0.52808  0.00000   ( distance =  0.00000 alat )
      2: Cr2   0.00000  0.52808 -0.72086   ( distance =  0.72086 alat )
      3: Cr2   0.00000  0.52808  0.72086   ( distance =  0.72086 alat )
      4: Cr2  -0.50000  0.00000  0.00000   ( distance =  0.72723 alat )
      5: Cr2  -0.50000  1.05616  0.00000   ( distance =  0.72723 alat )
      6: Cr2   0.50000  0.00000  0.00000   ( distance =  0.72723 alat )
      7: Cr2   0.50000  1.05616  0.00000   ( distance =  0.72723 alat )
      8: Cr1  -1.00000  0.52808  0.00000   ( distance =  1.00000 alat )
      9: Cr1   1.00000  0.52808  0.00000   ( distance =  1.00000 alat )
     10: Cr1   0.50000  0.00000  0.72086   ( distance =  1.02397 alat )
     11: Cr2   1.00000  0.52808  0.72086   ( distance =  1.23274 alat )

     Exchange interaction between atoms   1 and  2:  -2.039 meV =   -23 K (distance: 0.721)

       Orbital exchange interaction matrix J_{i,j,m,n} (in K and meV)
          23   26   -5    9   -3          2.00215  2.26630 -0.46178  0.83411 -0.28821
         -29  -10  -21   -3   -9         -2.50823 -0.88771 -1.84478 -0.26928 -0.86124
          29   -8  -25  -12  -10          2.58479 -0.69915 -2.20424 -1.08328 -0.94388
         -21   -9   -8   -7    0         -1.83467 -0.81023 -0.77158 -0.66741 -0.07723
          16    1   -4    0   -3          1.44091  0.12441 -0.35084 -0.02527 -0.28225

     Exchange interaction between atoms   1 and  3:  -2.039 meV =   -23 K (distance: 0.721)

       Orbital exchange interaction matrix J_{i,j,m,n} (in K and meV)
          23   26   -5    9   -3          2.00216  2.26631 -0.46182  0.83408 -0.28820
         -29  -10  -21   -3   -9         -2.50822 -0.88768 -1.84473 -0.26920 -0.86124
          29   -8  -25  -12  -10          2.58476 -0.69914 -2.20423 -1.08334 -0.94388
         -21   -9   -8   -7    0         -1.83468 -0.81023 -0.77154 -0.66737 -0.07724
          16    1   -4    0   -3          1.44090  0.12442 -0.35084 -0.02530 -0.28225

     Exchange interaction between atoms   1 and  4:  -2.407 meV =   -27 K (distance: 0.727)

       Orbital exchange interaction matrix J_{i,j,m,n} (in K and meV)
           5   20   13   -5  -21          0.49313  1.78768  1.12614 -0.50861 -1.85415
         -15  -19  -22   -8   52         -1.36976 -1.68566 -1.91902 -0.69561  4.53893
          -2  -10  -14  -10   25         -0.17423 -0.87961 -1.28032 -0.91587  2.22952
          35  -11  -12  -23  -29          3.05563 -0.96301 -1.04073 -1.99395 -2.51717
         -13  -20   -8   22   23         -1.17723 -1.79404 -0.72047  1.95236  2.06026

     Exchange interaction between atoms   1 and  5:  -3.419 meV =   -39 K (distance: 0.727)

       Orbital exchange interaction matrix J_{i,j,m,n} (in K and meV)
           7   14  -25    7   24          0.63558  1.21700 -2.17694  0.67839  2.13182
           0  -13   12   16  -24         -0.02009 -1.17860  1.08849  1.41783 -2.08019
          22   18  -26    7   58          1.90565  1.56204 -2.29698  0.63467  5.01393
         -34   11   -9  -34  -23         -2.94947  0.98815 -0.81249 -2.97280 -2.00697
          19    8  -28   34   27          1.69174  0.76159 -2.47674  2.95333  2.39379

     Exchange interaction between atoms   1 and  6:  -3.419 meV =   -39 K (distance: 0.727)

       Orbital exchange interaction matrix J_{i,j,m,n} (in K and meV)
           7   14  -25    7   24          0.63555  1.21702 -2.17701  0.67834  2.13185
           0  -13   12   16  -24         -0.02008 -1.17866  1.08856  1.41789 -2.08018
          22   18  -26    7   58          1.90555  1.56212 -2.29716  0.63443  5.01391
         -34   11   -9  -34  -23         -2.94940  0.98812 -0.81237 -2.97270 -2.00697
          19    8  -28   34   27          1.69172  0.76158 -2.47682  2.95329  2.39385

     Exchange interaction between atoms   1 and  7:  -2.407 meV =   -27 K (distance: 0.727)

       Orbital exchange interaction matrix J_{i,j,m,n} (in K and meV)
           5   20   13   -5  -21          0.49314  1.78772  1.12614 -0.50867 -1.85410
         -15  -19  -22   -8   52         -1.36982 -1.68574 -1.91909 -0.69537  4.53882
          -2  -10  -14  -10   25         -0.17423 -0.87961 -1.28036 -0.91578  2.22943
          35  -11  -12  -23  -29          3.05584 -0.96294 -1.04063 -1.99410 -2.51720
         -13  -20   -8   22   23         -1.17729 -1.79408 -0.72049  1.95239  2.06025

     Exchange interaction between atoms   1 and  8:   0.017 meV =     0 K (distance: 1.000)

       Orbital exchange interaction matrix J_{i,j,m,n} (in K and meV)
          -1    0    0    0    0         -0.08621 -0.07582  0.01200  0.00145  0.06158
           1    0    0    0    0          0.10051  0.08463 -0.01372 -0.00478 -0.06310
           0    0    0    0    0          0.05731  0.03919 -0.02707 -0.00950 -0.02064
           0    0    0    0    0         -0.02003 -0.04737 -0.04797  0.06455  0.01162
           0    0    0    0    0          0.04506  0.06826 -0.00244  0.02354 -0.01863

     Exchange interaction between atoms   1 and  9:   0.017 meV =     0 K (distance: 1.000)

       Orbital exchange interaction matrix J_{i,j,m,n} (in K and meV)
          -1    0    0    0    0         -0.08619 -0.07582  0.01199  0.00146  0.06160
           1    0    0    0    0          0.10048  0.08462 -0.01371 -0.00479 -0.06311
           0    0    0    0    0          0.05731  0.03919 -0.02707 -0.00949 -0.02065
           0    0    0    0    0         -0.02003 -0.04738 -0.04796  0.06455  0.01164
           0    0    0    0    0          0.04506  0.06826 -0.00243  0.02353 -0.01864

     Exchange interaction between atoms   1 and 10:  -0.019 meV =     0 K (distance: 1.024)

       Orbital exchange interaction matrix J_{i,j,m,n} (in K and meV)
           0    0    0    0   -1         -0.07739 -0.05116  0.07910 -0.04167 -0.09128
           0    0   -1    0    1          0.05464  0.04078 -0.08918  0.04433  0.09084
           0    0    1    0    0         -0.01062 -0.03541  0.10602 -0.00204 -0.04955
          -1   -1    1    0    0         -0.09772 -0.09352  0.09261 -0.03883 -0.07033
           0    0    0    0    0         -0.02361 -0.02574  0.05994 -0.00587 -0.04997

     Exchange interaction between atoms   1 and 11:  -0.034 meV =     0 K (distance: 1.233)

       Orbital exchange interaction matrix J_{i,j,m,n} (in K and meV)
           0    0    0    0    0          0.03544  0.03357  0.00384 -0.02720 -0.00593
           0    0    0    0    0         -0.07063 -0.04742 -0.01468  0.04353  0.00095
           0    0    0    0    0         -0.01561 -0.02138 -0.00706 -0.01569 -0.04217
           0    0    0    0    0          0.01913  0.03790 -0.00723 -0.02287 -0.01363
           0    0    0    0    0         -0.01575 -0.03450 -0.00445  0.01353  0.00814

     Exchange interaction between atoms   2 and  3:  -0.247 meV =    -2 K (distance: 1.442)

       Orbital exchange interaction matrix J_{i,j,m,n} (in K and meV)
          -2    0    0    0    0         -0.20556  0.04740 -0.06141 -0.05514  0.02441
           0    0    0    0    0         -0.01956 -0.01365  0.01764  0.00135  0.01401
           0    0    0    0    0          0.03288 -0.00631  0.01426  0.02650 -0.00364
           0    0    0    0    0          0.03446 -0.00445  0.02466 -0.02040  0.02710
           0    0    0    0    0         -0.03190  0.01547 -0.01778 -0.00764 -0.02126

     Exchange interaction between atoms   2 and  4:   0.013 meV =     0 K (distance: 1.024)

       Orbital exchange interaction matrix J_{i,j,m,n} (in K and meV)
           0    0    0    0    0         -0.00856  0.05846 -0.04505  0.03508  0.02222
           0    2   -1    0    0          0.01837  0.21335 -0.10324  0.04204  0.02810
           0    1   -1    1    0         -0.01281  0.10635 -0.10428  0.09879 -0.00429
           0    0    0   -1    0          0.00971 -0.02566  0.08052 -0.09388  0.02262
           0    0    0    0    0         -0.00514  0.01954 -0.02774 -0.01126  0.00587

     Exchange interaction between atoms   2 and  5:   0.013 meV =     0 K (distance: 1.024)

       Orbital exchange interaction matrix J_{i,j,m,n} (in K and meV)
           0    0    0    0    0         -0.04273  0.04142 -0.03330 -0.01840 -0.03061
           0    0    0    0    0          0.04735  0.06033 -0.00950  0.07900  0.04506
           0   -1    0   -1    0         -0.06520 -0.09084  0.03399 -0.11639 -0.08417
           0    0    0    0    0         -0.01675  0.01408 -0.00038  0.00462  0.01896
           0    0    0    0    0         -0.03992 -0.00638 -0.00869 -0.02828 -0.04367

     Exchange interaction between atoms   2 and  6:   0.005 meV =     0 K (distance: 1.024)

       Orbital exchange interaction matrix J_{i,j,m,n} (in K and meV)
           0    0    0    0    0         -0.04782  0.01548  0.00645 -0.02359  0.00502
           0    0    0    0    0         -0.03540 -0.00751  0.01999  0.01774 -0.03544
           0    0    0    0    0          0.05444  0.06114  0.07092 -0.06158  0.03303
           0    0    0    0    0         -0.01530 -0.00646 -0.02348 -0.00980 -0.01642
           0    0    0    0    0         -0.01069 -0.02670 -0.01876  0.02507 -0.00097

     Exchange interaction between atoms   2 and  7:   0.005 meV =     0 K (distance: 1.024)

       Orbital exchange interaction matrix J_{i,j,m,n} (in K and meV)
           0    0    0    0    0         -0.04196  0.01547 -0.05600  0.00249 -0.00544
           1    0    1    0    0          0.13495 -0.02416  0.09061 -0.07496  0.03447
           0    0    0    0    0          0.06955  0.04611  0.05827 -0.05733  0.05884
           0    0    0    0    0         -0.06245 -0.04779 -0.01443  0.03209 -0.03000
           0    0    0    0    0         -0.02759  0.00404 -0.02973  0.01917 -0.01944

     Exchange interaction between atoms   2 and  8:  -0.019 meV =     0 K (distance: 1.233)

       Orbital exchange interaction matrix J_{i,j,m,n} (in K and meV)
           0    0    0    0    0          0.01500 -0.00232  0.00752  0.00050 -0.01420
           0    0    0    0    0         -0.01199 -0.03552 -0.00829 -0.01449  0.00535
           0    0    0    0    0          0.00925 -0.00329  0.00422  0.02387  0.01272
           0    0    0    0    0         -0.01021 -0.00870  0.00212 -0.00958  0.00125
           0    0    0    0    0         -0.00698  0.01118  0.01166 -0.00316  0.00703

     Exchange interaction between atoms   2 and  9:  -0.034 meV =     0 K (distance: 1.233)

       Orbital exchange interaction matrix J_{i,j,m,n} (in K and meV)
           0    0    0    0    0          0.02200  0.00898  0.00547  0.00467 -0.00914
           0    0    0    0    0         -0.01085 -0.00048 -0.03685 -0.02814  0.00213
           0    0    0    0    0         -0.04287 -0.02127 -0.02549  0.00189  0.02634
           0    0    0    0    0          0.01090  0.01336  0.01428 -0.01313  0.01324
           0    0    0    0    0          0.01426 -0.00220  0.00232  0.00659 -0.01665

     Exchange interaction between atoms   2 and 10:   0.012 meV =     0 K (distance: 1.615)

       Orbital exchange interaction matrix J_{i,j,m,n} (in K and meV)
           0    0    0    0    0          0.01582 -0.00330  0.01075  0.00343 -0.01388
           0    0    0    0    0         -0.01408 -0.02067  0.00171 -0.00668 -0.00741
           0    0    0    0    0          0.01736  0.00204 -0.00767 -0.01044 -0.00285
           0    0    0    0    0         -0.00613 -0.01002 -0.01043  0.02641  0.00216
           0    0    0    0    0         -0.00179  0.00553  0.00718 -0.00781 -0.00153

     Exchange interaction between atoms   2 and 11:   0.031 meV =     0 K (distance: 1.755)

       Orbital exchange interaction matrix J_{i,j,m,n} (in K and meV)
           0    0    0    0    0         -0.00655 -0.00070 -0.00432 -0.00517  0.01260
           0    0    0    0    0          0.01932  0.01638  0.01837 -0.01215 -0.00470
           0    0    0    0    0          0.03186 -0.01031  0.03166 -0.02169 -0.00778
           0    0    0    0    0         -0.00676  0.01608  0.00200 -0.01265  0.01149
           0    0    0    0    0         -0.00902 -0.00658 -0.00587  0.01329  0.00176

     Exchange interaction between atoms   3 and  4:   0.005 meV =     0 K (distance: 1.024)

       Orbital exchange interaction matrix J_{i,j,m,n} (in K and meV)
           0    0    0    0    0         -0.04195  0.01548 -0.05600  0.00250 -0.00542
           1    0    1    0    0          0.13495 -0.02415  0.09058 -0.07495  0.03450
           0    0    0    0    0          0.06954  0.04613  0.05825 -0.05731  0.05885
           0    0    0    0    0         -0.06248 -0.04776 -0.01444  0.03209 -0.03001
           0    0    0    0    0         -0.02757  0.00402 -0.02972  0.01917 -0.01944

     Exchange interaction between atoms   3 and  5:   0.005 meV =     0 K (distance: 1.024)

       Orbital exchange interaction matrix J_{i,j,m,n} (in K and meV)
           0    0    0    0    0         -0.04782  0.01549  0.00644 -0.02358  0.00503
           0    0    0    0    0         -0.03540 -0.00751  0.01997  0.01776 -0.03542
           0    0    0    0    0          0.05447  0.06109  0.07096 -0.06154  0.03301
           0    0    0    0    0         -0.01529 -0.00645 -0.02348 -0.00982 -0.01643
           0    0    0    0    0         -0.01072 -0.02667 -0.01877  0.02506 -0.00096

     Exchange interaction between atoms   3 and  6:   0.012 meV =     0 K (distance: 1.024)

       Orbital exchange interaction matrix J_{i,j,m,n} (in K and meV)
           0    0    0    0    0         -0.04272  0.04140 -0.03328 -0.01839 -0.03061
           0    0    0    0    0          0.04737  0.06031 -0.00949  0.07900  0.04505
           0   -1    0   -1    0         -0.06520 -0.09084  0.03396 -0.11638 -0.08416
           0    0    0    0    0         -0.01677  0.01409 -0.00040  0.00459  0.01893
           0    0    0    0    0         -0.03990 -0.00639 -0.00867 -0.02827 -0.04366

     Exchange interaction between atoms   3 and  7:   0.013 meV =     0 K (distance: 1.024)

       Orbital exchange interaction matrix J_{i,j,m,n} (in K and meV)
           0    0    0    0    0         -0.00856  0.05847 -0.04503  0.03511  0.02225
           0    2   -1    0    0          0.01836  0.21339 -0.10320  0.04210  0.02820
           0    1   -1    1    0         -0.01282  0.10635 -0.10428  0.09881 -0.00426
           0    0    0   -1    0          0.00971 -0.02565  0.08052 -0.09387  0.02262
           0    0    0    0    0         -0.00515  0.01955 -0.02772 -0.01125  0.00588

     Exchange interaction between atoms   3 and  8:  -0.034 meV =     0 K (distance: 1.233)

       Orbital exchange interaction matrix J_{i,j,m,n} (in K and meV)
           0    0    0    0    0          0.02199  0.00898  0.00548  0.00468 -0.00913
           0    0    0    0    0         -0.01087 -0.00047 -0.03686 -0.02814  0.00214
           0    0    0    0    0         -0.04287 -0.02126 -0.02549  0.00188  0.02634
           0    0    0    0    0          0.01089  0.01335  0.01427 -0.01315  0.01322
           0    0    0    0    0          0.01427 -0.00220  0.00234  0.00660 -0.01664

     Exchange interaction between atoms   3 and  9:  -0.019 meV =     0 K (distance: 1.233)

       Orbital exchange interaction matrix J_{i,j,m,n} (in K and meV)
           0    0    0    0    0          0.01499 -0.00232  0.00751  0.00049 -0.01421
           0    0    0    0    0         -0.01200 -0.03553 -0.00830 -0.01451  0.00532
           0    0    0    0    0          0.00928 -0.00331  0.00426  0.02389  0.01273
           0    0    0    0    0         -0.01021 -0.00871  0.00211 -0.00960  0.00123
           0    0    0    0    0         -0.00699  0.01120  0.01164 -0.00317  0.00703

     Exchange interaction between atoms   3 and 10:  -2.407 meV =   -27 K (distance: 0.727)

       Orbital exchange interaction matrix J_{i,j,m,n} (in K and meV)
          -6   -1   -8  -22   -6         -0.53873 -0.14227 -0.75571 -1.93041 -0.55456
         -14   -9    5  -23  -14         -1.27743 -0.83482  0.46768 -1.99853 -1.27354
          37   -2    8   37   56          3.19352 -0.25376  0.69923  3.26420  4.83647
          16  -28   23   -7   42          1.38471 -2.46303  2.00332 -0.60454  3.65522
          -4   15  -27  -13  -13         -0.37068  1.36830 -2.35472 -1.12705 -1.12783

     Exchange interaction between atoms   3 and 11:   0.013 meV =     0 K (distance: 1.000)

       Orbital exchange interaction matrix J_{i,j,m,n} (in K and meV)
           0    0    0    0    0         -0.03144  0.01090 -0.01099 -0.01661 -0.01336
           0    0    0    0    0          0.04603  0.05783 -0.00131  0.00099 -0.07816
           0    0    0    0    0          0.02187  0.00168 -0.05075  0.01042  0.01947
           0    0    0    0    1         -0.01429  0.00545  0.05011  0.07059  0.10047
           0    0    0    0    0          0.03178  0.00730  0.00478 -0.01149 -0.03368

     Exchange interaction between atoms   4 and  5:   0.052 meV =     0 K (distance: 1.056)

       Orbital exchange interaction matrix J_{i,j,m,n} (in K and meV)
           0    0    0    0    0          0.01543  0.05409  0.00471  0.06781  0.06807
           0    0    0    1    0          0.05701  0.04216 -0.03774  0.09098  0.05222
           0    0    0    0    0         -0.03148 -0.00529 -0.05262 -0.07684 -0.06595
           0    2    0    0    5         -0.05888  0.23222 -0.00778  0.05125  0.43154
           0    0    0    0    0         -0.00281 -0.01622 -0.03582 -0.05174 -0.00393

     Exchange interaction between atoms   4 and  6:   0.013 meV =     0 K (distance: 1.000)

       Orbital exchange interaction matrix J_{i,j,m,n} (in K and meV)
           0    0    0    0    0         -0.03143  0.01090  0.01101 -0.01661  0.01335
           0    0    0    0    0          0.04603  0.05781  0.00132  0.00098  0.07815
           0    0    0    0    0         -0.02187 -0.00167 -0.05074 -0.01042  0.01945
           0    0    0    0   -1         -0.01426  0.00541 -0.05014  0.07061 -0.10048
           0    0    0    0    0         -0.03176 -0.00732  0.00477  0.01150 -0.03367

     Exchange interaction between atoms   4 and  7:  -0.130 meV =    -1 K (distance: 1.454)

       Orbital exchange interaction matrix J_{i,j,m,n} (in K and meV)
           0    0    0    0    0         -0.05752 -0.02196  0.04096 -0.05065  0.05192
           0    0    0    0    0         -0.00502 -0.04144 -0.01993 -0.00588  0.01532
           0    0    0    0    0         -0.00687 -0.01458  0.05470 -0.05551  0.03137
           0    0    0    0    0         -0.01581  0.00786 -0.00013 -0.00411 -0.00671
           0    0    0    0    0          0.03168 -0.01145 -0.05945  0.05105 -0.08180

     Exchange interaction between atoms   4 and  8:  -3.419 meV =   -39 K (distance: 0.727)

       Orbital exchange interaction matrix J_{i,j,m,n} (in K and meV)
          -8    4    0   23  -12         -0.75414  0.40556 -0.03477  2.01342 -1.07460
         -38    0    0   36  -55         -3.27781 -0.00477 -0.04670  3.14683 -4.77712
          16   11   -7  -23   19          1.40081  0.96974 -0.66048 -2.01017  1.66853
         -19   29  -23  -12  -46         -1.67379  2.51554 -2.04628 -1.05474 -3.99608
          -3   23  -13   11  -10         -0.28269  2.05024 -1.15173  0.98731 -0.94498

     Exchange interaction between atoms   4 and  9:  -0.002 meV =     0 K (distance: 1.590)

       Orbital exchange interaction matrix J_{i,j,m,n} (in K and meV)
           0    0    0    0    0          0.01217  0.01017 -0.01132  0.00671 -0.00433
           0    0    0    0    0          0.00567 -0.00922 -0.01186  0.00352 -0.01976
           0    0    0    0    0          0.02079 -0.00629  0.00568 -0.01732  0.00758
           0    0    0    0    0          0.01304 -0.02237  0.00207 -0.01154  0.00197
           0    0    0    0    0         -0.00237 -0.01432 -0.00206 -0.00054  0.00091

     Exchange interaction between atoms   4 and 10:  -0.034 meV =     0 K (distance: 1.233)

       Orbital exchange interaction matrix J_{i,j,m,n} (in K and meV)
           0    0    0    0    0          0.02200  0.00897 -0.00547  0.00466  0.00913
           0    0    0    0    0         -0.01086 -0.00047  0.03687 -0.02815 -0.00213
           0    0    0    0    0          0.04289  0.02125 -0.02550 -0.00189  0.02632
           0    0    0    0    0          0.01088  0.01337 -0.01428 -0.01311 -0.01323
           0    0    0    0    0         -0.01428  0.00221  0.00233 -0.00658 -0.01665

     Exchange interaction between atoms   4 and 11:  -0.017 meV =     0 K (distance: 1.746)

       Orbital exchange interaction matrix J_{i,j,m,n} (in K and meV)
           0    0    0    0    0         -0.00070 -0.02396  0.00567 -0.00022 -0.02649
           0    0    0    0    0          0.01440 -0.01247 -0.00348  0.00106 -0.00511
           0    0    0    0    0          0.01333 -0.02549 -0.00407  0.01198 -0.02829
           0    0    0    0    0         -0.00386 -0.00431 -0.00953 -0.01142 -0.00434
           0    0    0    0    0         -0.00409  0.01001 -0.00358 -0.00679  0.01161

     Exchange interaction between atoms   5 and  6:  -0.085 meV =     0 K (distance: 1.454)

       Orbital exchange interaction matrix J_{i,j,m,n} (in K and meV)
           0    0    0    0    0         -0.03557  0.02410 -0.01181  0.03818 -0.07195
           0    0    0    0    0          0.00474  0.05876 -0.04137  0.06680 -0.05273
           0    0    0    0    0          0.00351 -0.00238  0.00770 -0.00402 -0.00300
           0    0    0    0    0         -0.02239  0.00665 -0.03998 -0.01443 -0.01105
           0    0    0    0   -1         -0.04919  0.03357 -0.05892  0.02841 -0.10112

     Exchange interaction between atoms   5 and  7:   0.013 meV =     0 K (distance: 1.000)

       Orbital exchange interaction matrix J_{i,j,m,n} (in K and meV)
           0    0    0    0    0         -0.03143  0.01090  0.01101 -0.01661  0.01335
           0    0    0    0    0          0.04603  0.05781  0.00132  0.00098  0.07815
           0    0    0    0    0         -0.02187 -0.00167 -0.05074 -0.01042  0.01945
           0    0    0    0   -1         -0.01426  0.00541 -0.05014  0.07061 -0.10048
           0    0    0    0    0         -0.03176 -0.00732  0.00477  0.01150 -0.03367

     Exchange interaction between atoms   5 and  8:  -2.407 meV =   -27 K (distance: 0.727)

       Orbital exchange interaction matrix J_{i,j,m,n} (in K and meV)
          -6   -1    8  -22    6         -0.53876 -0.14223  0.75571 -1.93039  0.55455
         -14   -9   -5  -23   14         -1.27745 -0.83477 -0.46766 -1.99854  1.27353
         -37    2    8  -37   56         -3.19350  0.25376  0.69923 -3.26418  4.83639
          16  -28  -23   -7  -42          1.38468 -2.46294 -2.00309 -0.60462 -3.65519
           4  -15  -27   13  -13          0.37072 -1.36828 -2.35464  1.12705 -1.12787

     Exchange interaction between atoms   5 and  9:  -0.036 meV =     0 K (distance: 1.590)

       Orbital exchange interaction matrix J_{i,j,m,n} (in K and meV)
           0    0    0    0    0          0.01133 -0.01249 -0.00515 -0.00080  0.01037
           0    0    0    0    0         -0.00881 -0.03092  0.01492 -0.01627 -0.00320
           0    0    0    0    0          0.00537 -0.00724 -0.01287  0.00186  0.00838
           0    0    0    0    0         -0.00372 -0.00825  0.00196  0.01040 -0.01739
           0    0    0    0    0         -0.01382  0.00003  0.00559  0.00475 -0.01384

     Exchange interaction between atoms   5 and 10:  -0.021 meV =     0 K (distance: 1.623)

       Orbital exchange interaction matrix J_{i,j,m,n} (in K and meV)
           0    0    0    0    0          0.00224  0.00415 -0.01161  0.00625 -0.00000
           0    0    0    0    0         -0.02323 -0.01412  0.00952  0.00399 -0.02632
           0    0    0    0    0          0.01939  0.00621 -0.00981 -0.00668 -0.00545
           0    0    0    0    0          0.00798  0.00026  0.00729  0.00224  0.00052
           0    0    0    0    0         -0.00691  0.00335  0.00967  0.00081 -0.00136

     Exchange interaction between atoms   5 and 11:  -0.017 meV =     0 K (distance: 1.746)

       Orbital exchange interaction matrix J_{i,j,m,n} (in K and meV)
           0    0    0    0    0          0.00069 -0.01457  0.00233 -0.01280 -0.00409
           0    0    0    0    0          0.02513 -0.01039 -0.02024 -0.00729  0.00524
           0    0    0    0    0          0.00346  0.00633 -0.00352 -0.01303 -0.00929
           0    0    0    0    0          0.01360 -0.01128 -0.00481 -0.00592  0.00208
           0    0    0    0    0          0.00784 -0.00609 -0.00234  0.00221  0.00210

     Exchange interaction between atoms   6 and  7:   0.052 meV =     0 K (distance: 1.056)

       Orbital exchange interaction matrix J_{i,j,m,n} (in K and meV)
           0    0    0    0    0          0.01543  0.05409  0.00471  0.06781  0.06807
           0    0    0    1    0          0.05701  0.04216 -0.03774  0.09098  0.05222
           0    0    0    0    0         -0.03148 -0.00529 -0.05262 -0.07684 -0.06595
           0    2    0    0    5         -0.05888  0.23222 -0.00778  0.05125  0.43154
           0    0    0    0    0         -0.00281 -0.01622 -0.03582 -0.05174 -0.00393

     Exchange interaction between atoms   6 and  8:  -0.036 meV =     0 K (distance: 1.590)

       Orbital exchange interaction matrix J_{i,j,m,n} (in K and meV)
           0    0    0    0    0          0.01134 -0.01250 -0.00514 -0.00080  0.01038
           0    0    0    0    0         -0.00879 -0.03093  0.01493 -0.01629 -0.00317
           0    0    0    0    0          0.00536 -0.00723 -0.01287  0.00188  0.00836
           0    0    0    0    0         -0.00373 -0.00824  0.00196  0.01039 -0.01739
           0    0    0    0    0         -0.01383  0.00003  0.00560  0.00474 -0.01383

     Exchange interaction between atoms   6 and  9:  -2.407 meV =   -27 K (distance: 0.727)

       Orbital exchange interaction matrix J_{i,j,m,n} (in K and meV)
          -6   -1    8  -22    6         -0.53868 -0.14229  0.75571 -1.93040  0.55455
         -14   -9   -5  -23   14         -1.27739 -0.83480 -0.46765 -1.99855  1.27356
         -37    2    8  -37   56         -3.19349  0.25375  0.69929 -3.26419  4.83647
          16  -28  -23   -7  -42          1.38476 -2.46310 -2.00327 -0.60459 -3.65509
           4  -15  -27   13  -13          0.37066 -1.36830 -2.35469  1.12701 -1.12776

     Exchange interaction between atoms   6 and 10:  -2.039 meV =   -23 K (distance: 0.721)

       Orbital exchange interaction matrix J_{i,j,m,n} (in K and meV)
         -12   22   16   -7   -6         -1.07698  1.97499  1.41260 -0.67430 -0.56464
         -45   16   22    0   -4         -3.89858  1.38099  1.90882 -0.05273 -0.34862
         -23   37  -21  -12    0         -1.98728  3.19048 -1.85308 -1.09262 -0.04314
          26   -9  -14   -5    0          2.24911 -0.83301 -1.28949 -0.44595 -0.00628
          16  -16    3    2    0          1.38685 -1.41348  0.29255  0.17940 -0.04441

     Exchange interaction between atoms   6 and 11:   0.005 meV =     0 K (distance: 1.024)

       Orbital exchange interaction matrix J_{i,j,m,n} (in K and meV)
           0    0    0    0    0         -0.04780  0.01546 -0.00645 -0.02362 -0.00499
           0    0    0    0    0         -0.03539 -0.00754 -0.01998  0.01771  0.03547
           0    0    0    0    0         -0.05443 -0.06115  0.07094  0.06153  0.03306
           0    0    0    0    0         -0.01532 -0.00643  0.02351 -0.00982  0.01642
           0    0    0    0    0          0.01068  0.02671 -0.01876 -0.02507 -0.00097

     Exchange interaction between atoms   7 and  8:  -0.002 meV =     0 K (distance: 1.590)

       Orbital exchange interaction matrix J_{i,j,m,n} (in K and meV)
           0    0    0    0    0          0.01218  0.01017 -0.01132  0.00671 -0.00431
           0    0    0    0    0          0.00568 -0.00923 -0.01187  0.00353 -0.01976
           0    0    0    0    0          0.02083 -0.00632  0.00569 -0.01735  0.00762
           0    0    0    0    0          0.01305 -0.02238  0.00208 -0.01155  0.00200
           0    0    0    0    0         -0.00238 -0.01431 -0.00206 -0.00053  0.00091

     Exchange interaction between atoms   7 and  9:  -3.419 meV =   -39 K (distance: 0.727)

       Orbital exchange interaction matrix J_{i,j,m,n} (in K and meV)
          -8    4    0   23  -12         -0.75415  0.40563 -0.03480  2.01348 -1.07462
         -38    0    0   36  -55         -3.27785 -0.00468 -0.04677  3.14694 -4.77723
          16   11   -7  -23   19          1.40088  0.96968 -0.66042 -2.01025  1.66866
         -19   29  -23  -12  -46         -1.67373  2.51525 -2.04620 -1.05492 -3.99594
          -3   23  -13   11  -10         -0.28263  2.05010 -1.15168  0.98725 -0.94484

     Exchange interaction between atoms   7 and 10:  -0.068 meV =     0 K (distance: 1.279)

       Orbital exchange interaction matrix J_{i,j,m,n} (in K and meV)
           0    0    0    0    0         -0.00426 -0.00266  0.00485 -0.00194 -0.00204
           0    0    0    0    0         -0.00813 -0.01692  0.01457 -0.00705 -0.01728
           0    0    0    0    0         -0.03295  0.01544  0.00860  0.00383  0.02770
           0    0    0    0    0          0.00307 -0.00428  0.02815 -0.06453 -0.02134
           0    0    0    0    0         -0.01217  0.01651  0.00336 -0.01996  0.00883

     Exchange interaction between atoms   7 and 11:   0.005 meV =     0 K (distance: 1.024)

       Orbital exchange interaction matrix J_{i,j,m,n} (in K and meV)
           0    0    0    0    0         -0.04194  0.01548  0.05601  0.00248  0.00544
           1    0   -1    0    0          0.13495 -0.02413 -0.09060 -0.07498 -0.03448
           0    0    0    0    0         -0.06952 -0.04611  0.05828  0.05733  0.05883
           0    0    0    0    0         -0.06243 -0.04781  0.01444  0.03210  0.03001
           0    0    0    0    0          0.02758 -0.00404 -0.02973 -0.01917 -0.01944

     Exchange interaction between atoms   8 and  9:  -0.010 meV =     0 K (distance: 2.000)

       Orbital exchange interaction matrix J_{i,j,m,n} (in K and meV)
           0    0    0    0    0         -0.03724 -0.02620 -0.00275 -0.00492 -0.00379
           0    0    0    0    0          0.04710  0.03558  0.00360  0.01953  0.00337
           0    0    0    0    0          0.02907  0.02329  0.00219 -0.00049  0.01194
           0    0    0    0    0         -0.01704  0.00570 -0.00041 -0.00817 -0.00453
           0    0    0    0    0          0.01310  0.01479  0.00256  0.00467 -0.00253

     Exchange interaction between atoms   8 and 10:  -0.008 meV =     0 K (distance: 1.746)

       Orbital exchange interaction matrix J_{i,j,m,n} (in K and meV)
           0    0    0    0    0         -0.01478 -0.01035  0.00979  0.00557 -0.00420
           0    0    0    0    0          0.01694  0.01454 -0.01409 -0.00256  0.00093
           0    0    0    0    0          0.01907  0.01719  0.00487 -0.00986  0.00201
           0    0    0    0    0         -0.00791  0.00866  0.00952 -0.00970  0.01220
           0    0    0    0    0          0.01280  0.00952  0.00079 -0.00359 -0.00324

     Exchange interaction between atoms   8 and 11:   0.012 meV =     0 K (distance: 2.126)

       Orbital exchange interaction matrix J_{i,j,m,n} (in K and meV)
           0    0    0    0    0          0.01234  0.02037  0.00419 -0.00296  0.00895
           0    0    0    0    0         -0.00844 -0.02527 -0.01183  0.00831 -0.02343
           0    0    0    0    0         -0.03328 -0.02366  0.00550  0.00316 -0.02000
           0    0    0    0    0         -0.00185  0.00730 -0.01183  0.01645 -0.01800
           0    0    0    0    0         -0.01259 -0.01719  0.00679 -0.00467  0.00258

     Exchange interaction between atoms   9 and 10:  -0.045 meV =     0 K (distance: 1.024)

       Orbital exchange interaction matrix J_{i,j,m,n} (in K and meV)
           0   -1    0    0    0         -0.06056 -0.08726 -0.04019 -0.03896 -0.02796
           0    0    0    0    0         -0.01841  0.01562  0.05769  0.01908  0.03705
           1    1    0    0    0          0.16379  0.16705 -0.03069  0.04209 -0.00138
           1    1    0    0    0          0.10227  0.14952  0.04967  0.06192  0.03406
           0    0    0    0    0         -0.00981 -0.01550 -0.04359 -0.01177 -0.03115

     Exchange interaction between atoms   9 and 11:  -2.039 meV =   -23 K (distance: 0.721)

       Orbital exchange interaction matrix J_{i,j,m,n} (in K and meV)
          23   26   -5    9   -3          2.00216  2.26631 -0.46182  0.83408 -0.28820
         -29  -10  -21   -3   -9         -2.50822 -0.88768 -1.84473 -0.26920 -0.86124
          29   -8  -25  -12  -10          2.58476 -0.69914 -2.20423 -1.08334 -0.94388
         -21   -9   -8   -7    0         -1.83468 -0.81023 -0.77154 -0.66737 -0.07724
          16    1   -4    0   -3          1.44090  0.12442 -0.35084 -0.02530 -0.28225

     Exchange interaction between atoms  10 and 11:  -3.419 meV =   -39 K (distance: 0.727)

       Orbital exchange interaction matrix J_{i,j,m,n} (in K and meV)
           7   14   25    7  -24          0.63555  1.21700  2.17700  0.67835 -2.13187
           0  -13  -12   16   24         -0.02006 -1.17865 -1.08853  1.41787  2.08019
         -22  -18  -26   -7   58         -1.90552 -1.56207 -2.29709 -0.63446  5.01390
         -34   11    9  -34   23         -2.94939  0.98817  0.81241 -2.97275  2.00690
         -19   -8  -28  -34   27         -1.69171 -0.76158 -2.47680 -2.95332  2.39385

     Computed orbitals occupations should coincide with your DFT results
     If they differ significantly - check your integration contour.

     For atom  1 spin 1
        Orbital 1 occupation:  0.444
        Orbital 2 occupation:  0.834
        Orbital 3 occupation:  0.922
        Orbital 4 occupation:  0.889
        Orbital 5 occupation:  0.427

     For atom  1 spin 2
        Orbital 1 occupation:  0.153
        Orbital 2 occupation:  0.101
        Orbital 3 occupation:  0.087
        Orbital 4 occupation:  0.092
        Orbital 5 occupation:  0.154

     For atom  2 spin 1
        Orbital 1 occupation:  0.154
        Orbital 2 occupation:  0.102
        Orbital 3 occupation:  0.087
        Orbital 4 occupation:  0.092
        Orbital 5 occupation:  0.154

     For atom  2 spin 2
        Orbital 1 occupation:  0.444
        Orbital 2 occupation:  0.835
        Orbital 3 occupation:  0.919
        Orbital 4 occupation:  0.889
        Orbital 5 occupation:  0.427

     For atom  3 spin 1
        Orbital 1 occupation:  0.154
        Orbital 2 occupation:  0.102
        Orbital 3 occupation:  0.087
        Orbital 4 occupation:  0.092
        Orbital 5 occupation:  0.154

     For atom  3 spin 2
        Orbital 1 occupation:  0.444
        Orbital 2 occupation:  0.835
        Orbital 3 occupation:  0.919
        Orbital 4 occupation:  0.889
        Orbital 5 occupation:  0.427

     For atom  4 spin 1
        Orbital 1 occupation:  0.154
        Orbital 2 occupation:  0.102
        Orbital 3 occupation:  0.087
        Orbital 4 occupation:  0.092
        Orbital 5 occupation:  0.154

     For atom  4 spin 2
        Orbital 1 occupation:  0.444
        Orbital 2 occupation:  0.835
        Orbital 3 occupation:  0.919
        Orbital 4 occupation:  0.889
        Orbital 5 occupation:  0.427

     For atom  5 spin 1
        Orbital 1 occupation:  0.154
        Orbital 2 occupation:  0.102
        Orbital 3 occupation:  0.087
        Orbital 4 occupation:  0.092
        Orbital 5 occupation:  0.154

     For atom  5 spin 2
        Orbital 1 occupation:  0.444
        Orbital 2 occupation:  0.835
        Orbital 3 occupation:  0.919
        Orbital 4 occupation:  0.889
        Orbital 5 occupation:  0.427

     For atom  6 spin 1
        Orbital 1 occupation:  0.154
        Orbital 2 occupation:  0.102
        Orbital 3 occupation:  0.087
        Orbital 4 occupation:  0.092
        Orbital 5 occupation:  0.154

     For atom  6 spin 2
        Orbital 1 occupation:  0.444
        Orbital 2 occupation:  0.835
        Orbital 3 occupation:  0.919
        Orbital 4 occupation:  0.889
        Orbital 5 occupation:  0.427

     For atom  7 spin 1
        Orbital 1 occupation:  0.154
        Orbital 2 occupation:  0.102
        Orbital 3 occupation:  0.087
        Orbital 4 occupation:  0.092
        Orbital 5 occupation:  0.154

     For atom  7 spin 2
        Orbital 1 occupation:  0.444
        Orbital 2 occupation:  0.835
        Orbital 3 occupation:  0.919
        Orbital 4 occupation:  0.889
        Orbital 5 occupation:  0.427

     For atom  8 spin 1
        Orbital 1 occupation:  0.444
        Orbital 2 occupation:  0.834
        Orbital 3 occupation:  0.922
        Orbital 4 occupation:  0.889
        Orbital 5 occupation:  0.427

     For atom  8 spin 2
        Orbital 1 occupation:  0.153
        Orbital 2 occupation:  0.101
        Orbital 3 occupation:  0.087
        Orbital 4 occupation:  0.092
        Orbital 5 occupation:  0.154

     For atom  9 spin 1
        Orbital 1 occupation:  0.444
        Orbital 2 occupation:  0.834
        Orbital 3 occupation:  0.922
        Orbital 4 occupation:  0.889
        Orbital 5 occupation:  0.427

     For atom  9 spin 2
        Orbital 1 occupation:  0.153
        Orbital 2 occupation:  0.101
        Orbital 3 occupation:  0.087
        Orbital 4 occupation:  0.092
        Orbital 5 occupation:  0.154

     For atom 10 spin 1
        Orbital 1 occupation:  0.444
        Orbital 2 occupation:  0.834
        Orbital 3 occupation:  0.922
        Orbital 4 occupation:  0.889
        Orbital 5 occupation:  0.427

     For atom 10 spin 2
        Orbital 1 occupation:  0.153
        Orbital 2 occupation:  0.101
        Orbital 3 occupation:  0.087
        Orbital 4 occupation:  0.092
        Orbital 5 occupation:  0.154

     For atom 11 spin 1
        Orbital 1 occupation:  0.154
        Orbital 2 occupation:  0.102
        Orbital 3 occupation:  0.087
        Orbital 4 occupation:  0.092
        Orbital 5 occupation:  0.154

     For atom 11 spin 2
        Orbital 1 occupation:  0.444
        Orbital 2 occupation:  0.835
        Orbital 3 occupation:  0.919
        Orbital 4 occupation:  0.889
        Orbital 5 occupation:  0.427

     Execution time:  412 seconds
