
     ------------------------------------------------------------------
                           Program EXCHANGES                           
      for calculation of exchange parameters of the Heisenberg model.  

     Please cite "D. M. Korotin et al., Phys. Rev. B 91, 224405 (2015)"
         in publications or presentations arising from this work.      
     ------------------------------------------------------------------

        We are using the model with the exchange term defined as:      

                        H = \sum_ij J_{ij} e_i e_j,                    

      where e_i,j are unit vectors and sum runs once over ions pairs   

     ------------------------------------------------------------------


     Running in   1 threads

     Parameters of integration contour:
     emin = -30.000  emax =  0.000  height = 0.010 (eV)
     nz1 =  150  nz2 = 3000  nz3 =  150

     Cell constant (alat) 10.051688002 Bohr
     Cell vectors (rows):
         1.00000  0.00000  0.00000
         0.00000  1.05616  0.00000
         0.00000  0.00000  1.44172
     Atoms of the initial cell:
       Y     0.01857  0.98599  0.36043
       Y     0.51857  0.59825  1.08129
       Y     0.48136  0.45787  0.36043
       Y     0.98136  0.07021  1.08129
       Cr1   0.00013  0.52803  0.00007
       Cr2   0.50013  0.00005  1.44165
       Cr1   0.50013  0.00005  0.72093
       Cr2   0.00013  0.52803  0.72079
       O     0.69369  0.31902  1.35913
       O     0.19369  0.20906  0.08260
       O     0.80606  0.84674  0.80387
       O     0.30606  0.73750  0.63785
       O     0.30606  0.73750  0.08301
       O     0.80606  0.84674  1.35871
       O     0.19369  0.20906  0.63826
       O     0.69369  0.31902  0.80346
       O     0.11169  0.48400  1.08129
       O     0.61169  0.04408  0.36043
       O     0.38838  1.01226  1.08129
       O     0.88838  0.57198  0.36043

     We have the following basis for the hamiltonian and the green function:
      56 orbitals grouped in 16 blocks:
     Cr1 (atom  5):   5 d-orbitals (3z^2-1     xz         yz         x^2-y^2    xy         )
     Cr2 (atom  6):   5 d-orbitals (3z^2-1     xz         yz         x^2-y^2    xy         )
     Cr1 (atom  7):   5 d-orbitals (3z^2-1     xz         yz         x^2-y^2    xy         )
     Cr2 (atom  8):   5 d-orbitals (3z^2-1     xz         yz         x^2-y^2    xy         )
       O (atom  9):   3 p-orbitals (z          x          y          )
       O (atom 10):   3 p-orbitals (z          x          y          )
       O (atom 11):   3 p-orbitals (z          x          y          )
       O (atom 12):   3 p-orbitals (z          x          y          )
       O (atom 13):   3 p-orbitals (z          x          y          )
       O (atom 14):   3 p-orbitals (z          x          y          )
       O (atom 15):   3 p-orbitals (z          x          y          )
       O (atom 16):   3 p-orbitals (z          x          y          )
       O (atom 17):   3 p-orbitals (z          x          y          )
       O (atom 18):   3 p-orbitals (z          x          y          )
       O (atom 19):   3 p-orbitals (z          x          y          )
       O (atom 20):   3 p-orbitals (z          x          y          )

     We will consider   11 atoms: 
      1: Cr1   0.00013  0.52803  0.00007   ( distance =  0.00000 alat )
      2: Cr2   0.00013  0.52803  0.72079   ( distance =  0.72072 alat )
      3: Cr2   0.00013  0.52803 -0.72093   ( distance =  0.72100 alat )
      4: Cr2  -0.49987  0.00005 -0.00007   ( distance =  0.72716 alat )
      5: Cr2   0.50013  0.00005 -0.00007   ( distance =  0.72716 alat )
      6: Cr2  -0.49987  1.05621 -0.00007   ( distance =  0.72731 alat )
      7: Cr2   0.50013  1.05621 -0.00007   ( distance =  0.72731 alat )
      8: Cr1  -0.99987  0.52803  0.00007   ( distance =  1.00000 alat )
      9: Cr1   1.00013  0.52803  0.00007   ( distance =  1.00000 alat )
     10: Cr2   0.50013  0.00005  1.44165   ( distance =  1.61459 alat )
     11: Cr1   0.50013  0.00005  0.72093   ( distance =  1.02392 alat )

     Exchange interaction between atoms   1 and  2:  -2.040 meV =   -23 K (distance: 0.721)

       Orbital exchange interaction matrix J_{i,j,m,n} (in K and meV)
          26   27   -5   10   -2          2.30552  2.35602 -0.49894  0.92380 -0.22341
         -35  -11  -21   -3  -10         -3.02121 -1.01752 -1.89363 -0.29195 -0.88287
          33   -7  -27  -12  -10          2.91501 -0.61444 -2.34659 -1.05922 -0.87249
         -21   -9   -8   -8   -1         -1.89501 -0.83882 -0.76105 -0.72104 -0.09434
          19    2   -4    0   -3          1.63833  0.20216 -0.42003  0.01530 -0.26039

     Exchange interaction between atoms   1 and  3:  -2.087 meV =   -24 K (distance: 0.721)

       Orbital exchange interaction matrix J_{i,j,m,n} (in K and meV)
          26   27   -5   10   -2          2.27917  2.35903 -0.48606  0.92849 -0.21615
         -34  -12  -21   -3  -10         -3.01312 -1.04711 -1.89051 -0.31684 -0.88949
          33   -7  -27  -12  -10          2.89999 -0.63554 -2.33232 -1.06452 -0.87102
         -21   -9   -8   -8   -1         -1.87800 -0.84761 -0.77253 -0.72854 -0.10500
          18    2   -4    0   -2          1.62237  0.20006 -0.41647  0.01431 -0.25778

     Exchange interaction between atoms   1 and  4:  -2.847 meV =   -33 K (distance: 0.727)

       Orbital exchange interaction matrix J_{i,j,m,n} (in K and meV)
           7   21   13   -6  -23          0.62245  1.88163  1.18369 -0.53141 -1.99294
         -19  -21  -23   -7   57         -1.65996 -1.83200 -2.04583 -0.63474  4.96457
          -2  -11  -15  -11   25         -0.17750 -0.96516 -1.30773 -1.02493  2.16043
          34  -12  -13  -26  -29          2.99039 -1.06816 -1.15213 -2.27444 -2.51223
         -13  -21   -8   23   22         -1.15102 -1.85996 -0.69992  2.06413  1.94475

     Exchange interaction between atoms   1 and  5:  -2.847 meV =   -33 K (distance: 0.727)

       Orbital exchange interaction matrix J_{i,j,m,n} (in K and meV)
           9   15  -25    8   25          0.84035  1.29375 -2.18416  0.69288  2.17857
          -1  -13   12   16  -24         -0.14630 -1.20336  1.08650  1.39959 -2.06847
          25   19  -26    5   58          2.18239  1.71374 -2.25278  0.50867  5.01206
         -32   11  -10  -31  -23         -2.76099  0.97454 -0.92296 -2.71375 -2.02640
          21   10  -28   33   28          1.88889  0.89438 -2.46877  2.85304  2.48280

     Exchange interaction between atoms   1 and  6:  -2.844 meV =   -33 K (distance: 0.727)

       Orbital exchange interaction matrix J_{i,j,m,n} (in K and meV)
           9   15  -25    8   25          0.85322  1.29419 -2.17270  0.70457  2.19424
          -1  -14   12   16  -24         -0.16376 -1.20685  1.05694  1.38980 -2.09523
          25   19  -25    6   58          2.22556  1.69991 -2.21427  0.57868  5.03310
         -31   11  -10  -31  -22         -2.74798  0.98708 -0.90285 -2.74675 -1.97435
          21   10  -28   33   28          1.88993  0.89561 -2.47804  2.87388  2.47061

     Exchange interaction between atoms   1 and  7:  -2.844 meV =   -32 K (distance: 0.727)

       Orbital exchange interaction matrix J_{i,j,m,n} (in K and meV)
           7   21   13   -6  -23          0.63938  1.87193  1.17473 -0.53757 -2.01066
         -19  -20  -23   -6   58         -1.71425 -1.79782 -2.00728 -0.59022  5.00418
          -2  -10  -15  -11   25         -0.20923 -0.94544 -1.30188 -1.01300  2.19636
          34  -12  -13  -26  -28          2.96118 -1.06411 -1.18266 -2.32405 -2.45834
         -13  -21   -8   24   22         -1.14061 -1.86103 -0.69677  2.07193  1.94072

     Exchange interaction between atoms   1 and  8:  -0.020 meV =     0 K (distance: 1.000)

       Orbital exchange interaction matrix J_{i,j,m,n} (in K and meV)
           0    0    0    0    0         -0.05746 -0.05015 -0.01322 -0.01658  0.06687
           0    0    0    0    0          0.06903  0.05021  0.01581  0.01937 -0.07490
           0    0    0    0    0         -0.00440  0.01260 -0.03067 -0.01349  0.00331
           0    0    0    0    0         -0.01260 -0.03098 -0.00833  0.03411  0.00543
           0    0    0    0    0          0.01323  0.04333 -0.01262  0.04181 -0.01665

     Exchange interaction between atoms   1 and  9:  -0.020 meV =     0 K (distance: 1.000)

       Orbital exchange interaction matrix J_{i,j,m,n} (in K and meV)
           0    0    0    0    0         -0.05644 -0.04950 -0.01104 -0.01562  0.06597
           0    0    0    0    0          0.07237  0.04512  0.00979  0.01573 -0.06890
           0    0    0    0    0         -0.00173  0.00803 -0.02790 -0.01727  0.00597
           0    0    0    0    0         -0.01358 -0.03402 -0.00621  0.03503  0.00033
           0    0    0    0    0          0.01468  0.04618 -0.00898  0.03988 -0.01628

     Exchange interaction between atoms   1 and 10:  -0.011 meV =     0 K (distance: 1.615)

       Orbital exchange interaction matrix J_{i,j,m,n} (in K and meV)
           0    0    0    0    0          0.00402  0.00067 -0.00110  0.00829 -0.00688
           0    0    0    0    0         -0.01346 -0.00819 -0.00610 -0.01780  0.00496
           0    0    0    0    0          0.00134  0.00640 -0.01791  0.00578  0.00169
           0    0    0    0    0         -0.01415  0.03492 -0.01778  0.01207 -0.00347
           0    0    0    0    0          0.00351 -0.01758 -0.01248 -0.00280 -0.00077

     Exchange interaction between atoms   1 and 11:   0.104 meV =     1 K (distance: 1.024)

       Orbital exchange interaction matrix J_{i,j,m,n} (in K and meV)
           0    0    1    0    0         -0.05133 -0.08385  0.12602 -0.04275 -0.07843
           0    1   -1    0    0         -0.00547  0.11966 -0.15558  0.02557  0.04372
           0    0    1    0    0         -0.03030 -0.07336  0.12565 -0.02021 -0.02754
           0   -1    1    0    0         -0.07182 -0.10346  0.11616 -0.03895 -0.07373
           0    0    0    0    0         -0.05133 -0.02464  0.04700 -0.02475 -0.05072

     Exchange interaction between atoms   2 and  3:  -0.152 meV =    -1 K (distance: 1.442)

       Orbital exchange interaction matrix J_{i,j,m,n} (in K and meV)
          -1    0    0    0    0         -0.12690  0.06638 -0.03522 -0.00012  0.01359
           0    0    0    0    0         -0.03559 -0.03818  0.01663  0.01439 -0.01231
           0    0    0    0    0         -0.01265  0.00043 -0.00097 -0.02769 -0.04524
           0    0    0    0    0          0.04549 -0.03723 -0.00364 -0.00620 -0.01702
           0    0    0    0    0         -0.01903  0.02131  0.00699  0.00286  0.02032

     Exchange interaction between atoms   2 and  4:   0.077 meV =     0 K (distance: 1.024)

       Orbital exchange interaction matrix J_{i,j,m,n} (in K and meV)
           0    0    0    0    0         -0.03795  0.02599 -0.02352  0.01238 -0.02160
           1    0    1    0    0          0.11226  0.03409  0.12090 -0.06454  0.04485
           0    1    0    0    0          0.04535  0.09567  0.05184 -0.07461  0.04069
           0    0    0    0    0         -0.03995 -0.02117 -0.03800  0.04653 -0.02567
           0    0    0    0    0         -0.02165 -0.02122 -0.01964  0.01514 -0.01748

     Exchange interaction between atoms   2 and  5:   0.104 meV =     1 K (distance: 1.024)

       Orbital exchange interaction matrix J_{i,j,m,n} (in K and meV)
           0    0    0    0    0         -0.02211  0.06650 -0.03244 -0.00742 -0.03941
           0    1    0    0    0          0.05107  0.10186 -0.03840  0.08412  0.04685
          -1   -1    0   -1   -1         -0.11312 -0.12419  0.08333 -0.11528 -0.09061
           0    0    0    0    0         -0.02484  0.00344 -0.00374 -0.01467 -0.01867
           0    0    0    0    0         -0.03363  0.02340 -0.02665 -0.02498 -0.04411

     Exchange interaction between atoms   2 and  6:   0.067 meV =     0 K (distance: 1.024)

       Orbital exchange interaction matrix J_{i,j,m,n} (in K and meV)
           0    0    0    0    0         -0.01595 -0.00118  0.00928 -0.02708  0.00094
           0    0    0    0    0         -0.01771 -0.03372  0.01395  0.00152 -0.01398
           0    0    1    0    0          0.05033  0.03913  0.10841 -0.02421  0.00542
           0    0    0    0    0         -0.01420 -0.00123 -0.02554  0.00731 -0.01631
           0    0    0    0    0         -0.00764 -0.02360 -0.03615  0.00618  0.00096

     Exchange interaction between atoms   2 and  7:   0.098 meV =     1 K (distance: 1.024)

       Orbital exchange interaction matrix J_{i,j,m,n} (in K and meV)
           0    0    0    0    0         -0.00999  0.07925 -0.05248  0.05149  0.01767
           0    3   -1    1    0         -0.01911  0.26004 -0.11893  0.09267  0.04373
           0    1    0    1    0          0.00141  0.13528 -0.07636  0.08776  0.00219
           0    0    0    0    0         -0.00244 -0.03873  0.08077 -0.08052  0.02034
           0    0    0    0    0         -0.00301  0.03983 -0.01998 -0.01901  0.00493

     Exchange interaction between atoms   2 and  8:  -0.073 meV =     0 K (distance: 1.233)

       Orbital exchange interaction matrix J_{i,j,m,n} (in K and meV)
           0    0    0    0    0         -0.00558  0.00655 -0.00894  0.00362  0.00962
           0    0    0    0    0          0.00833 -0.01454 -0.03127 -0.00870  0.02806
           0    0    0    0    0          0.01264 -0.03331 -0.01448  0.01305  0.02695
           0    0    0    0    0         -0.00079 -0.00978  0.02489 -0.01435  0.02324
           0    0    0    0    0         -0.00141  0.01431 -0.00999  0.00126 -0.02376

     Exchange interaction between atoms   2 and  9:  -0.073 meV =     0 K (distance: 1.233)

       Orbital exchange interaction matrix J_{i,j,m,n} (in K and meV)
           0    0    0    0    0         -0.01084 -0.00571 -0.00354 -0.00410  0.00103
           0    0    0    0    0         -0.02652 -0.02459  0.01077 -0.02170  0.03669
           0    0    0    0    0          0.02920 -0.01518 -0.03261  0.00198  0.00495
           0    0    0    0    0          0.01201  0.00410  0.02175 -0.02352 -0.01464
           0    0    0    0    0         -0.02051 -0.00181  0.01225  0.01109  0.01898

     Exchange interaction between atoms   2 and 10:   0.077 meV =     0 K (distance: 1.024)

       Orbital exchange interaction matrix J_{i,j,m,n} (in K and meV)
           0    0    0    0    0         -0.01515 -0.00101  0.00985 -0.02728  0.00084
           0    0    0    0    0         -0.01370 -0.03393  0.01806  0.00786 -0.01339
           0    0    1    0    0          0.05366  0.04047  0.10877 -0.02327  0.00397
           0    0    0    0    0         -0.02011  0.00895 -0.02484  0.01401 -0.01794
           0    0    0    0    0         -0.00556 -0.02848 -0.03629  0.00272  0.00327

     Exchange interaction between atoms   2 and 11:  -2.847 meV =   -33 K (distance: 0.727)

       Orbital exchange interaction matrix J_{i,j,m,n} (in K and meV)
          -6    0   -8  -22   -6         -0.53776 -0.07164 -0.77180 -1.97281 -0.52959
         -15   -9    6  -23  -14         -1.31958 -0.82016  0.52362 -2.05094 -1.27248
          38   -2    6   38   58          3.36053 -0.19287  0.52893  3.28719  5.02051
          16  -29   23   -9   45          1.46255 -2.56962  2.00602 -0.84445  3.95802
          -3   17  -27  -11  -13         -0.32563  1.49091 -2.36902 -1.02302 -1.17330

     Exchange interaction between atoms   3 and  4:   0.104 meV =     1 K (distance: 1.024)

       Orbital exchange interaction matrix J_{i,j,m,n} (in K and meV)
           0    0    0    0    0         -0.00963  0.08221 -0.05369  0.04984  0.01710
           0    3   -1    1    0         -0.01600  0.26200 -0.12086  0.09178  0.04783
           0    1    0    1    0          0.00372  0.13614 -0.07407  0.08928  0.00486
           0    0    0    0    0         -0.00363 -0.04065  0.07777 -0.07822  0.02163
           0    0    0    0    0         -0.00275  0.03862 -0.01889 -0.01821  0.00427

     Exchange interaction between atoms   3 and  5:   0.077 meV =     0 K (distance: 1.024)

       Orbital exchange interaction matrix J_{i,j,m,n} (in K and meV)
           0    0    0    0    0         -0.01515 -0.00101  0.00985 -0.02728  0.00084
           0    0    0    0    0         -0.01370 -0.03393  0.01806  0.00786 -0.01339
           0    0    1    0    0          0.05366  0.04047  0.10877 -0.02327  0.00397
           0    0    0    0    0         -0.02011  0.00895 -0.02484  0.01401 -0.01794
           0    0    0    0    0         -0.00556 -0.02848 -0.03629  0.00272  0.00327

     Exchange interaction between atoms   3 and  6:   0.098 meV =     1 K (distance: 1.024)

       Orbital exchange interaction matrix J_{i,j,m,n} (in K and meV)
           0    0    0    0    0         -0.02199  0.06350 -0.02839 -0.00872 -0.03946
           0    1    0    0    0          0.05417  0.10231 -0.03299  0.08494  0.05478
          -1   -1    0   -1   -1         -0.10391 -0.11681  0.07624 -0.11519 -0.08770
           0    0    0    0    0         -0.03010  0.00470 -0.00430 -0.01241 -0.01903
           0    0    0    0    0         -0.03485  0.01862 -0.02356 -0.02666 -0.04599

     Exchange interaction between atoms   3 and  7:   0.067 meV =     0 K (distance: 1.024)

       Orbital exchange interaction matrix J_{i,j,m,n} (in K and meV)
           0    0    0    0    0         -0.03920  0.02276 -0.02507  0.01149 -0.02276
           1    0    1    0    0          0.11186  0.02507  0.11791 -0.06732  0.04472
           0    1    0    0    0          0.05166  0.09181  0.05226 -0.07385  0.03833
           0    0    0    0    0         -0.03243 -0.03386 -0.03496  0.04719 -0.02437
           0    0    0    0    0         -0.02965 -0.01219 -0.02250  0.01614 -0.01831

     Exchange interaction between atoms   3 and  8:  -0.080 meV =     0 K (distance: 1.233)

       Orbital exchange interaction matrix J_{i,j,m,n} (in K and meV)
           0    0    0    0    0         -0.00837 -0.00857 -0.00476 -0.00265  0.00435
           0    0    0    0    0         -0.02364 -0.03104  0.01086 -0.01963  0.03953
           0    0    0    0    0          0.02626 -0.01539 -0.02842  0.00225  0.00807
           0    0    0    0    0          0.01157  0.00637  0.02507 -0.02855 -0.01531
           0    0    0    0    0         -0.02090 -0.00133  0.00859  0.01107  0.01688

     Exchange interaction between atoms   3 and  9:  -0.080 meV =     0 K (distance: 1.233)

       Orbital exchange interaction matrix J_{i,j,m,n} (in K and meV)
           0    0    0    0    0         -0.00751  0.00836 -0.00806  0.00497  0.01100
           0    0    0    0    0          0.00919 -0.01186 -0.03108 -0.00675  0.02823
           0    0    0    0    0          0.02364 -0.03589 -0.01874  0.01447  0.02296
           0    0    0    0    0          0.00229 -0.01312  0.02396 -0.01849  0.02222
           0    0    0    0    0         -0.00804  0.01554 -0.00845  0.00268 -0.02301

     Exchange interaction between atoms   3 and 10:   0.023 meV =     0 K (distance: 2.282)

       Orbital exchange interaction matrix J_{i,j,m,n} (in K and meV)
           0    0    0    0    0          0.00167 -0.00082 -0.00457  0.00182  0.00377
           0    0    0    0    0         -0.00211  0.00411 -0.00644 -0.00299  0.00537
           0    0    0    0    0          0.01591  0.00542  0.01519 -0.00562 -0.00624
           0    0    0    0    0         -0.03119  0.00378 -0.01130  0.00105 -0.00487
           0    0    0    0    0          0.01094 -0.00501 -0.00092  0.00005  0.00102

     Exchange interaction between atoms   3 and 11:  -0.062 meV =     0 K (distance: 1.615)

       Orbital exchange interaction matrix J_{i,j,m,n} (in K and meV)
           0    0    0    0    0          0.00173 -0.01288  0.00076 -0.00735 -0.01112
           0    0    0    0    0         -0.00483 -0.02819  0.00840 -0.00880  0.00191
           0    0    0    0    0          0.02773 -0.01609 -0.00887  0.01433  0.04287
           0    0    0    0    0          0.00126 -0.00536 -0.01094 -0.01875 -0.01281
           0    0    0    0    0         -0.00280  0.00241  0.00620  0.00342 -0.00811

     Exchange interaction between atoms   4 and  5:  -0.020 meV =     0 K (distance: 1.000)

       Orbital exchange interaction matrix J_{i,j,m,n} (in K and meV)
           0    0    0    0    0         -0.00782 -0.01997  0.00021 -0.00550  0.02532
           0    0    0    0    0          0.06185 -0.00572  0.00083  0.01150  0.07503
           0    0    0    0    0         -0.00460 -0.00672 -0.02556 -0.00762  0.00724
           0    0    0    0   -1         -0.04569 -0.01365 -0.04920  0.07545 -0.14831
           0    0    0    0    0         -0.04997 -0.01525 -0.01052  0.02547 -0.05682

     Exchange interaction between atoms   4 and  6:   0.079 meV =     0 K (distance: 1.056)

       Orbital exchange interaction matrix J_{i,j,m,n} (in K and meV)
           0    0    0    0    0          0.01946  0.02615  0.00779  0.05214  0.04838
           0    0    0    0    0          0.02101  0.01821 -0.02295  0.06354  0.01074
           0    0    0    0    0          0.01035 -0.01275 -0.03531 -0.06389 -0.05329
           0    2    0    1    4         -0.07768  0.19506  0.00147  0.09445  0.36004
           0    0    0    0    0         -0.02126 -0.01512 -0.03292 -0.03124 -0.01801

     Exchange interaction between atoms   4 and  7:  -0.068 meV =     0 K (distance: 1.454)

       Orbital exchange interaction matrix J_{i,j,m,n} (in K and meV)
           0    0    0    0    0         -0.03117  0.00177  0.01967 -0.04216  0.04253
           0    0    0    0    0         -0.00321 -0.01632 -0.00230 -0.03625  0.00259
           0    0    0    0    0         -0.03851  0.01523  0.03023 -0.05394  0.06002
           0    0    0    0    0          0.00371 -0.00486 -0.01083  0.00948  0.00467
           0    0    0    0    0          0.03744 -0.01945 -0.03483  0.02653 -0.06071

     Exchange interaction between atoms   4 and  8:  -2.847 meV =   -33 K (distance: 0.727)

       Orbital exchange interaction matrix J_{i,j,m,n} (in K and meV)
          -6    5    0   23  -11         -0.58796  0.48970 -0.01133  1.99521 -0.95336
         -36    0    0   36  -53         -3.10927  0.06362  0.00237  3.16641 -4.65225
          15   11   -7  -22   18          1.29754  0.97035 -0.66836 -1.91111  1.58958
         -18   31  -23   -8  -45         -1.60004  2.71157 -2.05259 -0.75153 -3.93959
          -1   25  -13   12  -10         -0.12349  2.23646 -1.13014  1.09410 -0.90252

     Exchange interaction between atoms   4 and  9:  -0.029 meV =     0 K (distance: 1.590)

       Orbital exchange interaction matrix J_{i,j,m,n} (in K and meV)
           0    0    0    0    0         -0.00280  0.00796  0.00196 -0.00350 -0.00690
           0    0    0    0    0          0.01109  0.00287  0.00265  0.00241 -0.03418
           0    0    0    0    0         -0.00604  0.01127 -0.01300 -0.01348  0.02286
           0    0    0    0    0          0.02396 -0.01458  0.00667  0.00022 -0.00838
           0    0    0    0    0          0.00956 -0.00735  0.00771  0.00247 -0.01629

     Exchange interaction between atoms   4 and 10:   0.070 meV =     0 K (distance: 1.755)

       Orbital exchange interaction matrix J_{i,j,m,n} (in K and meV)
           0    0    0    0    0          0.02414  0.00572  0.00634  0.01149  0.00063
           0    0    0    0    0          0.03154  0.01449 -0.00246  0.02026  0.02046
           0    0    0    0    0          0.03336 -0.03865  0.03347  0.01326 -0.01307
           0    0    0    0    0         -0.02648 -0.01510  0.01796 -0.00060 -0.00347
           0    0    0    0    0         -0.01319 -0.00019 -0.00583  0.00050 -0.00142

     Exchange interaction between atoms   4 and 11:  -0.080 meV =     0 K (distance: 1.233)

       Orbital exchange interaction matrix J_{i,j,m,n} (in K and meV)
           0    0    0    0    0         -0.00756  0.00827  0.00804  0.00497 -0.01100
           0    0    0    0    0          0.00912 -0.01203  0.03106 -0.00675 -0.02821
           0    0    0    0    0         -0.02367  0.03587 -0.01875 -0.01451  0.02294
           0    0    0    0    0          0.00231 -0.01308 -0.02396 -0.01848 -0.02222
           0    0    0    0    0          0.00806 -0.01554 -0.00845 -0.00263 -0.02301

     Exchange interaction between atoms   5 and  6:  -0.037 meV =     0 K (distance: 1.454)

       Orbital exchange interaction matrix J_{i,j,m,n} (in K and meV)
           0    0    0    0    0         -0.00448  0.01758 -0.01804  0.02916 -0.04566
           0    0    0    0    0         -0.01416  0.03822 -0.02243  0.04316 -0.06229
           0    0    0    0    0          0.00982 -0.01783  0.00774 -0.01210  0.03739
           0    0    0    0    0          0.00437 -0.01565  0.00258  0.01040 -0.02523
           0    0    0    0   -1         -0.02085  0.03076 -0.03920  0.03114 -0.08854

     Exchange interaction between atoms   5 and  7:   0.079 meV =     0 K (distance: 1.056)

       Orbital exchange interaction matrix J_{i,j,m,n} (in K and meV)
           0    0    0    0    0          0.01946  0.02615  0.00779  0.05214  0.04838
           0    0    0    0    0          0.02101  0.01821 -0.02295  0.06354  0.01074
           0    0    0    0    0          0.01035 -0.01275 -0.03531 -0.06389 -0.05329
           0    2    0    1    4         -0.07768  0.19506  0.00147  0.09445  0.36004
           0    0    0    0    0         -0.02126 -0.01512 -0.03292 -0.03124 -0.01801

     Exchange interaction between atoms   5 and  8:  -0.029 meV =     0 K (distance: 1.590)

       Orbital exchange interaction matrix J_{i,j,m,n} (in K and meV)
           0    0    0    0    0         -0.01194  0.00260 -0.00426  0.00216 -0.00537
           0    0    0    0    0         -0.00825 -0.00639 -0.00936  0.01027 -0.00879
           0    0    0    0    0         -0.00652  0.00289 -0.00812 -0.01417  0.01695
           0    0    0    0    0          0.01285 -0.00974 -0.02650  0.00752 -0.00482
           0    0    0    0    0          0.00446 -0.00284 -0.00361  0.00866 -0.01001

     Exchange interaction between atoms   5 and  9:  -2.847 meV =   -33 K (distance: 0.727)

       Orbital exchange interaction matrix J_{i,j,m,n} (in K and meV)
          -6    0    8  -22    6         -0.53779 -0.07154  0.77179 -1.97276  0.52956
         -15   -9   -6  -23   14         -1.31949 -0.82008 -0.52359 -2.05093  1.27244
         -38    2    6  -38   58         -3.36049  0.19289  0.52896 -3.28710  5.02046
          16  -29  -23   -9  -45          1.46253 -2.56949 -2.00605 -0.84473 -3.95811
           3  -17  -27   11  -13          0.32568 -1.49092 -2.36894  1.02287 -1.17332

     Exchange interaction between atoms   5 and 10:  -0.152 meV =    -1 K (distance: 1.442)

       Orbital exchange interaction matrix J_{i,j,m,n} (in K and meV)
          -1    0    0    0    0         -0.12665  0.06955  0.03330 -0.00015 -0.01133
           0    0    0    0    0         -0.03483 -0.03317 -0.01974  0.01491  0.01766
           0    0    0    0    0          0.01515 -0.00060 -0.00242  0.02607 -0.04454
           0    0    0    0    0          0.04055 -0.03352  0.00767 -0.01144  0.02037
           0    0    0    0    0          0.01682 -0.01931  0.00851 -0.00478  0.02175

     Exchange interaction between atoms   5 and 11:  -2.086 meV =   -24 K (distance: 0.721)

       Orbital exchange interaction matrix J_{i,j,m,n} (in K and meV)
         -11   22   17   -8   -7         -0.99198  1.94766  1.51420 -0.71032 -0.68424
         -47   15   22    0   -3         -4.07193  1.31818  1.97363 -0.00309 -0.33663
         -23   37  -22  -12    0         -2.06368  3.26664 -1.90607 -1.10216  0.02261
          26   -9  -15   -5    0          2.31607 -0.79769 -1.30546 -0.45120  0.00707
          15  -16    3    2    0          1.33550 -1.38712  0.30433  0.19244 -0.05486

     Exchange interaction between atoms   6 and  7:  -0.020 meV =     0 K (distance: 1.000)

       Orbital exchange interaction matrix J_{i,j,m,n} (in K and meV)
           0    0    0    0    0         -0.00782 -0.01997  0.00021 -0.00550  0.02532
           0    0    0    0    0          0.06185 -0.00572  0.00083  0.01150  0.07503
           0    0    0    0    0         -0.00460 -0.00672 -0.02556 -0.00762  0.00724
           0    0    0    0   -1         -0.04569 -0.01365 -0.04920  0.07545 -0.14831
           0    0    0    0    0         -0.04997 -0.01525 -0.01052  0.02547 -0.05682

     Exchange interaction between atoms   6 and  8:  -2.844 meV =   -32 K (distance: 0.727)

       Orbital exchange interaction matrix J_{i,j,m,n} (in K and meV)
          -6    0    9  -22    6         -0.53442 -0.05998  0.80135 -1.96997  0.54396
         -15   -9   -5  -24   15         -1.32103 -0.81924 -0.49467 -2.06918  1.29338
         -38    2    6  -37   58         -3.36007  0.23503  0.58594 -3.26784  5.05138
          16  -29  -22  -10  -45          1.45328 -2.55947 -1.93775 -0.89699 -3.95089
           3  -17  -27   11  -13          0.31567 -1.50568 -2.36850  0.98452 -1.17894

     Exchange interaction between atoms   6 and  9:  -0.024 meV =     0 K (distance: 1.590)

       Orbital exchange interaction matrix J_{i,j,m,n} (in K and meV)
           0    0    0    0    0         -0.01326  0.00288 -0.00466  0.00346 -0.00736
           0    0    0    0    0         -0.00995 -0.00714 -0.00936  0.01298 -0.01071
           0    0    0    0    0         -0.00634  0.00467 -0.00656 -0.01545  0.01811
           0    0    0    0    0          0.00971 -0.00644 -0.02315  0.01396 -0.00239
           0    0    0    0    0          0.00352 -0.00218 -0.00312  0.01138 -0.01090

     Exchange interaction between atoms   6 and 10:  -0.003 meV =     0 K (distance: 2.048)

       Orbital exchange interaction matrix J_{i,j,m,n} (in K and meV)
           0    0    0    0    0          0.00016 -0.00081  0.00511  0.00901 -0.01061
           0    0    0    0    0         -0.00904  0.00357  0.00747  0.01436 -0.00805
           0    0    0    0    0          0.00176  0.00232  0.00247 -0.00653 -0.01063
           0    0    0    0    0         -0.01302 -0.01572  0.00535 -0.01343  0.01023
           0    0    0    0    0         -0.00803 -0.00931 -0.00085 -0.00021  0.00427

     Exchange interaction between atoms   6 and 11:  -0.022 meV =     0 K (distance: 1.623)

       Orbital exchange interaction matrix J_{i,j,m,n} (in K and meV)
           0    0    0    0    0         -0.01124  0.00587  0.00509 -0.00243  0.00437
           0    0    0    0    0         -0.00805  0.00402  0.00540 -0.00042  0.01000
           0    0    0    0    0         -0.01189 -0.00154  0.00376 -0.01364  0.00590
           0    0    0    0    0          0.00407  0.01921 -0.01297 -0.01304 -0.00373
           0    0    0    0    0          0.00074  0.01406 -0.00531 -0.00357 -0.00533

     Exchange interaction between atoms   7 and  8:  -0.024 meV =     0 K (distance: 1.590)

       Orbital exchange interaction matrix J_{i,j,m,n} (in K and meV)
           0    0    0    0    0         -0.00494  0.00925  0.00339 -0.00234 -0.00603
           0    0    0    0    0          0.00797  0.00310  0.00443  0.00634 -0.02807
           0    0    0    0    0         -0.00487  0.01195 -0.01376 -0.01649  0.01888
           0    0    0    0    0          0.02532 -0.01439  0.00533  0.00338  0.00003
           0    0    0    0    0          0.00968 -0.00745  0.00713  0.00525 -0.01158

     Exchange interaction between atoms   7 and  9:  -2.844 meV =   -33 K (distance: 0.727)

       Orbital exchange interaction matrix J_{i,j,m,n} (in K and meV)
          -6    6    0   23  -11         -0.58908  0.52753 -0.03291  1.98630 -0.97149
         -36    1    0   36  -54         -3.10928  0.11873 -0.02826  3.15963 -4.67416
          15   10   -7  -22   18          1.30101  0.91962 -0.65383 -1.94314  1.60855
         -18   30  -23   -9  -45         -1.58260  2.66405 -2.04205 -0.82385 -3.90910
          -1   26  -13   12  -10         -0.11442  2.24842 -1.14213  1.06034 -0.89600

     Exchange interaction between atoms   7 and 10:   0.007 meV =     0 K (distance: 1.787)

       Orbital exchange interaction matrix J_{i,j,m,n} (in K and meV)
           0    0    0    0    0          0.01171 -0.00289 -0.00225  0.00460 -0.00120
           0    0    0    0    0          0.00988 -0.00699 -0.00737 -0.00066  0.00559
           0    0    0    0    0          0.01401  0.01732  0.01513  0.00968 -0.00265
           0    0    0    0    0          0.00054 -0.00530 -0.00336 -0.00961 -0.00637
           0    0    0    0    0          0.00060 -0.01216 -0.01283 -0.00989 -0.00315

     Exchange interaction between atoms   7 and 11:  -0.090 meV =    -1 K (distance: 1.279)

       Orbital exchange interaction matrix J_{i,j,m,n} (in K and meV)
           0    0    0    0    0         -0.00589 -0.02037  0.01165 -0.01173 -0.01478
           0    0    0    0    0          0.00356 -0.02901  0.01692 -0.01245  0.00394
           0    0    0    0    0         -0.05631 -0.00113 -0.00904  0.00289  0.01422
           0    0    0    0    0          0.00789 -0.01469  0.00353 -0.07053 -0.03112
           0    0    0    0    0         -0.00662  0.01319 -0.00187 -0.02372  0.02431

     Exchange interaction between atoms   8 and  9:   0.073 meV =     0 K (distance: 2.000)

       Orbital exchange interaction matrix J_{i,j,m,n} (in K and meV)
           0    0    0    0    0          0.01087 -0.02793  0.00551 -0.01114  0.00404
           0    0    0    0    0         -0.01039  0.04555 -0.01280  0.00670 -0.01104
           0    0    0    0    0          0.00429 -0.02057  0.00858 -0.01387 -0.00468
           0    0    0    0    0         -0.00051  0.00248 -0.00932  0.00465 -0.00135
           0    0    0    0    0         -0.00427 -0.00039 -0.00130 -0.00165  0.00358

     Exchange interaction between atoms   8 and 10:  -0.037 meV =     0 K (distance: 2.146)

       Orbital exchange interaction matrix J_{i,j,m,n} (in K and meV)
           0    0    0    0    0         -0.00104  0.00334  0.00139 -0.00572 -0.00132
           0    0    0    0    0          0.00748 -0.01352 -0.01199  0.00303 -0.00674
           0    0    0    0    0          0.00323 -0.00698 -0.01576 -0.00219 -0.00531
           0    0    0    0    0         -0.00261  0.00555  0.00556 -0.00076  0.00257
           0    0    0    0    0         -0.00081 -0.00378 -0.00891  0.00250 -0.00626

     Exchange interaction between atoms   8 and 11:   0.057 meV =     0 K (distance: 1.746)

       Orbital exchange interaction matrix J_{i,j,m,n} (in K and meV)
           0    0    0    0    0          0.00954 -0.01099  0.00197 -0.00449  0.00551
           0    0    0    0    0         -0.00877  0.02634 -0.00684 -0.00009 -0.00408
           0    0    0    0    0         -0.00546  0.00035  0.00337 -0.00865 -0.00079
           0    0    0    0    0         -0.00257 -0.00359  0.00511  0.01456 -0.00733
           0    0    0    0    0          0.00318  0.00261  0.00232 -0.00431  0.00304

     Exchange interaction between atoms   9 and 10:  -0.011 meV =     0 K (distance: 1.615)

       Orbital exchange interaction matrix J_{i,j,m,n} (in K and meV)
           0    0    0    0    0          0.00370  0.00008 -0.00751  0.00409 -0.00104
           0    0    0    0    0         -0.01494 -0.00134 -0.01360  0.00020  0.01218
           0    0    0    0    0         -0.00869 -0.00723 -0.01827 -0.00542 -0.00361
           0    0    0    0    0         -0.01059 -0.01184  0.00616 -0.00141 -0.01121
           0    0    0    0    0          0.00381 -0.00198 -0.01197 -0.00016  0.00661

     Exchange interaction between atoms   9 and 11:   0.077 meV =     0 K (distance: 1.024)

       Orbital exchange interaction matrix J_{i,j,m,n} (in K and meV)
           0    0    0    0    0         -0.06775 -0.08543 -0.03412 -0.03599 -0.02807
           0    0    1    0    0          0.00398  0.07137  0.08930  0.03652  0.03148
           1    1    0    0    0          0.12716  0.15839  0.02099  0.04726  0.02736
           1    1    0    0    0          0.11429  0.12913  0.05890  0.07060  0.03855
           0    0    0    0    0         -0.04010 -0.03127 -0.01640 -0.02412 -0.01817

     Exchange interaction between atoms  10 and 11:  -2.041 meV =   -23 K (distance: 0.721)

       Orbital exchange interaction matrix J_{i,j,m,n} (in K and meV)
         -11   22   17   -8   -8         -0.97399  1.95826  1.51045 -0.71658 -0.69595
         -47   15   22    0   -4         -4.06643  1.34842  1.95950 -0.01460 -0.34474
         -24   38  -22  -12    0         -2.09122  3.27533 -1.91853 -1.08669  0.01195
          26   -9  -15   -5    0          2.32387 -0.82459 -1.30438 -0.44412  0.00509
          15  -16    3    2    0          1.34703 -1.39400  0.30745  0.18679 -0.05249

     Computed orbitals occupations should coincide with your DFT results
     If they differ significantly - check your integration contour.

     For atom  1 spin 1
        Orbital 1 occupation:  0.442
        Orbital 2 occupation:  0.834
        Orbital 3 occupation:  0.920
        Orbital 4 occupation:  0.889
        Orbital 5 occupation:  0.425

     For atom  1 spin 2
        Orbital 1 occupation:  0.152
        Orbital 2 occupation:  0.099
        Orbital 3 occupation:  0.085
        Orbital 4 occupation:  0.090
        Orbital 5 occupation:  0.152

     For atom  2 spin 1
        Orbital 1 occupation:  0.152
        Orbital 2 occupation:  0.099
        Orbital 3 occupation:  0.085
        Orbital 4 occupation:  0.090
        Orbital 5 occupation:  0.152

     For atom  2 spin 2
        Orbital 1 occupation:  0.442
        Orbital 2 occupation:  0.834
        Orbital 3 occupation:  0.920
        Orbital 4 occupation:  0.889
        Orbital 5 occupation:  0.425

     For atom  3 spin 1
        Orbital 1 occupation:  0.152
        Orbital 2 occupation:  0.099
        Orbital 3 occupation:  0.085
        Orbital 4 occupation:  0.090
        Orbital 5 occupation:  0.152

     For atom  3 spin 2
        Orbital 1 occupation:  0.442
        Orbital 2 occupation:  0.834
        Orbital 3 occupation:  0.920
        Orbital 4 occupation:  0.889
        Orbital 5 occupation:  0.425

     For atom  4 spin 1
        Orbital 1 occupation:  0.152
        Orbital 2 occupation:  0.099
        Orbital 3 occupation:  0.085
        Orbital 4 occupation:  0.090
        Orbital 5 occupation:  0.152

     For atom  4 spin 2
        Orbital 1 occupation:  0.442
        Orbital 2 occupation:  0.834
        Orbital 3 occupation:  0.920
        Orbital 4 occupation:  0.889
        Orbital 5 occupation:  0.425

     For atom  5 spin 1
        Orbital 1 occupation:  0.152
        Orbital 2 occupation:  0.099
        Orbital 3 occupation:  0.085
        Orbital 4 occupation:  0.090
        Orbital 5 occupation:  0.152

     For atom  5 spin 2
        Orbital 1 occupation:  0.442
        Orbital 2 occupation:  0.834
        Orbital 3 occupation:  0.920
        Orbital 4 occupation:  0.889
        Orbital 5 occupation:  0.425

     For atom  6 spin 1
        Orbital 1 occupation:  0.152
        Orbital 2 occupation:  0.099
        Orbital 3 occupation:  0.085
        Orbital 4 occupation:  0.090
        Orbital 5 occupation:  0.152

     For atom  6 spin 2
        Orbital 1 occupation:  0.442
        Orbital 2 occupation:  0.834
        Orbital 3 occupation:  0.920
        Orbital 4 occupation:  0.889
        Orbital 5 occupation:  0.425

     For atom  7 spin 1
        Orbital 1 occupation:  0.152
        Orbital 2 occupation:  0.099
        Orbital 3 occupation:  0.085
        Orbital 4 occupation:  0.090
        Orbital 5 occupation:  0.152

     For atom  7 spin 2
        Orbital 1 occupation:  0.442
        Orbital 2 occupation:  0.834
        Orbital 3 occupation:  0.920
        Orbital 4 occupation:  0.889
        Orbital 5 occupation:  0.425

     For atom  8 spin 1
        Orbital 1 occupation:  0.442
        Orbital 2 occupation:  0.834
        Orbital 3 occupation:  0.920
        Orbital 4 occupation:  0.889
        Orbital 5 occupation:  0.425

     For atom  8 spin 2
        Orbital 1 occupation:  0.152
        Orbital 2 occupation:  0.099
        Orbital 3 occupation:  0.085
        Orbital 4 occupation:  0.090
        Orbital 5 occupation:  0.152

     For atom  9 spin 1
        Orbital 1 occupation:  0.442
        Orbital 2 occupation:  0.834
        Orbital 3 occupation:  0.920
        Orbital 4 occupation:  0.889
        Orbital 5 occupation:  0.425

     For atom  9 spin 2
        Orbital 1 occupation:  0.152
        Orbital 2 occupation:  0.099
        Orbital 3 occupation:  0.085
        Orbital 4 occupation:  0.090
        Orbital 5 occupation:  0.152

     For atom 10 spin 1
        Orbital 1 occupation:  0.152
        Orbital 2 occupation:  0.099
        Orbital 3 occupation:  0.085
        Orbital 4 occupation:  0.090
        Orbital 5 occupation:  0.152

     For atom 10 spin 2
        Orbital 1 occupation:  0.442
        Orbital 2 occupation:  0.834
        Orbital 3 occupation:  0.920
        Orbital 4 occupation:  0.889
        Orbital 5 occupation:  0.425

     For atom 11 spin 1
        Orbital 1 occupation:  0.442
        Orbital 2 occupation:  0.834
        Orbital 3 occupation:  0.920
        Orbital 4 occupation:  0.889
        Orbital 5 occupation:  0.425

     For atom 11 spin 2
        Orbital 1 occupation:  0.152
        Orbital 2 occupation:  0.099
        Orbital 3 occupation:  0.085
        Orbital 4 occupation:  0.090
        Orbital 5 occupation:  0.152

     Execution time:  426 seconds
