
     ------------------------------------------------------------------
                           Program EXCHANGES                           
      for calculation of exchange parameters of the Heisenberg model.  

     Please cite "D. M. Korotin et al., Phys. Rev. B 91, 224405 (2015)"
         in publications or presentations arising from this work.      
     ------------------------------------------------------------------

        We are using the model with the exchange term defined as:      

                        H = \sum_ij J_{ij} e_i e_j,                    

      where e_i,j are unit vectors and sum runs once over ions pairs   

     ------------------------------------------------------------------


     Running in  36 threads

     Parameters of integration contour:
     emin = -30.000  emax =  0.000  height = 0.010 (eV)
     nz1 =  150  nz2 = 3000  nz3 =  150

     Cell constant (alat) 10.051688002 Bohr
     Cell vectors (rows):
         1.00000  0.00000  0.00000
         0.00000  1.05616  0.00000
         0.00000  0.00000  1.44172
     Atoms of the initial cell:
       Y     0.01867  0.98590  0.36043
       Y     0.51867  0.59834  1.08129
       Y     0.48133  0.45782  0.36043
       Y     0.98133  0.07026  1.08129
       Cr1   1.00000  0.52808  1.44172
       Cr2   0.50000  1.05616  1.44172
       Cr1   0.50000  1.05616  0.72086
       Cr2   1.00000  0.52808  0.72086
       O     0.69299  0.31844  1.35745
       O     0.19299  0.20964  0.08427
       O     0.80701  0.84652  0.80513
       O     0.30701  0.73772  0.63659
       O     0.30701  0.73772  0.08427
       O     0.80701  0.84652  1.35745
       O     0.19299  0.20964  0.63659
       O     0.69299  0.31844  0.80513
       O     0.10903  0.48334  1.08129
       O     0.60903  0.04474  0.36043
       O     0.39097  1.01142  1.08129
       O     0.89097  0.57282  0.36043

     We have the following basis for the hamiltonian and the green function:
      56 orbitals grouped in 16 blocks:
     Cr1 (atom  5):   5 d-orbitals (3z^2-1     xz         yz         x^2-y^2    xy         )
     Cr2 (atom  6):   5 d-orbitals (3z^2-1     xz         yz         x^2-y^2    xy         )
     Cr1 (atom  7):   5 d-orbitals (3z^2-1     xz         yz         x^2-y^2    xy         )
     Cr2 (atom  8):   5 d-orbitals (3z^2-1     xz         yz         x^2-y^2    xy         )
       O (atom  9):   3 p-orbitals (z          x          y          )
       O (atom 10):   3 p-orbitals (z          x          y          )
       O (atom 11):   3 p-orbitals (z          x          y          )
       O (atom 12):   3 p-orbitals (z          x          y          )
       O (atom 13):   3 p-orbitals (z          x          y          )
       O (atom 14):   3 p-orbitals (z          x          y          )
       O (atom 15):   3 p-orbitals (z          x          y          )
       O (atom 16):   3 p-orbitals (z          x          y          )
       O (atom 17):   3 p-orbitals (z          x          y          )
       O (atom 18):   3 p-orbitals (z          x          y          )
       O (atom 19):   3 p-orbitals (z          x          y          )
       O (atom 20):   3 p-orbitals (z          x          y          )

     We will consider   10 atoms: 
      1: Cr1   1.00000  0.52808  1.44172   ( distance =  0.00000 alat )
      2: Cr2   1.00000  0.52808  2.16258   ( distance =  0.72086 alat )
      3: Cr2   1.00000  0.52808  0.72086   ( distance =  0.72086 alat )
      4: Cr2   0.50000  0.00000  1.44172   ( distance =  0.72723 alat )
      5: Cr2   0.50000  1.05616  1.44172   ( distance =  0.72723 alat )
      6: Cr2   1.50000  0.00000  1.44172   ( distance =  0.72723 alat )
      7: Cr2   1.50000  1.05616  1.44172   ( distance =  0.72723 alat )
      8: Cr1   0.00000  0.52808  1.44172   ( distance =  1.00000 alat )
      9: Cr1   2.00000  0.52808  1.44172   ( distance =  1.00000 alat )
     10: Cr1   0.50000  1.05616  0.72086   ( distance =  1.02397 alat )

     Exchange interaction between atoms   1 and  2:  -2.460 meV =   -28 K (distance: 0.721)

       Orbital exchange interaction matrix J_{i,j,m,n} (in K and meV)
          22   26   -5   10   -3          1.92637  2.26970 -0.48728  0.86863 -0.32683
         -30  -12  -22   -3  -10         -2.62311 -1.04334 -1.93482 -0.34381 -0.89327
          34   -7  -26  -12  -10          2.93746 -0.62697 -2.31203 -1.06137 -0.94736
         -19   -9   -9   -8    0         -1.70809 -0.85434 -0.83464 -0.73436 -0.06110
          18    2   -4    0   -3          1.56789  0.17930 -0.36577  0.01243 -0.29665

     Exchange interaction between atoms   1 and  3:  -2.460 meV =   -28 K (distance: 0.721)

       Orbital exchange interaction matrix J_{i,j,m,n} (in K and meV)
          22   26   -5   10   -3          1.92635  2.26966 -0.48725  0.86862 -0.32681
         -30  -12  -22   -3  -10         -2.62307 -1.04336 -1.93481 -0.34384 -0.89326
          34   -7  -26  -12  -10          2.93738 -0.62697 -2.31207 -1.06132 -0.94739
         -19   -9   -9   -8    0         -1.70808 -0.85432 -0.83464 -0.73437 -0.06110
          18    2   -4    0   -3          1.56785  0.17928 -0.36579  0.01244 -0.29665

     Exchange interaction between atoms   1 and  4:  -2.668 meV =   -30 K (distance: 0.727)

       Orbital exchange interaction matrix J_{i,j,m,n} (in K and meV)
           5   20   13   -6  -21          0.48304  1.77696  1.14169 -0.54807 -1.82931
         -16  -19  -22   -6   53         -1.44614 -1.65613 -1.93741 -0.57637  4.59147
          -2   -9  -14  -11   26         -0.24961 -0.83831 -1.27398 -0.94809  2.24629
          34  -12  -12  -26  -28          2.93251 -1.04027 -1.08899 -2.31799 -2.48124
         -13  -20   -8   24   24         -1.15002 -1.75613 -0.72795  2.09634  2.09671

     Exchange interaction between atoms   1 and  5:  -2.669 meV =   -30 K (distance: 0.727)

       Orbital exchange interaction matrix J_{i,j,m,n} (in K and meV)
           8   14  -23    7   24          0.73196  1.21393 -2.02761  0.63772  2.07945
           0  -13   10   16  -22         -0.01113 -1.13098  0.93387  1.39542 -1.96955
          23   17  -23    5   56          2.02371  1.50681 -1.98522  0.50033  4.89655
         -31   11  -10  -31  -23         -2.75728  0.99376 -0.86342 -2.68479 -2.02347
          21    9  -27   32   27          1.82697  0.81124 -2.34990  2.77169  2.40009

     Exchange interaction between atoms   1 and  6:  -2.668 meV =   -30 K (distance: 0.727)

       Orbital exchange interaction matrix J_{i,j,m,n} (in K and meV)
           8   14  -23    7   24          0.73198  1.21390 -2.02756  0.63766  2.07954
           0  -13   10   16  -22         -0.01112 -1.13093  0.93381  1.39544 -1.96954
          23   17  -23    5   56          2.02374  1.50675 -1.98505  0.50008  4.89667
         -31   11  -10  -31  -23         -2.75728  0.99372 -0.86346 -2.68454 -2.02357
          21    9  -27   32   27          1.82701  0.81124 -2.34985  2.77157  2.40024

     Exchange interaction between atoms   1 and  7:  -2.669 meV =   -30 K (distance: 0.727)

       Orbital exchange interaction matrix J_{i,j,m,n} (in K and meV)
           5   20   13   -6  -21          0.48306  1.77701  1.14173 -0.54813 -1.82928
         -16  -19  -22   -6   53         -1.44622 -1.65627 -1.93749 -0.57609  4.59147
          -2   -9  -14  -11   26         -0.24964 -0.83835 -1.27401 -0.94802  2.24631
          34  -12  -12  -26  -28          2.93266 -1.04019 -1.08891 -2.31830 -2.48138
         -13  -20   -8   24   24         -1.15006 -1.75618 -0.72799  2.09642  2.09672

     Exchange interaction between atoms   1 and  8:  -0.105 meV =    -1 K (distance: 1.000)

       Orbital exchange interaction matrix J_{i,j,m,n} (in K and meV)
           0    0    0    0    0         -0.07381 -0.02935  0.00636  0.02803  0.06232
           0    0    0    0    0          0.08264  0.03877 -0.00185 -0.04763 -0.06230
           0    0    0    0    0          0.02668 -0.00201 -0.04271 -0.01643 -0.03391
           0    0    0    0    0         -0.04343  0.00205 -0.03082  0.00166  0.04486
           0    0    0    0    0          0.03430  0.02300 -0.01782  0.05708 -0.02856

     Exchange interaction between atoms   1 and  9:  -0.105 meV =    -1 K (distance: 1.000)

       Orbital exchange interaction matrix J_{i,j,m,n} (in K and meV)
           0    0    0    0    0         -0.07380 -0.02936  0.00636  0.02803  0.06232
           0    0    0    0    0          0.08263  0.03877 -0.00183 -0.04764 -0.06230
           0    0    0    0    0          0.02672 -0.00205 -0.04271 -0.01642 -0.03390
           0    0    0    0    0         -0.04346  0.00207 -0.03084  0.00165  0.04488
           0    0    0    0    0          0.03430  0.02299 -0.01781  0.05707 -0.02855

     Exchange interaction between atoms   1 and 10:   0.024 meV =     0 K (distance: 1.024)

       Orbital exchange interaction matrix J_{i,j,m,n} (in K and meV)
           0    0    1    0   -1         -0.04067 -0.05822  0.09540 -0.03532 -0.09895
           0    0   -1    0    1          0.00732  0.03956 -0.10024  0.02977  0.09356
           0    0    1    0    0          0.00021 -0.06830  0.09269 -0.02050 -0.04998
          -1    0    1    0   -1         -0.10746 -0.08219  0.08874 -0.02064 -0.09343
           0    0    0    0    0         -0.03567 -0.04555  0.05100 -0.02013 -0.04730

     Exchange interaction between atoms   2 and  3:  -0.213 meV =    -2 K (distance: 1.442)

       Orbital exchange interaction matrix J_{i,j,m,n} (in K and meV)
          -2    0    0    0    0         -0.17478  0.07687 -0.03183 -0.02378  0.00623
           0    0    0    0    0         -0.04136 -0.02533  0.02060  0.02455  0.03631
           0    0    0    0    0          0.00147 -0.03649 -0.00196  0.02684  0.02258
           0    0    0    0    0          0.02080 -0.00427  0.03218 -0.00862 -0.00175
           0    0    0    0    0         -0.01708  0.02740 -0.01509 -0.00748 -0.00188

     Exchange interaction between atoms   2 and  4:   0.023 meV =     0 K (distance: 1.024)

       Orbital exchange interaction matrix J_{i,j,m,n} (in K and meV)
           0    0    0    0    0         -0.02932  0.03887 -0.03033  0.00572 -0.01527
           1    0    1   -1    0          0.10697 -0.00716  0.10197 -0.08992  0.02955
           0    0    0    0    0          0.03161  0.03188  0.03607 -0.06613  0.04449
           0    0    0    0    0         -0.04918 -0.01278 -0.02634  0.03924 -0.03237
           0    0    0    0    0         -0.00766 -0.00828 -0.01659  0.01821 -0.01536

     Exchange interaction between atoms   2 and  5:   0.023 meV =     0 K (distance: 1.024)

       Orbital exchange interaction matrix J_{i,j,m,n} (in K and meV)
           0    0    0    0    0         -0.00391  0.03143  0.01515  0.00464  0.00933
           0    0    0    0    0         -0.01278 -0.02482  0.00541  0.03755 -0.00138
           0    0    0    0    0          0.07197  0.06145  0.06958 -0.03621  0.03739
           0    0    0    0    0          0.00921 -0.04969 -0.04221 -0.00610 -0.00753
           0    0    0    0    0         -0.02531 -0.01554 -0.00964  0.01768 -0.01130

     Exchange interaction between atoms   2 and  6:   0.024 meV =     0 K (distance: 1.024)

       Orbital exchange interaction matrix J_{i,j,m,n} (in K and meV)
           0    0    0    0    0         -0.01282  0.02307 -0.03975 -0.03383 -0.03040
           0    0    0    0    0          0.06160  0.02000 -0.03494  0.06494  0.07933
          -1    0    0    0   -1         -0.08857 -0.06097  0.04858 -0.08263 -0.09428
           0    0    0    0    0         -0.00042  0.00279  0.00301  0.01793  0.00688
           0    0    0    0    0         -0.04715 -0.00663 -0.01413 -0.04723 -0.05002

     Exchange interaction between atoms   2 and  7:   0.024 meV =     0 K (distance: 1.024)

       Orbital exchange interaction matrix J_{i,j,m,n} (in K and meV)
           0    0    0    0    0          0.02162  0.03487 -0.03692  0.04200  0.01785
           0    1   -1    0    0          0.04906  0.15921 -0.09176  0.04464  0.05589
           0    1    0    0    0          0.00662  0.11035 -0.07326  0.06823  0.03165
           0    0    0    0    0         -0.00097 -0.02853  0.07384 -0.06043  0.02516
           0    0    0    0    0          0.01037  0.03302 -0.02583 -0.02282 -0.02340

     Exchange interaction between atoms   2 and  8:   0.006 meV =     0 K (distance: 1.233)

       Orbital exchange interaction matrix J_{i,j,m,n} (in K and meV)
           0    0    0    0    0          0.03501  0.00483  0.01544  0.01103  0.01609
           0    0    0    0    0          0.06505 -0.00734 -0.00587 -0.02230  0.00919
           0    0    0    0    0          0.02733 -0.03440 -0.02511 -0.00930 -0.00196
           0    0    0    0    0         -0.00606 -0.01785 -0.00082  0.00190  0.00203
           0    0    0    0    0         -0.00834  0.02078  0.00229  0.00049  0.00154

     Exchange interaction between atoms   2 and  9:   0.006 meV =     0 K (distance: 1.233)

       Orbital exchange interaction matrix J_{i,j,m,n} (in K and meV)
           0    0    0    0    0          0.01582  0.01352  0.00718  0.00789  0.00677
           0    0    0    0    0          0.00516  0.00561  0.00396 -0.00199  0.02856
           0    0    0    0    0          0.00697 -0.00842 -0.02065 -0.00036  0.00504
           0    0    0    0    0         -0.00971 -0.01950  0.01633 -0.00296  0.02968
           0    0    0    0    0         -0.01265  0.00710  0.01242  0.00227  0.00811

     Exchange interaction between atoms   2 and 10:   0.020 meV =     0 K (distance: 1.615)

       Orbital exchange interaction matrix J_{i,j,m,n} (in K and meV)
           0    0    0    0    0         -0.00637 -0.00227 -0.00063  0.00502  0.00252
           0    0    0    0    0         -0.02423  0.00893 -0.00505  0.00085  0.00456
           0    0    0    0    0          0.00836 -0.00028 -0.01259 -0.02209 -0.00774
           0    0    0    0    0         -0.01492  0.03199 -0.02333  0.01844 -0.01682
           0    0    0    0    0          0.00255 -0.00796  0.01325 -0.00566  0.01132

     Exchange interaction between atoms   3 and  4:   0.024 meV =     0 K (distance: 1.024)

       Orbital exchange interaction matrix J_{i,j,m,n} (in K and meV)
           0    0    0    0    0          0.02163  0.03487 -0.03692  0.04200  0.01784
           0    1   -1    0    0          0.04906  0.15923 -0.09176  0.04465  0.05588
           0    1    0    0    0          0.00657  0.11035 -0.07325  0.06823  0.03167
           0    0    0    0    0         -0.00095 -0.02850  0.07385 -0.06043  0.02515
           0    0    0    0    0          0.01038  0.03300 -0.02584 -0.02283 -0.02342

     Exchange interaction between atoms   3 and  5:   0.024 meV =     0 K (distance: 1.024)

       Orbital exchange interaction matrix J_{i,j,m,n} (in K and meV)
           0    0    0    0    0         -0.01280  0.02307 -0.03976 -0.03384 -0.03039
           0    0    0    0    0          0.06163  0.01998 -0.03493  0.06491  0.07933
          -1    0    0    0   -1         -0.08859 -0.06094  0.04859 -0.08264 -0.09430
           0    0    0    0    0         -0.00038  0.00275  0.00300  0.01793  0.00687
           0    0    0    0    0         -0.04716 -0.00661 -0.01413 -0.04722 -0.05000

     Exchange interaction between atoms   3 and  6:   0.023 meV =     0 K (distance: 1.024)

       Orbital exchange interaction matrix J_{i,j,m,n} (in K and meV)
           0    0    0    0    0         -0.00390  0.03143  0.01516  0.00465  0.00931
           0    0    0    0    0         -0.01278 -0.02481  0.00542  0.03756 -0.00139
           0    0    0    0    0          0.07198  0.06147  0.06958 -0.03625  0.03741
           0    0    0    0    0          0.00921 -0.04969 -0.04219 -0.00612 -0.00755
           0    0    0    0    0         -0.02533 -0.01556 -0.00966  0.01770 -0.01131

     Exchange interaction between atoms   3 and  7:   0.024 meV =     0 K (distance: 1.024)

       Orbital exchange interaction matrix J_{i,j,m,n} (in K and meV)
           0    0    0    0    0         -0.02933  0.03890 -0.03035  0.00572 -0.01525
           1    0    1   -1    0          0.10697 -0.00710  0.10198 -0.08991  0.02958
           0    0    0    0    0          0.03163  0.03190  0.03606 -0.06613  0.04453
           0    0    0    0    0         -0.04918 -0.01277 -0.02633  0.03926 -0.03238
           0    0    0    0    0         -0.00767 -0.00830 -0.01659  0.01819 -0.01537

     Exchange interaction between atoms   3 and  8:   0.006 meV =     0 K (distance: 1.233)

       Orbital exchange interaction matrix J_{i,j,m,n} (in K and meV)
           0    0    0    0    0          0.01581  0.01350  0.00718  0.00789  0.00676
           0    0    0    0    0          0.00515  0.00557  0.00395 -0.00199  0.02854
           0    0    0    0    0          0.00697 -0.00842 -0.02068 -0.00037  0.00502
           0    0    0    0    0         -0.00972 -0.01948  0.01634 -0.00296  0.02969
           0    0    0    0    0         -0.01264  0.00709  0.01242  0.00227  0.00810

     Exchange interaction between atoms   3 and  9:   0.006 meV =     0 K (distance: 1.233)

       Orbital exchange interaction matrix J_{i,j,m,n} (in K and meV)
           0    0    0    0    0          0.03498  0.00482  0.01545  0.01102  0.01609
           0    0    0    0    0          0.06500 -0.00735 -0.00585 -0.02231  0.00918
           0    0    0    0    0          0.02733 -0.03439 -0.02515 -0.00927 -0.00198
           0    0    0    0    0         -0.00607 -0.01783 -0.00082  0.00190  0.00205
           0    0    0    0    0         -0.00835  0.02078  0.00230  0.00048  0.00153

     Exchange interaction between atoms   3 and 10:  -2.669 meV =   -30 K (distance: 0.727)

       Orbital exchange interaction matrix J_{i,j,m,n} (in K and meV)
          -6   -1   -9  -23   -6         -0.57690 -0.09915 -0.79380 -1.99376 -0.57434
         -14   -9    4  -24  -14         -1.28827 -0.79982  0.38776 -2.07013 -1.22699
          37   -3    9   37   56          3.21276 -0.29788  0.78192  3.23200  4.84754
          16  -29   22   -9   44          1.39558 -2.50937  1.97195 -0.83334  3.80758
          -4   17  -27  -12  -14         -0.37108  1.48414 -2.39457 -1.05204 -1.24103

     Exchange interaction between atoms   4 and  5:   0.175 meV =     2 K (distance: 1.056)

       Orbital exchange interaction matrix J_{i,j,m,n} (in K and meV)
           0    0    0    0    1          0.02705  0.07191  0.01197  0.05772  0.09982
           0    1    0    0    1          0.05727  0.10187 -0.00831  0.07977  0.10842
           0    0    0    0    0         -0.01421 -0.02409 -0.06909 -0.04413 -0.04444
           0    2    0    1    5         -0.03058  0.21239 -0.01796  0.10007  0.45357
           0    0    0    0    0          0.01251 -0.00227 -0.03058 -0.02710  0.01488

     Exchange interaction between atoms   4 and  6:  -0.104 meV =    -1 K (distance: 1.000)

       Orbital exchange interaction matrix J_{i,j,m,n} (in K and meV)
           0    0    0    0    0         -0.04877 -0.01434  0.01765 -0.03114  0.01240
           0    0    0    0    0         -0.00828  0.01092  0.02459 -0.02931  0.04126
           0    0    0    0    0          0.03736 -0.00817 -0.04297 -0.03173  0.03501
           0    0    0    0   -1          0.00495  0.04038 -0.04460  0.03682 -0.16440
           0    0    0    0    0         -0.05203  0.00608  0.01311 -0.00121 -0.06048

     Exchange interaction between atoms   4 and  7:  -0.110 meV =    -1 K (distance: 1.454)

       Orbital exchange interaction matrix J_{i,j,m,n} (in K and meV)
           0    0    0    0    0         -0.03729 -0.00871  0.02551 -0.05448  0.05587
           0    0    0    0    0          0.01948 -0.02074 -0.02608  0.00192 -0.00649
           0    0    0    0    0         -0.02380 -0.01517  0.02716 -0.04956  0.05528
           0    0    0    0    0          0.03831  0.02528 -0.00139  0.02951 -0.04069
           0    0    0    0   -1          0.06038  0.00132 -0.05534  0.06555 -0.10876

     Exchange interaction between atoms   4 and  8:  -2.668 meV =   -30 K (distance: 0.727)

       Orbital exchange interaction matrix J_{i,j,m,n} (in K and meV)
          -7    5    0   22  -10         -0.62742  0.44683 -0.08185  1.95137 -0.91985
         -35    1   -1   36  -52         -3.05674  0.13213 -0.12157  3.11422 -4.48256
          14   10   -7  -21   18          1.28552  0.88600 -0.61383 -1.85431  1.55210
         -18   29  -23   -9  -44         -1.61084  2.57502 -1.99420 -0.79670 -3.83319
          -1   23  -13   11   -8         -0.14910  2.06178 -1.14144  1.02758 -0.76249

     Exchange interaction between atoms   4 and  9:   0.063 meV =     0 K (distance: 1.590)

       Orbital exchange interaction matrix J_{i,j,m,n} (in K and meV)
           0    0    0    0    0          0.00946  0.02279  0.00952  0.01001 -0.00424
           0    0    0    0    0          0.02188  0.03527  0.01409  0.01441  0.00043
           0    0    0    0    0         -0.01590  0.02499 -0.00085  0.01310 -0.01192
           0    0    0    0    0         -0.02785 -0.01078 -0.00019  0.01582  0.01000
           0    0    0    0    0         -0.00860 -0.01527 -0.00368  0.00420  0.00346

     Exchange interaction between atoms   4 and 10:  -0.098 meV =    -1 K (distance: 1.279)

       Orbital exchange interaction matrix J_{i,j,m,n} (in K and meV)
           0    0    0    0    0         -0.00412 -0.00558  0.01058  0.00448 -0.01902
           0    0    0    0    0          0.00249 -0.01259  0.01335 -0.00118 -0.03889
           0    0    0    0    0         -0.01506  0.01466 -0.01514  0.02333  0.01645
           0    0    0    0    0         -0.00155 -0.03503  0.03492 -0.08101 -0.04364
           0    0    0    0    0         -0.01778  0.00234  0.01251 -0.03292  0.01498

     Exchange interaction between atoms   5 and  6:  -0.062 meV =     0 K (distance: 1.454)

       Orbital exchange interaction matrix J_{i,j,m,n} (in K and meV)
           0    0    0    0    0         -0.03292  0.01677 -0.03192  0.03764 -0.04785
           0    0    0    0    0         -0.03454  0.03434 -0.05505  0.06197 -0.04015
           0    0    0    0    0          0.00755 -0.00427  0.01394  0.00293  0.00094
           0    0    0    0    0         -0.00417  0.02350 -0.03071  0.00533 -0.00159
           0    0    0    0    0         -0.02203  0.05613 -0.07115  0.04070 -0.08228

     Exchange interaction between atoms   5 and  7:  -0.104 meV =    -1 K (distance: 1.000)

       Orbital exchange interaction matrix J_{i,j,m,n} (in K and meV)
           0    0    0    0    0         -0.04877 -0.01434  0.01765 -0.03114  0.01240
           0    0    0    0    0         -0.00828  0.01092  0.02459 -0.02931  0.04126
           0    0    0    0    0          0.03736 -0.00817 -0.04297 -0.03173  0.03501
           0    0    0    0   -1          0.00495  0.04038 -0.04460  0.03682 -0.16440
           0    0    0    0    0         -0.05203  0.00608  0.01311 -0.00121 -0.06048

     Exchange interaction between atoms   5 and  8:  -2.669 meV =   -30 K (distance: 0.727)

       Orbital exchange interaction matrix J_{i,j,m,n} (in K and meV)
          -6   -1    9  -23    6         -0.57686 -0.09914  0.79386 -1.99372  0.57430
         -14   -9   -4  -24   14         -1.28824 -0.79980 -0.38769 -2.07005  1.22697
         -37    3    9  -37   56         -3.21266  0.29798  0.78205 -3.23202  4.84744
          16  -29  -22   -9  -44          1.39555 -2.50930 -1.97198 -0.83324 -3.80752
           4  -17  -27   12  -14          0.37101 -1.48412 -2.39462  1.05207 -1.24095

     Exchange interaction between atoms   5 and  9:   0.063 meV =     0 K (distance: 1.590)

       Orbital exchange interaction matrix J_{i,j,m,n} (in K and meV)
           0    0    0    0    0          0.00752  0.00396 -0.00074 -0.00212 -0.00515
           0    0    0    0    0          0.01618  0.01632  0.00225 -0.00386  0.00606
           0    0    0    0    0          0.00318 -0.00268  0.01581 -0.01607 -0.01068
           0    0    0    0    0          0.00850 -0.01558 -0.00119  0.00907  0.01543
           0    0    0    0    0         -0.00590 -0.00376 -0.00387  0.00536  0.01457

     Exchange interaction between atoms   5 and 10:  -2.460 meV =   -28 K (distance: 0.721)

       Orbital exchange interaction matrix J_{i,j,m,n} (in K and meV)
         -14   21   17   -7   -7         -1.25719  1.83019  1.54565 -0.64927 -0.65214
         -47   13   23    0   -4         -4.08418  1.19632  1.99723  0.05828 -0.35001
         -25   38  -21  -13    0         -2.23198  3.34412 -1.87422 -1.12780 -0.07428
          26   -8  -14   -5    0          2.26310 -0.72468 -1.29039 -0.47987 -0.01333
          17  -16    3    2    0          1.48508 -1.43474  0.31970  0.18022 -0.04505

     Exchange interaction between atoms   6 and  7:   0.175 meV =     2 K (distance: 1.056)

       Orbital exchange interaction matrix J_{i,j,m,n} (in K and meV)
           0    0    0    0    1          0.02705  0.07191  0.01197  0.05772  0.09982
           0    1    0    0    1          0.05727  0.10187 -0.00831  0.07977  0.10842
           0    0    0    0    0         -0.01421 -0.02409 -0.06909 -0.04413 -0.04444
           0    2    0    1    5         -0.03058  0.21239 -0.01796  0.10007  0.45357
           0    0    0    0    0          0.01251 -0.00227 -0.03058 -0.02710  0.01488

     Exchange interaction between atoms   6 and  8:   0.063 meV =     0 K (distance: 1.590)

       Orbital exchange interaction matrix J_{i,j,m,n} (in K and meV)
           0    0    0    0    0          0.00752  0.00395 -0.00075 -0.00211 -0.00516
           0    0    0    0    0          0.01617  0.01630  0.00225 -0.00386  0.00608
           0    0    0    0    0          0.00318 -0.00271  0.01580 -0.01603 -0.01072
           0    0    0    0    0          0.00850 -0.01556 -0.00119  0.00906  0.01542
           0    0    0    0    0         -0.00590 -0.00374 -0.00387  0.00534  0.01458

     Exchange interaction between atoms   6 and  9:  -2.668 meV =   -30 K (distance: 0.727)

       Orbital exchange interaction matrix J_{i,j,m,n} (in K and meV)
          -6   -1    9  -23    6         -0.57682 -0.09916  0.79382 -1.99367  0.57419
         -14   -9   -4  -24   14         -1.28822 -0.79980 -0.38772 -2.07002  1.22693
         -37    3    9  -37   56         -3.21268  0.29800  0.78209 -3.23201  4.84740
          16  -29  -22   -9  -44          1.39550 -2.50934 -1.97223 -0.83306 -3.80750
           4  -17  -27   12  -14          0.37091 -1.48411 -2.39466  1.05203 -1.24076

     Exchange interaction between atoms   6 and 10:   0.013 meV =     0 K (distance: 1.623)

       Orbital exchange interaction matrix J_{i,j,m,n} (in K and meV)
           0    0    0    0    0          0.00534  0.01185  0.00584  0.00266  0.00765
           0    0    0    0    0          0.02594  0.01300  0.01371  0.00933  0.01061
           0    0    0    0    0          0.01147  0.00917  0.00115 -0.00850 -0.00517
           0    0    0    0    0         -0.00305  0.01451  0.00822 -0.00797 -0.00509
           0    0    0    0    0         -0.00250  0.00088  0.00611 -0.00374  0.00178

     Exchange interaction between atoms   7 and  8:   0.063 meV =     0 K (distance: 1.590)

       Orbital exchange interaction matrix J_{i,j,m,n} (in K and meV)
           0    0    0    0    0          0.00946  0.02278  0.00952  0.01001 -0.00422
           0    0    0    0    0          0.02188  0.03527  0.01409  0.01441  0.00043
           0    0    0    0    0         -0.01589  0.02497 -0.00083  0.01308 -0.01190
           0    0    0    0    0         -0.02785 -0.01080 -0.00022  0.01582  0.01000
           0    0    0    0    0         -0.00861 -0.01527 -0.00369  0.00420  0.00346

     Exchange interaction between atoms   7 and  9:  -2.669 meV =   -30 K (distance: 0.727)

       Orbital exchange interaction matrix J_{i,j,m,n} (in K and meV)
          -7    5    0   22  -10         -0.62748  0.44683 -0.08187  1.95144 -0.91991
         -35    1   -1   36  -52         -3.05680  0.13202 -0.12154  3.11421 -4.48257
          14   10   -7  -21   18          1.28557  0.88607 -0.61387 -1.85434  1.55215
         -18   29  -23   -9  -44         -1.61082  2.57475 -1.99414 -0.79709 -3.83310
          -1   23  -13   11   -8         -0.14917  2.06167 -1.14140  1.02747 -0.76252

     Exchange interaction between atoms   7 and 10:   0.006 meV =     0 K (distance: 1.233)

       Orbital exchange interaction matrix J_{i,j,m,n} (in K and meV)
           0    0    0    0    0          0.03500  0.00483 -0.01545  0.01105 -0.01609
           0    0    0    0    0          0.06508 -0.00739  0.00585 -0.02229 -0.00918
           0    0    0    0    0         -0.02739  0.03445 -0.02516  0.00930 -0.00196
           0    0    0    0    0         -0.00605 -0.01786  0.00081  0.00187 -0.00198
           0    0    0    0    0          0.00837 -0.02081  0.00229 -0.00049  0.00156

     Exchange interaction between atoms   8 and  9:  -0.032 meV =     0 K (distance: 2.000)

       Orbital exchange interaction matrix J_{i,j,m,n} (in K and meV)
           0    0    0    0    0         -0.01473 -0.00199  0.01335  0.00848 -0.00905
           0    0    0    0    0          0.02529 -0.01611 -0.00567 -0.01076  0.00390
           0    0    0    0    0         -0.00177 -0.01391  0.01672  0.00208  0.00508
           0    0    0    0    0         -0.01024  0.00392  0.00299 -0.00713  0.00631
           0    0    0    0    0         -0.00302 -0.00076  0.00866  0.00271 -0.01050

     Exchange interaction between atoms   8 and 10:   0.024 meV =     0 K (distance: 1.024)

       Orbital exchange interaction matrix J_{i,j,m,n} (in K and meV)
           0    0    0    0    0         -0.03861 -0.06203 -0.01418 -0.03588 -0.01805
           0    0    0    0    0         -0.05066  0.01248  0.03611  0.02929  0.02457
           1    1    0    0    0          0.13762  0.14498  0.00282  0.03231  0.02308
           1    1    0    0    0          0.11354  0.15060  0.04837  0.06666  0.04212
           0    0    0    0    0         -0.02748 -0.03133 -0.02163 -0.02823 -0.01980

     Exchange interaction between atoms   9 and 10:  -0.046 meV =     0 K (distance: 1.746)

       Orbital exchange interaction matrix J_{i,j,m,n} (in K and meV)
           0    0    0    0    0         -0.00616  0.01227  0.00069 -0.00640 -0.00167
           0    0    0    0    0          0.00582 -0.01320  0.01105  0.02500  0.00201
           0    0    0    0    0         -0.01643  0.01013 -0.00917 -0.01204 -0.00959
           0    0    0    0    0         -0.00252 -0.00225 -0.01481 -0.01112  0.00331
           0    0    0    0    0         -0.00204  0.00471 -0.00426  0.00274 -0.00682

     Computed orbitals occupations should coincide with your DFT results
     If they differ significantly - check your integration contour.

     For atom  1 spin 1
        Orbital 1 occupation:  0.441
        Orbital 2 occupation:  0.837
        Orbital 3 occupation:  0.919
        Orbital 4 occupation:  0.888
        Orbital 5 occupation:  0.429

     For atom  1 spin 2
        Orbital 1 occupation:  0.154
        Orbital 2 occupation:  0.101
        Orbital 3 occupation:  0.087
        Orbital 4 occupation:  0.092
        Orbital 5 occupation:  0.154

     For atom  2 spin 1
        Orbital 1 occupation:  0.154
        Orbital 2 occupation:  0.101
        Orbital 3 occupation:  0.087
        Orbital 4 occupation:  0.092
        Orbital 5 occupation:  0.154

     For atom  2 spin 2
        Orbital 1 occupation:  0.441
        Orbital 2 occupation:  0.837
        Orbital 3 occupation:  0.919
        Orbital 4 occupation:  0.888
        Orbital 5 occupation:  0.429

     For atom  3 spin 1
        Orbital 1 occupation:  0.154
        Orbital 2 occupation:  0.101
        Orbital 3 occupation:  0.087
        Orbital 4 occupation:  0.092
        Orbital 5 occupation:  0.154

     For atom  3 spin 2
        Orbital 1 occupation:  0.441
        Orbital 2 occupation:  0.837
        Orbital 3 occupation:  0.919
        Orbital 4 occupation:  0.888
        Orbital 5 occupation:  0.429

     For atom  4 spin 1
        Orbital 1 occupation:  0.154
        Orbital 2 occupation:  0.101
        Orbital 3 occupation:  0.087
        Orbital 4 occupation:  0.092
        Orbital 5 occupation:  0.154

     For atom  4 spin 2
        Orbital 1 occupation:  0.441
        Orbital 2 occupation:  0.837
        Orbital 3 occupation:  0.919
        Orbital 4 occupation:  0.888
        Orbital 5 occupation:  0.429

     For atom  5 spin 1
        Orbital 1 occupation:  0.154
        Orbital 2 occupation:  0.101
        Orbital 3 occupation:  0.087
        Orbital 4 occupation:  0.092
        Orbital 5 occupation:  0.154

     For atom  5 spin 2
        Orbital 1 occupation:  0.441
        Orbital 2 occupation:  0.837
        Orbital 3 occupation:  0.919
        Orbital 4 occupation:  0.888
        Orbital 5 occupation:  0.429

     For atom  6 spin 1
        Orbital 1 occupation:  0.154
        Orbital 2 occupation:  0.101
        Orbital 3 occupation:  0.087
        Orbital 4 occupation:  0.092
        Orbital 5 occupation:  0.154

     For atom  6 spin 2
        Orbital 1 occupation:  0.441
        Orbital 2 occupation:  0.837
        Orbital 3 occupation:  0.919
        Orbital 4 occupation:  0.888
        Orbital 5 occupation:  0.429

     For atom  7 spin 1
        Orbital 1 occupation:  0.154
        Orbital 2 occupation:  0.101
        Orbital 3 occupation:  0.087
        Orbital 4 occupation:  0.092
        Orbital 5 occupation:  0.154

     For atom  7 spin 2
        Orbital 1 occupation:  0.441
        Orbital 2 occupation:  0.837
        Orbital 3 occupation:  0.919
        Orbital 4 occupation:  0.888
        Orbital 5 occupation:  0.429

     For atom  8 spin 1
        Orbital 1 occupation:  0.441
        Orbital 2 occupation:  0.837
        Orbital 3 occupation:  0.919
        Orbital 4 occupation:  0.888
        Orbital 5 occupation:  0.429

     For atom  8 spin 2
        Orbital 1 occupation:  0.154
        Orbital 2 occupation:  0.101
        Orbital 3 occupation:  0.087
        Orbital 4 occupation:  0.092
        Orbital 5 occupation:  0.154

     For atom  9 spin 1
        Orbital 1 occupation:  0.441
        Orbital 2 occupation:  0.837
        Orbital 3 occupation:  0.919
        Orbital 4 occupation:  0.888
        Orbital 5 occupation:  0.429

     For atom  9 spin 2
        Orbital 1 occupation:  0.154
        Orbital 2 occupation:  0.101
        Orbital 3 occupation:  0.087
        Orbital 4 occupation:  0.092
        Orbital 5 occupation:  0.154

     For atom 10 spin 1
        Orbital 1 occupation:  0.441
        Orbital 2 occupation:  0.837
        Orbital 3 occupation:  0.919
        Orbital 4 occupation:  0.888
        Orbital 5 occupation:  0.429

     For atom 10 spin 2
        Orbital 1 occupation:  0.154
        Orbital 2 occupation:  0.101
        Orbital 3 occupation:  0.087
        Orbital 4 occupation:  0.092
        Orbital 5 occupation:  0.154

     Execution time:   89 seconds
