
     ------------------------------------------------------------------
                           Program EXCHANGES                           
      for calculation of exchange parameters of the Heisenberg model.  

     Please cite "D. M. Korotin et al., Phys. Rev. B 91, 224405 (2015)"
         in publications or presentations arising from this work.      
     ------------------------------------------------------------------

        We are using the model with the exchange term defined as:      

                        H = \sum_ij J_{ij} e_i e_j,                    

      where e_i,j are unit vectors and sum runs once over ions pairs   

     ------------------------------------------------------------------


     Running in   1 threads

     Parameters of integration contour:
     emin = -30.000  emax =  0.000  height = 0.010 (eV)
     nz1 =  150  nz2 = 3000  nz3 =  150

     Cell constant (alat) 10.051688002 Bohr
     Cell vectors (rows):
         1.00000  0.00000  0.00000
         0.00000  1.05616  0.00000
         0.00000  0.00000  1.44172
     Atoms of the initial cell:
       Y     0.01860  0.98597  0.36043
       Y     0.51860  0.59827  1.08129
       Y     0.48140  0.45789  0.36043
       Y     0.98140  0.07019  1.08129
       Cr1   0.00000  0.52808  0.00000
       Cr2   0.50000  0.00000  0.00000
       Cr1   0.50000  0.00000  0.72086
       Cr2   0.00000  0.52808  0.72086
       O     0.69381  0.31884  1.35892
       O     0.19381  0.20924  0.08280
       O     0.80619  0.84692  0.80366
       O     0.30619  0.73732  0.63806
       O     0.30619  0.73732  0.08280
       O     0.80619  0.84692  1.35892
       O     0.19381  0.20924  0.63806
       O     0.69381  0.31884  0.80366
       O     0.11166  0.48409  1.08129
       O     0.61166  0.04399  0.36043
       O     0.38834  1.01217  1.08129
       O     0.88834  0.57207  0.36043

     We have the following basis for the hamiltonian and the green function:
      56 orbitals grouped in 16 blocks:
     Cr1 (atom  5):   5 d-orbitals (3z^2-1     xz         yz         x^2-y^2    xy         )
     Cr2 (atom  6):   5 d-orbitals (3z^2-1     xz         yz         x^2-y^2    xy         )
     Cr1 (atom  7):   5 d-orbitals (3z^2-1     xz         yz         x^2-y^2    xy         )
     Cr2 (atom  8):   5 d-orbitals (3z^2-1     xz         yz         x^2-y^2    xy         )
       O (atom  9):   3 p-orbitals (z          x          y          )
       O (atom 10):   3 p-orbitals (z          x          y          )
       O (atom 11):   3 p-orbitals (z          x          y          )
       O (atom 12):   3 p-orbitals (z          x          y          )
       O (atom 13):   3 p-orbitals (z          x          y          )
       O (atom 14):   3 p-orbitals (z          x          y          )
       O (atom 15):   3 p-orbitals (z          x          y          )
       O (atom 16):   3 p-orbitals (z          x          y          )
       O (atom 17):   3 p-orbitals (z          x          y          )
       O (atom 18):   3 p-orbitals (z          x          y          )
       O (atom 19):   3 p-orbitals (z          x          y          )
       O (atom 20):   3 p-orbitals (z          x          y          )

     We will consider   10 atoms: 
      1: Cr1   0.00000  0.52808  0.00000   ( distance =  0.00000 alat )
      2: Cr2   0.00000  0.52808 -0.72086   ( distance =  0.72086 alat )
      3: Cr2   0.00000  0.52808  0.72086   ( distance =  0.72086 alat )
      4: Cr2  -0.50000  0.00000  0.00000   ( distance =  0.72723 alat )
      5: Cr2  -0.50000  1.05616  0.00000   ( distance =  0.72723 alat )
      6: Cr2   0.50000  0.00000  0.00000   ( distance =  0.72723 alat )
      7: Cr2   0.50000  1.05616  0.00000   ( distance =  0.72723 alat )
      8: Cr1  -1.00000  0.52808  0.00000   ( distance =  1.00000 alat )
      9: Cr1   1.00000  0.52808  0.00000   ( distance =  1.00000 alat )
     10: Cr1   0.50000  0.00000  0.72086   ( distance =  1.02397 alat )

     Exchange interaction between atoms   1 and  2:  -2.043 meV =   -23 K (distance: 0.721)

       Orbital exchange interaction matrix J_{i,j,m,n} (in K and meV)
          24   26   -5    9   -3          2.13867  2.26083 -0.44798  0.85507 -0.30278
         -32  -10  -21   -3   -9         -2.80851 -0.93550 -1.86631 -0.27878 -0.85824
          27   -9  -25  -12  -10          2.37285 -0.78053 -2.23418 -1.10037 -0.92416
         -20   -9   -9   -8    0         -1.72961 -0.77736 -0.79104 -0.71269 -0.05359
          15    1   -4    0   -3          1.33394  0.10863 -0.37152  0.00041 -0.29946

     Exchange interaction between atoms   1 and  3:  -2.043 meV =   -23 K (distance: 0.721)

       Orbital exchange interaction matrix J_{i,j,m,n} (in K and meV)
          24   26   -5    9   -3          2.13870  2.26082 -0.44799  0.85505 -0.30277
         -32  -10  -21   -3   -9         -2.80849 -0.93547 -1.86628 -0.27874 -0.85825
          27   -9  -25  -12  -10          2.37283 -0.78055 -2.23413 -1.10041 -0.92413
         -20   -9   -9   -8    0         -1.72959 -0.77732 -0.79101 -0.71264 -0.05360
          15    1   -4    0   -3          1.33394  0.10862 -0.37152  0.00038 -0.29945

     Exchange interaction between atoms   1 and  4:  -3.010 meV =   -34 K (distance: 0.727)

       Orbital exchange interaction matrix J_{i,j,m,n} (in K and meV)
           4   21   13   -6  -20          0.38602  1.81071  1.16925 -0.52713 -1.76798
         -15  -20  -22   -6   52         -1.30072 -1.73828 -1.97522 -0.59937  4.53463
          -1  -10  -15  -11   25         -0.11080 -0.91525 -1.30943 -0.96223  2.20257
          35  -10  -13  -26  -28          3.09204 -0.91267 -1.17557 -2.31654 -2.44129
         -13  -21   -8   24   22         -1.13179 -1.85226 -0.70802  2.09144  1.96834

     Exchange interaction between atoms   1 and  5:  -3.010 meV =   -34 K (distance: 0.727)

       Orbital exchange interaction matrix J_{i,j,m,n} (in K and meV)
           6   13  -24    7   23          0.58358  1.15784 -2.09026  0.64358  2.01564
           1  -12   11   16  -21          0.08885 -1.07953  0.96972  1.43570 -1.84050
          22   18  -25    5   57          1.94347  1.56603 -2.20052  0.50714  4.98605
         -33   10   -9  -32  -23         -2.88395  0.90342 -0.85288 -2.76298 -2.04623
          19    9  -28   32   28          1.71534  0.78367 -2.42325  2.81307  2.44944

     Exchange interaction between atoms   1 and  6:  -3.010 meV =   -34 K (distance: 0.727)

       Orbital exchange interaction matrix J_{i,j,m,n} (in K and meV)
           6   13  -24    7   23          0.58358  1.15785 -2.09031  0.64353  2.01569
           1  -12   11   16  -21          0.08887 -1.07955  0.96978  1.43576 -1.84052
          22   18  -25    5   57          1.94342  1.56609 -2.20064  0.50692  4.98609
         -33   10   -9  -32  -23         -2.88396  0.90338 -0.85281 -2.76289 -2.04628
          19    9  -28   32   28          1.71536  0.78368 -2.42332  2.81303  2.44952

     Exchange interaction between atoms   1 and  7:  -3.010 meV =   -34 K (distance: 0.727)

       Orbital exchange interaction matrix J_{i,j,m,n} (in K and meV)
           4   21   13   -6  -20          0.38602  1.81073  1.16926 -0.52719 -1.76794
         -15  -20  -22   -6   52         -1.30078 -1.73834 -1.97525 -0.59911  4.53455
          -1  -10  -15  -11   25         -0.11082 -0.91525 -1.30943 -0.96217  2.20251
          35  -10  -13  -26  -28          3.09214 -0.91265 -1.17553 -2.31672 -2.44135
         -13  -21   -8   24   22         -1.13183 -1.85228 -0.70803  2.09150  1.96838

     Exchange interaction between atoms   1 and  8:   0.009 meV =     0 K (distance: 1.000)

       Orbital exchange interaction matrix J_{i,j,m,n} (in K and meV)
           0    0    0    0    0         -0.04202 -0.04526 -0.01535 -0.02349  0.06985
           0    0    0    0   -1          0.05927  0.04787  0.01361  0.01922 -0.09013
           0    0    0    0    0          0.01692  0.03294 -0.03314 -0.01087 -0.01714
           0    0    0    0    0         -0.01009 -0.01915 -0.00437  0.06197  0.02388
           0    0    0    0    0          0.02676  0.04701 -0.01366  0.02887 -0.02599

     Exchange interaction between atoms   1 and  9:   0.009 meV =     0 K (distance: 1.000)

       Orbital exchange interaction matrix J_{i,j,m,n} (in K and meV)
           0    0    0    0    0         -0.04203 -0.04525 -0.01536 -0.02348  0.06986
           0    0    0    0   -1          0.05929  0.04788  0.01360  0.01921 -0.09011
           0    0    0    0    0          0.01691  0.03294 -0.03316 -0.01085 -0.01714
           0    0    0    0    0         -0.01008 -0.01916 -0.00436  0.06198  0.02389
           0    0    0    0    0          0.02675  0.04700 -0.01367  0.02887 -0.02600

     Exchange interaction between atoms   1 and 10:   0.065 meV =     0 K (distance: 1.024)

       Orbital exchange interaction matrix J_{i,j,m,n} (in K and meV)
           0    0    1    0   -1         -0.03257 -0.05799  0.10187 -0.04225 -0.09068
           0    0   -1    0    0         -0.01563  0.07219 -0.10797  0.03107  0.06716
           0    0    1    0    0         -0.01296 -0.05394  0.10387 -0.01334 -0.03861
           0   -1    1    0    0         -0.06379 -0.11001  0.11956 -0.03436 -0.07038
           0    0    0    0    0         -0.04299 -0.01499  0.03346 -0.01792 -0.04388

     Exchange interaction between atoms   2 and  3:  -0.221 meV =    -2 K (distance: 1.442)

       Orbital exchange interaction matrix J_{i,j,m,n} (in K and meV)
          -2    0    0    0    0         -0.17363  0.06753 -0.05747 -0.03062  0.01287
           0    0    0    0    0         -0.01498 -0.05548  0.03311  0.00489 -0.01149
           0    0    0    0    0         -0.01873  0.00286 -0.00765 -0.02052 -0.04741
           0    0    0    0    0          0.03955 -0.02777 -0.00140 -0.00099 -0.01310
           0    0    0    0    0         -0.01627  0.03504 -0.00094 -0.00106  0.01672

     Exchange interaction between atoms   2 and  4:   0.065 meV =     0 K (distance: 1.024)

       Orbital exchange interaction matrix J_{i,j,m,n} (in K and meV)
           0    0    0    0    0          0.00623  0.05902 -0.04617  0.03523  0.00447
           0    2   -1    0    0          0.01071  0.19759 -0.10772  0.07409  0.01798
           0    1    0    0    0          0.01318  0.10820 -0.06566  0.08160 -0.00261
           0    0    0    0    0         -0.01280 -0.03282  0.07070 -0.07721  0.02728
           0    0    0    0    0         -0.00029  0.02237 -0.02849 -0.02122  0.00432

     Exchange interaction between atoms   2 and  5:   0.065 meV =     0 K (distance: 1.024)

       Orbital exchange interaction matrix J_{i,j,m,n} (in K and meV)
           0    0    0    0    0         -0.01170  0.04714 -0.02974  0.00075 -0.03666
           0    0    0    1    0          0.04594  0.06198 -0.02645  0.09171  0.04124
          -1    0    0   -1    0         -0.10215 -0.07166  0.06351 -0.11680 -0.07439
           0    0    0    0    0         -0.02039 -0.00016 -0.00877 -0.00845 -0.01015
           0    0    0    0    0         -0.03872  0.00656 -0.01596 -0.02221 -0.04006

     Exchange interaction between atoms   2 and  6:   0.038 meV =     0 K (distance: 1.024)

       Orbital exchange interaction matrix J_{i,j,m,n} (in K and meV)
           0    0    0    0    0         -0.00801  0.00978  0.00869 -0.01318  0.00278
           0    0    0    0    0         -0.02796 -0.04772  0.03500  0.01633 -0.03917
           0    0    1    0    0          0.04865  0.07307  0.09117 -0.04301  0.02675
           0    0    0    0    0         -0.01693 -0.01456 -0.02955  0.00754 -0.01615
           0    0    0    0    0         -0.00400 -0.03434 -0.02991  0.01548 -0.00489

     Exchange interaction between atoms   2 and  7:   0.038 meV =     0 K (distance: 1.024)

       Orbital exchange interaction matrix J_{i,j,m,n} (in K and meV)
           0    0    0    0    0         -0.03071  0.03113 -0.03155  0.01235 -0.00954
           1    0    1    0    0          0.12020 -0.01112  0.11913 -0.07318  0.03397
           0    0    0   -1    0          0.07262  0.07498  0.04242 -0.09304  0.03809
           0    0    0    0    0         -0.05217 -0.02344 -0.03083  0.05134 -0.01782
           0    0    0    0    0         -0.03216 -0.00919 -0.01832  0.01963 -0.01384

     Exchange interaction between atoms   2 and  8:  -0.079 meV =     0 K (distance: 1.233)

       Orbital exchange interaction matrix J_{i,j,m,n} (in K and meV)
           0    0    0    0    0         -0.02053 -0.00535 -0.00410 -0.00630  0.01356
           0    0    0    0    0         -0.02287 -0.02455  0.00171 -0.02226  0.03393
           0    0    0    0    0          0.02230 -0.01392 -0.02864 -0.00454  0.00981
           0    0    0    0    0          0.00964 -0.00120  0.02906 -0.02383 -0.01600
           0    0    0    0    0         -0.01609  0.00122  0.01361  0.01202  0.01894

     Exchange interaction between atoms   2 and  9:  -0.079 meV =     0 K (distance: 1.233)

       Orbital exchange interaction matrix J_{i,j,m,n} (in K and meV)
           0    0    0    0    0         -0.00699  0.00980 -0.00998  0.00702  0.01103
           0    0    0    0    0          0.01845 -0.00957 -0.03962 -0.00937  0.02476
           0    0    0    0    0          0.01045 -0.03110 -0.02058  0.01071  0.02966
           0    0    0    0    0         -0.00219 -0.01497  0.02338 -0.01545  0.02180
           0    0    0    0    0         -0.00003  0.01475 -0.00546  0.00374 -0.02602

     Exchange interaction between atoms   2 and 10:  -0.063 meV =     0 K (distance: 1.615)

       Orbital exchange interaction matrix J_{i,j,m,n} (in K and meV)
           0    0    0    0    0         -0.00641 -0.01189  0.00564 -0.00856 -0.00815
           0    0    0    0    0         -0.00034 -0.02323  0.00620 -0.00477  0.00676
           0    0    0    0    0          0.03375 -0.01988 -0.00723  0.01395  0.04325
           0    0    0    0    0         -0.00053 -0.00029 -0.01394 -0.01895 -0.01382
           0    0    0    0    0         -0.00690  0.00280  0.00605 -0.00066 -0.00718

     Exchange interaction between atoms   3 and  4:   0.038 meV =     0 K (distance: 1.024)

       Orbital exchange interaction matrix J_{i,j,m,n} (in K and meV)
           0    0    0    0    0         -0.03071  0.03114 -0.03154  0.01235 -0.00954
           1    0    1    0    0          0.12019 -0.01112  0.11913 -0.07319  0.03397
           0    0    0   -1    0          0.07260  0.07497  0.04243 -0.09304  0.03809
           0    0    0    0    0         -0.05219 -0.02343 -0.03083  0.05133 -0.01780
           0    0    0    0    0         -0.03215 -0.00919 -0.01832  0.01964 -0.01385

     Exchange interaction between atoms   3 and  5:   0.038 meV =     0 K (distance: 1.024)

       Orbital exchange interaction matrix J_{i,j,m,n} (in K and meV)
           0    0    0    0    0         -0.00802  0.00979  0.00870 -0.01319  0.00277
           0    0    0    0    0         -0.02796 -0.04772  0.03501  0.01632 -0.03919
           0    0    1    0    0          0.04867  0.07305  0.09119 -0.04301  0.02674
           0    0    0    0    0         -0.01691 -0.01460 -0.02954  0.00754 -0.01615
           0    0    0    0    0         -0.00402 -0.03432 -0.02992  0.01548 -0.00489

     Exchange interaction between atoms   3 and  6:   0.065 meV =     0 K (distance: 1.024)

       Orbital exchange interaction matrix J_{i,j,m,n} (in K and meV)
           0    0    0    0    0         -0.01170  0.04715 -0.02973  0.00077 -0.03665
           0    0    0    1    0          0.04594  0.06199 -0.02643  0.09172  0.04124
          -1    0    0   -1    0         -0.10215 -0.07166  0.06351 -0.11681 -0.07439
           0    0    0    0    0         -0.02037 -0.00019 -0.00879 -0.00848 -0.01017
           0    0    0    0    0         -0.03873  0.00657 -0.01595 -0.02218 -0.04004

     Exchange interaction between atoms   3 and  7:   0.065 meV =     0 K (distance: 1.024)

       Orbital exchange interaction matrix J_{i,j,m,n} (in K and meV)
           0    0    0    0    0          0.00623  0.05901 -0.04617  0.03523  0.00446
           0    2   -1    0    0          0.01069  0.19758 -0.10771  0.07411  0.01799
           0    1    0    0    0          0.01318  0.10819 -0.06566  0.08162 -0.00260
           0    0    0    0    0         -0.01280 -0.03283  0.07070 -0.07723  0.02725
           0    0    0    0    0         -0.00029  0.02238 -0.02849 -0.02121  0.00434

     Exchange interaction between atoms   3 and  8:  -0.079 meV =     0 K (distance: 1.233)

       Orbital exchange interaction matrix J_{i,j,m,n} (in K and meV)
           0    0    0    0    0         -0.00700  0.00980 -0.00998  0.00701  0.01102
           0    0    0    0    0          0.01845 -0.00957 -0.03962 -0.00939  0.02476
           0    0    0    0    0          0.01047 -0.03110 -0.02059  0.01070  0.02967
           0    0    0    0    0         -0.00218 -0.01496  0.02337 -0.01545  0.02180
           0    0    0    0    0         -0.00004  0.01474 -0.00545  0.00374 -0.02603

     Exchange interaction between atoms   3 and  9:  -0.079 meV =     0 K (distance: 1.233)

       Orbital exchange interaction matrix J_{i,j,m,n} (in K and meV)
           0    0    0    0    0         -0.02053 -0.00537 -0.00409 -0.00629  0.01357
           0    0    0    0    0         -0.02286 -0.02457  0.00172 -0.02224  0.03393
           0    0    0    0    0          0.02230 -0.01391 -0.02865 -0.00453  0.00980
           0    0    0    0    0          0.00964 -0.00120  0.02907 -0.02381 -0.01598
           0    0    0    0    0         -0.01609  0.00121  0.01361  0.01200  0.01893

     Exchange interaction between atoms   3 and 10:  -3.010 meV =   -34 K (distance: 0.727)

       Orbital exchange interaction matrix J_{i,j,m,n} (in K and meV)
          -7   -1   -8  -23   -7         -0.67781 -0.11440 -0.75280 -2.05820 -0.68582
         -14   -9    5  -23  -13         -1.24878 -0.79134  0.48095 -2.00612 -1.18239
          38   -2    6   37   58          3.32304 -0.23060  0.57482  3.26645  4.99869
          16  -29   23  -10   44          1.45451 -2.53356  1.99472 -0.87706  3.87307
          -5   16  -27  -12  -14         -0.43450  1.42881 -2.37087 -1.03696 -1.23858

     Exchange interaction between atoms   4 and  5:   0.095 meV =     1 K (distance: 1.056)

       Orbital exchange interaction matrix J_{i,j,m,n} (in K and meV)
           0    0    0    0    0          0.02357  0.03967 -0.00089  0.06799  0.05463
           0    0    0    0    0          0.01322  0.03566 -0.03200  0.06829  0.02937
           0    0    0    0    0         -0.00081 -0.02105 -0.04549 -0.07010 -0.04596
           0    2    0    1    4         -0.07411  0.19662  0.01851  0.09629  0.38660
           0    0    0    0    0         -0.02013 -0.01733 -0.01759 -0.03308 -0.01520

     Exchange interaction between atoms   4 and  6:   0.009 meV =     0 K (distance: 1.000)

       Orbital exchange interaction matrix J_{i,j,m,n} (in K and meV)
           0    0    0    0    0          0.00037 -0.01350 -0.00289 -0.00485  0.01294
           0    0    0    0    0          0.06050  0.00017 -0.01541  0.00066  0.06628
           0    0    0    0    0         -0.00853 -0.00461 -0.03106  0.00057  0.01248
           0    0    0    1   -1         -0.06235 -0.01873 -0.03581  0.09114 -0.13462
           0    0    0    0    0         -0.05431 -0.02472  0.00279  0.01795 -0.05202

     Exchange interaction between atoms   4 and  7:  -0.104 meV =    -1 K (distance: 1.454)

       Orbital exchange interaction matrix J_{i,j,m,n} (in K and meV)
           0    0    0    0    0         -0.04921 -0.00814  0.04015 -0.06692  0.04787
           0    0    0    0    0          0.00251 -0.02697 -0.02051 -0.02545 -0.01123
           0    0    0    0    0         -0.03547  0.00284  0.03579 -0.05075  0.04348
           0    0    0    0    0          0.00137 -0.00856 -0.01561  0.01528  0.00997
           0    0    0    0    0          0.04250 -0.01223 -0.05398  0.05076 -0.07922

     Exchange interaction between atoms   4 and  8:  -3.010 meV =   -34 K (distance: 0.727)

       Orbital exchange interaction matrix J_{i,j,m,n} (in K and meV)
          -8    4    0   23  -11         -0.71290  0.37965  0.00039  2.00766 -0.99516
         -36    0    0   35  -53         -3.13489  0.05590 -0.02899  3.07113 -4.63247
          15   10   -7  -22   18          1.32434  0.92025 -0.64049 -1.92451  1.61317
         -18   30  -23   -9  -45         -1.63604  2.61437 -2.01591 -0.80326 -3.93831
          -2   23  -13   12  -10         -0.23482  2.06310 -1.13179  1.03714 -0.90921

     Exchange interaction between atoms   4 and  9:  -0.022 meV =     0 K (distance: 1.590)

       Orbital exchange interaction matrix J_{i,j,m,n} (in K and meV)
           0    0    0    0    0         -0.01023  0.00688  0.00845 -0.00742 -0.00568
           0    0    0    0    0          0.01048  0.01189  0.00908  0.00002 -0.02425
           0    0    0    0    0         -0.00012  0.01006 -0.00973 -0.01480  0.01810
           0    0    0    0    0          0.01416 -0.01750  0.01018 -0.00132 -0.00091
           0    0    0    0    0          0.00349 -0.01173  0.00388  0.00361 -0.01250

     Exchange interaction between atoms   4 and 10:  -0.079 meV =     0 K (distance: 1.233)

       Orbital exchange interaction matrix J_{i,j,m,n} (in K and meV)
           0    0    0    0    0         -0.00699  0.00978  0.00998  0.00702 -0.01102
           0    0    0    0    0          0.01845 -0.00959  0.03962 -0.00939 -0.02474
           0    0    0    0    0         -0.01046  0.03108 -0.02058 -0.01071  0.02966
           0    0    0    0    0         -0.00219 -0.01495 -0.02337 -0.01546 -0.02176
           0    0    0    0    0          0.00004 -0.01474 -0.00546 -0.00374 -0.02601

     Exchange interaction between atoms   5 and  6:  -0.064 meV =     0 K (distance: 1.454)

       Orbital exchange interaction matrix J_{i,j,m,n} (in K and meV)
           0    0    0    0    0         -0.02835  0.02250 -0.02415  0.03426 -0.05811
           0    0    0    0    0         -0.01653  0.04964 -0.03574  0.05407 -0.05882
           0    0    0    0    0          0.01189 -0.01754  0.01314 -0.02116  0.03973
           0    0    0    0    0          0.00551 -0.00328 -0.01511  0.01396 -0.02592
           0    0    0    0   -1         -0.04525  0.03499 -0.04646  0.04475 -0.11258

     Exchange interaction between atoms   5 and  7:   0.009 meV =     0 K (distance: 1.000)

       Orbital exchange interaction matrix J_{i,j,m,n} (in K and meV)
           0    0    0    0    0          0.00037 -0.01350 -0.00289 -0.00485  0.01294
           0    0    0    0    0          0.06050  0.00017 -0.01541  0.00066  0.06628
           0    0    0    0    0         -0.00853 -0.00461 -0.03106  0.00057  0.01248
           0    0    0    1   -1         -0.06235 -0.01873 -0.03581  0.09114 -0.13462
           0    0    0    0    0         -0.05431 -0.02472  0.00279  0.01795 -0.05202

     Exchange interaction between atoms   5 and  8:  -3.010 meV =   -34 K (distance: 0.727)

       Orbital exchange interaction matrix J_{i,j,m,n} (in K and meV)
          -7   -1    8  -23    7         -0.67784 -0.11437  0.75285 -2.05823  0.68586
         -14   -9   -5  -23   13         -1.24880 -0.79132 -0.48089 -2.00617  1.18242
         -38    2    6  -37   58         -3.32304  0.23066  0.57493 -3.26651  4.99871
          16  -29  -23  -10  -44          1.45451 -2.53346 -1.99446 -0.87720 -3.87307
           5  -16  -27   12  -14          0.43455 -1.42880 -2.37084  1.03697 -1.23867

     Exchange interaction between atoms   5 and  9:  -0.022 meV =     0 K (distance: 1.590)

       Orbital exchange interaction matrix J_{i,j,m,n} (in K and meV)
           0    0    0    0    0         -0.01718 -0.00036 -0.00109  0.00333 -0.00536
           0    0    0    0    0         -0.00081 -0.00062 -0.00883  0.01304 -0.00995
           0    0    0    0    0         -0.00426 -0.00154 -0.00267 -0.01629  0.01360
           0    0    0    0    0          0.01214 -0.00779 -0.02228  0.00777 -0.01100
           0    0    0    0    0          0.00360  0.00034 -0.00582  0.01015 -0.00919

     Exchange interaction between atoms   5 and 10:  -0.024 meV =     0 K (distance: 1.623)

       Orbital exchange interaction matrix J_{i,j,m,n} (in K and meV)
           0    0    0    0    0         -0.00869  0.00586  0.00416 -0.00353  0.01379
           0    0    0    0    0         -0.00618  0.00195  0.01128 -0.00598  0.01853
           0    0    0    0    0         -0.01473  0.00488  0.00152 -0.01152  0.00042
           0    0    0    0    0          0.00321  0.01791 -0.00861 -0.01363 -0.00631
           0    0    0    0    0          0.00333  0.01346 -0.00261 -0.00402 -0.00511

     Exchange interaction between atoms   6 and  7:   0.095 meV =     1 K (distance: 1.056)

       Orbital exchange interaction matrix J_{i,j,m,n} (in K and meV)
           0    0    0    0    0          0.02357  0.03967 -0.00089  0.06799  0.05463
           0    0    0    0    0          0.01322  0.03566 -0.03200  0.06829  0.02937
           0    0    0    0    0         -0.00081 -0.02105 -0.04549 -0.07010 -0.04596
           0    2    0    1    4         -0.07411  0.19662  0.01851  0.09629  0.38660
           0    0    0    0    0         -0.02013 -0.01733 -0.01759 -0.03308 -0.01520

     Exchange interaction between atoms   6 and  8:  -0.022 meV =     0 K (distance: 1.590)

       Orbital exchange interaction matrix J_{i,j,m,n} (in K and meV)
           0    0    0    0    0         -0.01718 -0.00037 -0.00109  0.00334 -0.00537
           0    0    0    0    0         -0.00082 -0.00061 -0.00883  0.01306 -0.00997
           0    0    0    0    0         -0.00425 -0.00156 -0.00267 -0.01629  0.01362
           0    0    0    0    0          0.01215 -0.00780 -0.02227  0.00777 -0.01098
           0    0    0    0    0          0.00360  0.00035 -0.00582  0.01014 -0.00918

     Exchange interaction between atoms   6 and  9:  -3.010 meV =   -34 K (distance: 0.727)

       Orbital exchange interaction matrix J_{i,j,m,n} (in K and meV)
          -7   -1    8  -23    7         -0.67779 -0.11440  0.75282 -2.05819  0.68581
         -14   -9   -5  -23   13         -1.24877 -0.79134 -0.48091 -2.00614  1.18239
         -38    2    6  -37   58         -3.32304  0.23064  0.57490 -3.26645  4.99872
          16  -29  -23  -10  -44          1.45453 -2.53354 -1.99467 -0.87709 -3.87309
           5  -16  -27   12  -14          0.43449 -1.42881 -2.37086  1.03694 -1.23857

     Exchange interaction between atoms   6 and 10:  -2.043 meV =   -23 K (distance: 0.721)

       Orbital exchange interaction matrix J_{i,j,m,n} (in K and meV)
         -11   21   15   -7   -6         -0.99055  1.86133  1.33258 -0.68671 -0.52612
         -46   15   22    0   -3         -3.99562  1.35526  1.95111 -0.03060 -0.32707
         -23   37  -21  -12    0         -2.04074  3.21274 -1.88147 -1.08828  0.00621
          26   -9  -15   -5    0          2.24149 -0.80012 -1.29811 -0.45139 -0.02062
          16  -16    3    2    0          1.38429 -1.38868  0.31590  0.17496 -0.07489

     Exchange interaction between atoms   7 and  8:  -0.022 meV =     0 K (distance: 1.590)

       Orbital exchange interaction matrix J_{i,j,m,n} (in K and meV)
           0    0    0    0    0         -0.01022  0.00688  0.00845 -0.00741 -0.00567
           0    0    0    0    0          0.01049  0.01189  0.00908  0.00004 -0.02424
           0    0    0    0    0         -0.00012  0.01006 -0.00973 -0.01482  0.01810
           0    0    0    0    0          0.01416 -0.01751  0.01019 -0.00134 -0.00090
           0    0    0    0    0          0.00349 -0.01174  0.00388  0.00362 -0.01250

     Exchange interaction between atoms   7 and  9:  -3.010 meV =   -34 K (distance: 0.727)

       Orbital exchange interaction matrix J_{i,j,m,n} (in K and meV)
          -8    4    0   23  -11         -0.71290  0.37973  0.00036  2.00772 -0.99517
         -36    0    0   35  -53         -3.13490  0.05598 -0.02904  3.07119 -4.63250
          15   10   -7  -22   18          1.32436  0.92026 -0.64049 -1.92449  1.61318
         -18   30  -23   -9  -45         -1.63599  2.61409 -2.01582 -0.80347 -3.93818
          -2   23  -13   12  -10         -0.23479  2.06296 -1.13173  1.03705 -0.90911

     Exchange interaction between atoms   7 and 10:  -0.095 meV =    -1 K (distance: 1.279)

       Orbital exchange interaction matrix J_{i,j,m,n} (in K and meV)
           0    0    0    0    0         -0.01102 -0.01752  0.01405 -0.01363 -0.01571
           0    0    0    0    0          0.00206 -0.02718  0.01647 -0.01304 -0.00030
           0    0    0    0    0         -0.04889 -0.00489 -0.00330  0.00800  0.01166
           0    0    0    0    0          0.00185 -0.01653  0.00703 -0.07170 -0.02638
           0    0    0    0    0         -0.00581  0.01432 -0.00110 -0.02385  0.01834

     Exchange interaction between atoms   8 and  9:   0.059 meV =     0 K (distance: 2.000)

       Orbital exchange interaction matrix J_{i,j,m,n} (in K and meV)
           0    0    0    0    0         -0.00946 -0.03663  0.01081 -0.00962  0.00912
           0    0    0    0    0          0.00766  0.04722 -0.02164  0.00287 -0.02437
           0    0    0    0    0          0.01238 -0.01183  0.01461 -0.01220 -0.01331
           0    0    0    0    0         -0.00074  0.00242 -0.01672  0.01478  0.00149
           0    0    0    0    0         -0.00555  0.00097  0.00885 -0.00848 -0.00846

     Exchange interaction between atoms   8 and 10:   0.053 meV =     0 K (distance: 1.746)

       Orbital exchange interaction matrix J_{i,j,m,n} (in K and meV)
           0    0    0    0    0          0.01055 -0.00860  0.00468 -0.00588 -0.00215
           0    0    0    0    0         -0.00310  0.02545 -0.01269  0.00319  0.00833
           0    0    0    0    0         -0.00177  0.00829  0.00308 -0.00545 -0.00007
           0    0    0    0    0         -0.00656 -0.00388  0.00911  0.00847 -0.01023
           0    0    0    0    0          0.00310  0.00241  0.00050 -0.00019  0.00500

     Exchange interaction between atoms   9 and 10:   0.038 meV =     0 K (distance: 1.024)

       Orbital exchange interaction matrix J_{i,j,m,n} (in K and meV)
           0    0    0    0    0         -0.04023 -0.06463 -0.04457 -0.04342 -0.03513
           0    0    1    0    0         -0.04235  0.01407  0.08619  0.03860  0.02617
           1    1    0    0    0          0.15849  0.16827  0.00725  0.04191  0.02249
           1    1    0    0    0          0.10865  0.13374  0.07643  0.07287  0.04075
           0    0    0    0    0         -0.01786 -0.02273 -0.02660 -0.02102 -0.01585

     Computed orbitals occupations should coincide with your DFT results
     If they differ significantly - check your integration contour.

     For atom  1 spin 1
        Orbital 1 occupation:  0.445
        Orbital 2 occupation:  0.835
        Orbital 3 occupation:  0.921
        Orbital 4 occupation:  0.889
        Orbital 5 occupation:  0.427

     For atom  1 spin 2
        Orbital 1 occupation:  0.154
        Orbital 2 occupation:  0.102
        Orbital 3 occupation:  0.087
        Orbital 4 occupation:  0.092
        Orbital 5 occupation:  0.154

     For atom  2 spin 1
        Orbital 1 occupation:  0.154
        Orbital 2 occupation:  0.102
        Orbital 3 occupation:  0.087
        Orbital 4 occupation:  0.092
        Orbital 5 occupation:  0.154

     For atom  2 spin 2
        Orbital 1 occupation:  0.445
        Orbital 2 occupation:  0.835
        Orbital 3 occupation:  0.921
        Orbital 4 occupation:  0.889
        Orbital 5 occupation:  0.427

     For atom  3 spin 1
        Orbital 1 occupation:  0.154
        Orbital 2 occupation:  0.102
        Orbital 3 occupation:  0.087
        Orbital 4 occupation:  0.092
        Orbital 5 occupation:  0.154

     For atom  3 spin 2
        Orbital 1 occupation:  0.445
        Orbital 2 occupation:  0.835
        Orbital 3 occupation:  0.921
        Orbital 4 occupation:  0.889
        Orbital 5 occupation:  0.427

     For atom  4 spin 1
        Orbital 1 occupation:  0.154
        Orbital 2 occupation:  0.102
        Orbital 3 occupation:  0.087
        Orbital 4 occupation:  0.092
        Orbital 5 occupation:  0.154

     For atom  4 spin 2
        Orbital 1 occupation:  0.445
        Orbital 2 occupation:  0.835
        Orbital 3 occupation:  0.921
        Orbital 4 occupation:  0.889
        Orbital 5 occupation:  0.427

     For atom  5 spin 1
        Orbital 1 occupation:  0.154
        Orbital 2 occupation:  0.102
        Orbital 3 occupation:  0.087
        Orbital 4 occupation:  0.092
        Orbital 5 occupation:  0.154

     For atom  5 spin 2
        Orbital 1 occupation:  0.445
        Orbital 2 occupation:  0.835
        Orbital 3 occupation:  0.921
        Orbital 4 occupation:  0.889
        Orbital 5 occupation:  0.427

     For atom  6 spin 1
        Orbital 1 occupation:  0.154
        Orbital 2 occupation:  0.102
        Orbital 3 occupation:  0.087
        Orbital 4 occupation:  0.092
        Orbital 5 occupation:  0.154

     For atom  6 spin 2
        Orbital 1 occupation:  0.445
        Orbital 2 occupation:  0.835
        Orbital 3 occupation:  0.921
        Orbital 4 occupation:  0.889
        Orbital 5 occupation:  0.427

     For atom  7 spin 1
        Orbital 1 occupation:  0.154
        Orbital 2 occupation:  0.102
        Orbital 3 occupation:  0.087
        Orbital 4 occupation:  0.092
        Orbital 5 occupation:  0.154

     For atom  7 spin 2
        Orbital 1 occupation:  0.445
        Orbital 2 occupation:  0.835
        Orbital 3 occupation:  0.921
        Orbital 4 occupation:  0.889
        Orbital 5 occupation:  0.427

     For atom  8 spin 1
        Orbital 1 occupation:  0.445
        Orbital 2 occupation:  0.835
        Orbital 3 occupation:  0.921
        Orbital 4 occupation:  0.889
        Orbital 5 occupation:  0.427

     For atom  8 spin 2
        Orbital 1 occupation:  0.154
        Orbital 2 occupation:  0.102
        Orbital 3 occupation:  0.087
        Orbital 4 occupation:  0.092
        Orbital 5 occupation:  0.154

     For atom  9 spin 1
        Orbital 1 occupation:  0.445
        Orbital 2 occupation:  0.835
        Orbital 3 occupation:  0.921
        Orbital 4 occupation:  0.889
        Orbital 5 occupation:  0.427

     For atom  9 spin 2
        Orbital 1 occupation:  0.154
        Orbital 2 occupation:  0.102
        Orbital 3 occupation:  0.087
        Orbital 4 occupation:  0.092
        Orbital 5 occupation:  0.154

     For atom 10 spin 1
        Orbital 1 occupation:  0.445
        Orbital 2 occupation:  0.835
        Orbital 3 occupation:  0.921
        Orbital 4 occupation:  0.889
        Orbital 5 occupation:  0.427

     For atom 10 spin 2
        Orbital 1 occupation:  0.154
        Orbital 2 occupation:  0.102
        Orbital 3 occupation:  0.087
        Orbital 4 occupation:  0.092
        Orbital 5 occupation:  0.154

     Execution time:  372 seconds
